TimeQuest Timing Analyzer report for g47_enigma
Mon Feb 01 09:50:27 2016
Quartus II 64-Bit Version 13.0.1 Build 232 06/12/2013 Service Pack 1 SJ Web Edition


---------------------
; Table of Contents ;
---------------------
  1. Legal Notice
  2. TimeQuest Timing Analyzer Summary
  3. Parallel Compilation
  4. Clocks
  5. Slow Model Fmax Summary
  6. Slow Model Setup Summary
  7. Slow Model Hold Summary
  8. Slow Model Recovery Summary
  9. Slow Model Removal Summary
 10. Slow Model Minimum Pulse Width Summary
 11. Propagation Delay
 12. Minimum Propagation Delay
 13. Fast Model Setup Summary
 14. Fast Model Hold Summary
 15. Fast Model Recovery Summary
 16. Fast Model Removal Summary
 17. Fast Model Minimum Pulse Width Summary
 18. Propagation Delay
 19. Minimum Propagation Delay
 20. Multicorner Timing Analysis Summary
 21. Progagation Delay
 22. Minimum Progagation Delay
 23. Clock Transfers
 24. Report TCCS
 25. Report RSKM
 26. Unconstrained Paths
 27. TimeQuest Timing Analyzer Messages



----------------
; Legal Notice ;
----------------
Copyright (C) 1991-2013 Altera Corporation
Your use of Altera Corporation's design tools, logic functions 
and other software and tools, and its AMPP partner logic 
functions, and any output files from any of the foregoing 
(including device programming or simulation files), and any 
associated documentation or information are expressly subject 
to the terms and conditions of the Altera Program License 
Subscription Agreement, Altera MegaCore Function License 
Agreement, or other applicable license agreement, including, 
without limitation, that your use is for the sole purpose of 
programming logic devices manufactured by Altera and sold by 
Altera or its authorized distributors.  Please refer to the 
applicable agreement for further details.



+----------------------------------------------------------------------------------------+
; TimeQuest Timing Analyzer Summary                                                      ;
+--------------------+-------------------------------------------------------------------+
; Quartus II Version ; Version 13.0.1 Build 232 06/12/2013 Service Pack 1 SJ Web Edition ;
; Revision Name      ; g47_enigma                                                        ;
; Device Family      ; Cyclone II                                                        ;
; Device Name        ; EP2C20F484C7                                                      ;
; Timing Models      ; Final                                                             ;
; Delay Model        ; Combined                                                          ;
; Rise/Fall Delays   ; Unavailable                                                       ;
+--------------------+-------------------------------------------------------------------+


+------------------------------------------+
; Parallel Compilation                     ;
+----------------------------+-------------+
; Processors                 ; Number      ;
+----------------------------+-------------+
; Number detected on machine ; 2           ;
; Maximum allowed            ; 2           ;
;                            ;             ;
; Average used               ; 1.00        ;
; Maximum used               ; 1           ;
;                            ;             ;
; Usage by Processor         ; % Time Used ;
;     Processor 1            ; 100.0%      ;
;     Processor 2            ;   0.0%      ;
+----------------------------+-------------+


----------
; Clocks ;
----------
No clocks to report.


---------------------------
; Slow Model Fmax Summary ;
---------------------------
No paths to report.


----------------------------
; Slow Model Setup Summary ;
----------------------------
No paths to report.


---------------------------
; Slow Model Hold Summary ;
---------------------------
No paths to report.


-------------------------------
; Slow Model Recovery Summary ;
-------------------------------
No paths to report.


------------------------------
; Slow Model Removal Summary ;
------------------------------
No paths to report.


------------------------------------------
; Slow Model Minimum Pulse Width Summary ;
------------------------------------------
No paths to report.


+--------------------------------------------------------------+
; Propagation Delay                                            ;
+------------+-------------+--------+--------+--------+--------+
; Input Port ; Output Port ; RR     ; RF     ; FR     ; FF     ;
+------------+-------------+--------+--------+--------+--------+
; INDEX[0]   ; D[0]        ;        ; 11.447 ; 11.447 ;        ;
; INDEX[0]   ; D[1]        ; 11.342 ;        ;        ; 11.342 ;
; INDEX[0]   ; D[2]        ;        ; 11.695 ; 11.695 ;        ;
; INDEX[0]   ; D[3]        ; 10.848 ;        ;        ; 10.848 ;
; INDEX[0]   ; D[4]        ;        ; 10.961 ; 10.961 ;        ;
; INDEX[0]   ; D[5]        ; 11.067 ;        ;        ; 11.067 ;
; INDEX[0]   ; D[6]        ;        ; 11.454 ; 11.454 ;        ;
; INDEX[0]   ; D[7]        ; 11.038 ;        ;        ; 11.038 ;
; INDEX[0]   ; D[8]        ;        ; 10.934 ; 10.934 ;        ;
; INDEX[0]   ; D[9]        ; 11.346 ;        ;        ; 11.346 ;
; INDEX[0]   ; D[10]       ;        ; 11.171 ; 11.171 ;        ;
; INDEX[0]   ; D[11]       ; 11.279 ;        ;        ; 11.279 ;
; INDEX[0]   ; D[12]       ;        ; 10.686 ; 10.686 ;        ;
; INDEX[0]   ; D[13]       ; 11.087 ;        ;        ; 11.087 ;
; INDEX[0]   ; D[14]       ;        ; 11.423 ; 11.423 ;        ;
; INDEX[0]   ; D[15]       ; 11.435 ;        ;        ; 11.435 ;
; INDEX[0]   ; D[16]       ;        ; 11.586 ; 11.586 ;        ;
; INDEX[0]   ; D[17]       ; 11.015 ;        ;        ; 11.015 ;
; INDEX[0]   ; D[18]       ;        ; 11.920 ; 11.920 ;        ;
; INDEX[0]   ; D[19]       ; 11.273 ;        ;        ; 11.273 ;
; INDEX[0]   ; D[20]       ;        ; 11.585 ; 11.585 ;        ;
; INDEX[0]   ; D[21]       ; 10.789 ;        ;        ; 10.789 ;
; INDEX[0]   ; D[22]       ;        ; 11.862 ; 11.862 ;        ;
; INDEX[0]   ; D[23]       ; 11.342 ;        ;        ; 11.342 ;
; INDEX[0]   ; D[24]       ;        ; 11.807 ; 11.807 ;        ;
; INDEX[0]   ; D[25]       ; 11.050 ;        ;        ; 11.050 ;
; INDEX[1]   ; D[0]        ;        ; 10.665 ; 10.665 ;        ;
; INDEX[1]   ; D[1]        ;        ; 12.265 ; 12.265 ;        ;
; INDEX[1]   ; D[2]        ; 10.955 ;        ;        ; 10.955 ;
; INDEX[1]   ; D[3]        ; 12.340 ;        ;        ; 12.340 ;
; INDEX[1]   ; D[4]        ;        ; 11.977 ; 11.977 ;        ;
; INDEX[1]   ; D[5]        ;        ; 12.024 ; 12.024 ;        ;
; INDEX[1]   ; D[6]        ; 10.700 ;        ;        ; 10.700 ;
; INDEX[1]   ; D[7]        ; 12.034 ;        ;        ; 12.034 ;
; INDEX[1]   ; D[8]        ;        ; 11.890 ; 11.890 ;        ;
; INDEX[1]   ; D[9]        ;        ; 12.276 ; 12.276 ;        ;
; INDEX[1]   ; D[10]       ; 12.652 ;        ;        ; 12.652 ;
; INDEX[1]   ; D[11]       ; 12.757 ;        ;        ; 12.757 ;
; INDEX[1]   ; D[12]       ;        ; 11.693 ; 11.693 ;        ;
; INDEX[1]   ; D[13]       ;        ; 12.040 ; 12.040 ;        ;
; INDEX[1]   ; D[14]       ; 12.476 ;        ;        ; 12.476 ;
; INDEX[1]   ; D[15]       ; 12.431 ;        ;        ; 12.431 ;
; INDEX[1]   ; D[16]       ;        ; 10.964 ; 10.964 ;        ;
; INDEX[1]   ; D[17]       ;        ; 11.880 ; 11.880 ;        ;
; INDEX[1]   ; D[18]       ; 11.346 ;        ;        ; 11.346 ;
; INDEX[1]   ; D[19]       ; 12.721 ;        ;        ; 12.721 ;
; INDEX[1]   ; D[20]       ;        ; 10.966 ; 10.966 ;        ;
; INDEX[1]   ; D[21]       ;        ; 11.722 ; 11.722 ;        ;
; INDEX[1]   ; D[22]       ; 11.287 ;        ;        ; 11.287 ;
; INDEX[1]   ; D[23]       ; 12.333 ;        ;        ; 12.333 ;
; INDEX[1]   ; D[24]       ;        ; 11.171 ; 11.171 ;        ;
; INDEX[1]   ; D[25]       ;        ; 11.957 ; 11.957 ;        ;
; INDEX[1]   ; ERROR       ; 10.989 ;        ;        ; 10.989 ;
; INDEX[2]   ; D[0]        ;        ; 10.626 ; 10.626 ;        ;
; INDEX[2]   ; D[1]        ;        ; 12.001 ; 12.001 ;        ;
; INDEX[2]   ; D[2]        ;        ; 10.963 ; 10.963 ;        ;
; INDEX[2]   ; D[3]        ;        ; 12.003 ; 12.003 ;        ;
; INDEX[2]   ; D[4]        ; 11.718 ;        ;        ; 11.718 ;
; INDEX[2]   ; D[5]        ; 11.765 ;        ;        ; 11.765 ;
; INDEX[2]   ; D[6]        ; 10.718 ;        ;        ; 10.718 ;
; INDEX[2]   ; D[7]        ; 11.703 ;        ;        ; 11.703 ;
; INDEX[2]   ; D[8]        ;        ; 11.626 ; 11.626 ;        ;
; INDEX[2]   ; D[9]        ;        ; 12.012 ; 12.012 ;        ;
; INDEX[2]   ; D[10]       ;        ; 12.315 ; 12.315 ;        ;
; INDEX[2]   ; D[11]       ;        ; 12.420 ; 12.420 ;        ;
; INDEX[2]   ; D[12]       ; 11.434 ;        ;        ; 11.434 ;
; INDEX[2]   ; D[13]       ; 11.781 ;        ;        ; 11.781 ;
; INDEX[2]   ; D[14]       ; 12.145 ;        ;        ; 12.145 ;
; INDEX[2]   ; D[15]       ; 12.100 ;        ;        ; 12.100 ;
; INDEX[2]   ; D[16]       ;        ; 10.685 ; 10.685 ;        ;
; INDEX[2]   ; D[17]       ;        ; 11.616 ; 11.616 ;        ;
; INDEX[2]   ; D[18]       ;        ; 11.026 ; 11.026 ;        ;
; INDEX[2]   ; D[19]       ;        ; 12.384 ; 12.384 ;        ;
; INDEX[2]   ; D[20]       ; 10.684 ;        ;        ; 10.684 ;
; INDEX[2]   ; D[21]       ; 11.463 ;        ;        ; 11.463 ;
; INDEX[2]   ; D[22]       ; 10.965 ;        ;        ; 10.965 ;
; INDEX[2]   ; D[23]       ; 12.002 ;        ;        ; 12.002 ;
; INDEX[2]   ; D[24]       ;        ; 10.946 ; 10.946 ;        ;
; INDEX[2]   ; D[25]       ;        ; 11.693 ; 11.693 ;        ;
; INDEX[2]   ; ERROR       ; 10.677 ;        ;        ; 10.677 ;
; INDEX[3]   ; D[0]        ;        ; 11.369 ; 11.369 ;        ;
; INDEX[3]   ; D[1]        ;        ; 11.798 ; 11.798 ;        ;
; INDEX[3]   ; D[2]        ;        ; 11.567 ; 11.567 ;        ;
; INDEX[3]   ; D[3]        ;        ; 11.595 ; 11.595 ;        ;
; INDEX[3]   ; D[4]        ;        ; 11.478 ; 11.478 ;        ;
; INDEX[3]   ; D[5]        ;        ; 11.524 ; 11.524 ;        ;
; INDEX[3]   ; D[6]        ;        ; 11.321 ; 11.321 ;        ;
; INDEX[3]   ; D[7]        ;        ; 11.496 ; 11.496 ;        ;
; INDEX[3]   ; D[8]        ; 11.297 ;        ;        ; 11.297 ;
; INDEX[3]   ; D[9]        ; 11.795 ;        ;        ; 11.795 ;
; INDEX[3]   ; D[10]       ; 11.974 ;        ;        ; 11.974 ;
; INDEX[3]   ; D[11]       ; 12.080 ;        ;        ; 12.080 ;
; INDEX[3]   ; D[12]       ; 11.197 ;        ;        ; 11.197 ;
; INDEX[3]   ; D[13]       ; 11.539 ;        ;        ; 11.539 ;
; INDEX[3]   ; D[14]       ; 11.939 ;        ;        ; 11.939 ;
; INDEX[3]   ; D[15]       ; 11.880 ;        ;        ; 11.880 ;
; INDEX[3]   ; D[16]       ;        ; 10.994 ; 10.994 ;        ;
; INDEX[3]   ; D[17]       ;        ; 11.279 ; 11.279 ;        ;
; INDEX[3]   ; D[18]       ;        ; 11.327 ; 11.327 ;        ;
; INDEX[3]   ; D[19]       ;        ; 11.978 ; 11.978 ;        ;
; INDEX[3]   ; D[20]       ;        ; 10.986 ; 10.986 ;        ;
; INDEX[3]   ; D[21]       ;        ; 11.242 ; 11.242 ;        ;
; INDEX[3]   ; D[22]       ;        ; 11.267 ; 11.267 ;        ;
; INDEX[3]   ; D[23]       ;        ; 11.793 ; 11.793 ;        ;
; INDEX[3]   ; D[24]       ; 11.252 ;        ;        ; 11.252 ;
; INDEX[3]   ; D[25]       ; 11.494 ;        ;        ; 11.494 ;
; INDEX[3]   ; ERROR       ; 11.341 ;        ;        ; 11.341 ;
; INDEX[4]   ; D[0]        ;        ; 11.915 ; 11.915 ;        ;
; INDEX[4]   ; D[1]        ;        ; 11.700 ; 11.700 ;        ;
; INDEX[4]   ; D[2]        ;        ; 12.163 ; 12.163 ;        ;
; INDEX[4]   ; D[3]        ;        ; 11.068 ; 11.068 ;        ;
; INDEX[4]   ; D[4]        ;        ; 11.384 ; 11.384 ;        ;
; INDEX[4]   ; D[5]        ;        ; 11.429 ; 11.429 ;        ;
; INDEX[4]   ; D[6]        ;        ; 11.922 ; 11.922 ;        ;
; INDEX[4]   ; D[7]        ;        ; 11.398 ; 11.398 ;        ;
; INDEX[4]   ; D[8]        ;        ; 11.498 ; 11.498 ;        ;
; INDEX[4]   ; D[9]        ;        ; 11.700 ; 11.700 ;        ;
; INDEX[4]   ; D[10]       ;        ; 11.389 ; 11.389 ;        ;
; INDEX[4]   ; D[11]       ;        ; 11.494 ; 11.494 ;        ;
; INDEX[4]   ; D[12]       ;        ; 11.106 ; 11.106 ;        ;
; INDEX[4]   ; D[13]       ;        ; 11.445 ; 11.445 ;        ;
; INDEX[4]   ; D[14]       ;        ; 11.841 ; 11.841 ;        ;
; INDEX[4]   ; D[15]       ;        ; 11.789 ; 11.789 ;        ;
; INDEX[4]   ; D[16]       ; 12.466 ;        ;        ; 12.466 ;
; INDEX[4]   ; D[17]       ; 11.592 ;        ;        ; 11.592 ;
; INDEX[4]   ; D[18]       ; 12.800 ;        ;        ; 12.800 ;
; INDEX[4]   ; D[19]       ; 11.489 ;        ;        ; 11.489 ;
; INDEX[4]   ; D[20]       ; 12.465 ;        ;        ; 12.465 ;
; INDEX[4]   ; D[21]       ; 11.199 ;        ;        ; 11.199 ;
; INDEX[4]   ; D[22]       ; 12.742 ;        ;        ; 12.742 ;
; INDEX[4]   ; D[23]       ; 11.752 ;        ;        ; 11.752 ;
; INDEX[4]   ; D[24]       ; 12.687 ;        ;        ; 12.687 ;
; INDEX[4]   ; D[25]       ; 11.458 ;        ;        ; 11.458 ;
; INDEX[4]   ; ERROR       ; 10.923 ;        ;        ; 10.923 ;
+------------+-------------+--------+--------+--------+--------+


+--------------------------------------------------------------+
; Minimum Propagation Delay                                    ;
+------------+-------------+--------+--------+--------+--------+
; Input Port ; Output Port ; RR     ; RF     ; FR     ; FF     ;
+------------+-------------+--------+--------+--------+--------+
; INDEX[0]   ; D[0]        ;        ; 11.447 ; 11.447 ;        ;
; INDEX[0]   ; D[1]        ; 11.342 ;        ;        ; 11.342 ;
; INDEX[0]   ; D[2]        ;        ; 11.695 ; 11.695 ;        ;
; INDEX[0]   ; D[3]        ; 10.848 ;        ;        ; 10.848 ;
; INDEX[0]   ; D[4]        ;        ; 10.961 ; 10.961 ;        ;
; INDEX[0]   ; D[5]        ; 11.067 ;        ;        ; 11.067 ;
; INDEX[0]   ; D[6]        ;        ; 11.454 ; 11.454 ;        ;
; INDEX[0]   ; D[7]        ; 11.038 ;        ;        ; 11.038 ;
; INDEX[0]   ; D[8]        ;        ; 10.934 ; 10.934 ;        ;
; INDEX[0]   ; D[9]        ; 11.346 ;        ;        ; 11.346 ;
; INDEX[0]   ; D[10]       ;        ; 11.171 ; 11.171 ;        ;
; INDEX[0]   ; D[11]       ; 11.279 ;        ;        ; 11.279 ;
; INDEX[0]   ; D[12]       ;        ; 10.686 ; 10.686 ;        ;
; INDEX[0]   ; D[13]       ; 11.087 ;        ;        ; 11.087 ;
; INDEX[0]   ; D[14]       ;        ; 11.423 ; 11.423 ;        ;
; INDEX[0]   ; D[15]       ; 11.435 ;        ;        ; 11.435 ;
; INDEX[0]   ; D[16]       ;        ; 11.586 ; 11.586 ;        ;
; INDEX[0]   ; D[17]       ; 11.015 ;        ;        ; 11.015 ;
; INDEX[0]   ; D[18]       ;        ; 11.920 ; 11.920 ;        ;
; INDEX[0]   ; D[19]       ; 11.273 ;        ;        ; 11.273 ;
; INDEX[0]   ; D[20]       ;        ; 11.585 ; 11.585 ;        ;
; INDEX[0]   ; D[21]       ; 10.789 ;        ;        ; 10.789 ;
; INDEX[0]   ; D[22]       ;        ; 11.862 ; 11.862 ;        ;
; INDEX[0]   ; D[23]       ; 11.342 ;        ;        ; 11.342 ;
; INDEX[0]   ; D[24]       ;        ; 11.807 ; 11.807 ;        ;
; INDEX[0]   ; D[25]       ; 11.050 ;        ;        ; 11.050 ;
; INDEX[1]   ; D[0]        ;        ; 10.665 ; 10.665 ;        ;
; INDEX[1]   ; D[1]        ;        ; 12.265 ; 12.265 ;        ;
; INDEX[1]   ; D[2]        ; 10.955 ;        ;        ; 10.955 ;
; INDEX[1]   ; D[3]        ; 12.340 ;        ;        ; 12.340 ;
; INDEX[1]   ; D[4]        ;        ; 11.977 ; 11.977 ;        ;
; INDEX[1]   ; D[5]        ;        ; 12.024 ; 12.024 ;        ;
; INDEX[1]   ; D[6]        ; 10.700 ;        ;        ; 10.700 ;
; INDEX[1]   ; D[7]        ; 12.034 ;        ;        ; 12.034 ;
; INDEX[1]   ; D[8]        ;        ; 11.890 ; 11.890 ;        ;
; INDEX[1]   ; D[9]        ;        ; 12.276 ; 12.276 ;        ;
; INDEX[1]   ; D[10]       ; 12.652 ;        ;        ; 12.652 ;
; INDEX[1]   ; D[11]       ; 12.757 ;        ;        ; 12.757 ;
; INDEX[1]   ; D[12]       ;        ; 11.693 ; 11.693 ;        ;
; INDEX[1]   ; D[13]       ;        ; 12.040 ; 12.040 ;        ;
; INDEX[1]   ; D[14]       ; 12.476 ;        ;        ; 12.476 ;
; INDEX[1]   ; D[15]       ; 12.431 ;        ;        ; 12.431 ;
; INDEX[1]   ; D[16]       ;        ; 10.964 ; 10.964 ;        ;
; INDEX[1]   ; D[17]       ;        ; 11.880 ; 11.880 ;        ;
; INDEX[1]   ; D[18]       ; 11.346 ;        ;        ; 11.346 ;
; INDEX[1]   ; D[19]       ; 12.721 ;        ;        ; 12.721 ;
; INDEX[1]   ; D[20]       ;        ; 10.966 ; 10.966 ;        ;
; INDEX[1]   ; D[21]       ;        ; 11.722 ; 11.722 ;        ;
; INDEX[1]   ; D[22]       ; 11.287 ;        ;        ; 11.287 ;
; INDEX[1]   ; D[23]       ; 12.333 ;        ;        ; 12.333 ;
; INDEX[1]   ; D[24]       ;        ; 11.171 ; 11.171 ;        ;
; INDEX[1]   ; D[25]       ;        ; 11.957 ; 11.957 ;        ;
; INDEX[1]   ; ERROR       ; 10.989 ;        ;        ; 10.989 ;
; INDEX[2]   ; D[0]        ;        ; 10.626 ; 10.626 ;        ;
; INDEX[2]   ; D[1]        ;        ; 12.001 ; 12.001 ;        ;
; INDEX[2]   ; D[2]        ;        ; 10.963 ; 10.963 ;        ;
; INDEX[2]   ; D[3]        ;        ; 12.003 ; 12.003 ;        ;
; INDEX[2]   ; D[4]        ; 11.718 ;        ;        ; 11.718 ;
; INDEX[2]   ; D[5]        ; 11.765 ;        ;        ; 11.765 ;
; INDEX[2]   ; D[6]        ; 10.718 ;        ;        ; 10.718 ;
; INDEX[2]   ; D[7]        ; 11.703 ;        ;        ; 11.703 ;
; INDEX[2]   ; D[8]        ;        ; 11.626 ; 11.626 ;        ;
; INDEX[2]   ; D[9]        ;        ; 12.012 ; 12.012 ;        ;
; INDEX[2]   ; D[10]       ;        ; 12.315 ; 12.315 ;        ;
; INDEX[2]   ; D[11]       ;        ; 12.420 ; 12.420 ;        ;
; INDEX[2]   ; D[12]       ; 11.434 ;        ;        ; 11.434 ;
; INDEX[2]   ; D[13]       ; 11.781 ;        ;        ; 11.781 ;
; INDEX[2]   ; D[14]       ; 12.145 ;        ;        ; 12.145 ;
; INDEX[2]   ; D[15]       ; 12.100 ;        ;        ; 12.100 ;
; INDEX[2]   ; D[16]       ;        ; 10.685 ; 10.685 ;        ;
; INDEX[2]   ; D[17]       ;        ; 11.616 ; 11.616 ;        ;
; INDEX[2]   ; D[18]       ;        ; 11.026 ; 11.026 ;        ;
; INDEX[2]   ; D[19]       ;        ; 12.384 ; 12.384 ;        ;
; INDEX[2]   ; D[20]       ; 10.684 ;        ;        ; 10.684 ;
; INDEX[2]   ; D[21]       ; 11.463 ;        ;        ; 11.463 ;
; INDEX[2]   ; D[22]       ; 10.965 ;        ;        ; 10.965 ;
; INDEX[2]   ; D[23]       ; 12.002 ;        ;        ; 12.002 ;
; INDEX[2]   ; D[24]       ;        ; 10.946 ; 10.946 ;        ;
; INDEX[2]   ; D[25]       ;        ; 11.693 ; 11.693 ;        ;
; INDEX[2]   ; ERROR       ; 10.677 ;        ;        ; 10.677 ;
; INDEX[3]   ; D[0]        ;        ; 11.369 ; 11.369 ;        ;
; INDEX[3]   ; D[1]        ;        ; 11.798 ; 11.798 ;        ;
; INDEX[3]   ; D[2]        ;        ; 11.567 ; 11.567 ;        ;
; INDEX[3]   ; D[3]        ;        ; 11.595 ; 11.595 ;        ;
; INDEX[3]   ; D[4]        ;        ; 11.478 ; 11.478 ;        ;
; INDEX[3]   ; D[5]        ;        ; 11.524 ; 11.524 ;        ;
; INDEX[3]   ; D[6]        ;        ; 11.321 ; 11.321 ;        ;
; INDEX[3]   ; D[7]        ;        ; 11.496 ; 11.496 ;        ;
; INDEX[3]   ; D[8]        ; 11.297 ;        ;        ; 11.297 ;
; INDEX[3]   ; D[9]        ; 11.795 ;        ;        ; 11.795 ;
; INDEX[3]   ; D[10]       ; 11.974 ;        ;        ; 11.974 ;
; INDEX[3]   ; D[11]       ; 12.080 ;        ;        ; 12.080 ;
; INDEX[3]   ; D[12]       ; 11.197 ;        ;        ; 11.197 ;
; INDEX[3]   ; D[13]       ; 11.539 ;        ;        ; 11.539 ;
; INDEX[3]   ; D[14]       ; 11.939 ;        ;        ; 11.939 ;
; INDEX[3]   ; D[15]       ; 11.880 ;        ;        ; 11.880 ;
; INDEX[3]   ; D[16]       ;        ; 10.994 ; 10.994 ;        ;
; INDEX[3]   ; D[17]       ;        ; 11.279 ; 11.279 ;        ;
; INDEX[3]   ; D[18]       ;        ; 11.327 ; 11.327 ;        ;
; INDEX[3]   ; D[19]       ;        ; 11.978 ; 11.978 ;        ;
; INDEX[3]   ; D[20]       ;        ; 10.986 ; 10.986 ;        ;
; INDEX[3]   ; D[21]       ;        ; 11.242 ; 11.242 ;        ;
; INDEX[3]   ; D[22]       ;        ; 11.267 ; 11.267 ;        ;
; INDEX[3]   ; D[23]       ;        ; 11.793 ; 11.793 ;        ;
; INDEX[3]   ; D[24]       ; 11.252 ;        ;        ; 11.252 ;
; INDEX[3]   ; D[25]       ; 11.494 ;        ;        ; 11.494 ;
; INDEX[3]   ; ERROR       ; 11.341 ;        ;        ; 11.341 ;
; INDEX[4]   ; D[0]        ;        ; 11.915 ; 11.915 ;        ;
; INDEX[4]   ; D[1]        ;        ; 11.700 ; 11.700 ;        ;
; INDEX[4]   ; D[2]        ;        ; 12.163 ; 12.163 ;        ;
; INDEX[4]   ; D[3]        ;        ; 11.068 ; 11.068 ;        ;
; INDEX[4]   ; D[4]        ;        ; 11.384 ; 11.384 ;        ;
; INDEX[4]   ; D[5]        ;        ; 11.429 ; 11.429 ;        ;
; INDEX[4]   ; D[6]        ;        ; 11.922 ; 11.922 ;        ;
; INDEX[4]   ; D[7]        ;        ; 11.398 ; 11.398 ;        ;
; INDEX[4]   ; D[8]        ;        ; 11.498 ; 11.498 ;        ;
; INDEX[4]   ; D[9]        ;        ; 11.700 ; 11.700 ;        ;
; INDEX[4]   ; D[10]       ;        ; 11.389 ; 11.389 ;        ;
; INDEX[4]   ; D[11]       ;        ; 11.494 ; 11.494 ;        ;
; INDEX[4]   ; D[12]       ;        ; 11.106 ; 11.106 ;        ;
; INDEX[4]   ; D[13]       ;        ; 11.445 ; 11.445 ;        ;
; INDEX[4]   ; D[14]       ;        ; 11.841 ; 11.841 ;        ;
; INDEX[4]   ; D[15]       ;        ; 11.789 ; 11.789 ;        ;
; INDEX[4]   ; D[16]       ; 12.466 ;        ;        ; 12.466 ;
; INDEX[4]   ; D[17]       ; 11.592 ;        ;        ; 11.592 ;
; INDEX[4]   ; D[18]       ; 12.800 ;        ;        ; 12.800 ;
; INDEX[4]   ; D[19]       ; 11.489 ;        ;        ; 11.489 ;
; INDEX[4]   ; D[20]       ; 12.465 ;        ;        ; 12.465 ;
; INDEX[4]   ; D[21]       ; 11.199 ;        ;        ; 11.199 ;
; INDEX[4]   ; D[22]       ; 12.742 ;        ;        ; 12.742 ;
; INDEX[4]   ; D[23]       ; 11.752 ;        ;        ; 11.752 ;
; INDEX[4]   ; D[24]       ; 12.687 ;        ;        ; 12.687 ;
; INDEX[4]   ; D[25]       ; 11.458 ;        ;        ; 11.458 ;
; INDEX[4]   ; ERROR       ; 10.923 ;        ;        ; 10.923 ;
+------------+-------------+--------+--------+--------+--------+


----------------------------
; Fast Model Setup Summary ;
----------------------------
No paths to report.


---------------------------
; Fast Model Hold Summary ;
---------------------------
No paths to report.


-------------------------------
; Fast Model Recovery Summary ;
-------------------------------
No paths to report.


------------------------------
; Fast Model Removal Summary ;
------------------------------
No paths to report.


------------------------------------------
; Fast Model Minimum Pulse Width Summary ;
------------------------------------------
No paths to report.


+----------------------------------------------------------+
; Propagation Delay                                        ;
+------------+-------------+-------+-------+-------+-------+
; Input Port ; Output Port ; RR    ; RF    ; FR    ; FF    ;
+------------+-------------+-------+-------+-------+-------+
; INDEX[0]   ; D[0]        ;       ; 5.712 ; 5.712 ;       ;
; INDEX[0]   ; D[1]        ; 5.733 ;       ;       ; 5.733 ;
; INDEX[0]   ; D[2]        ;       ; 5.831 ; 5.831 ;       ;
; INDEX[0]   ; D[3]        ; 5.532 ;       ;       ; 5.532 ;
; INDEX[0]   ; D[4]        ;       ; 5.590 ; 5.590 ;       ;
; INDEX[0]   ; D[5]        ; 5.619 ;       ;       ; 5.619 ;
; INDEX[0]   ; D[6]        ;       ; 5.761 ; 5.761 ;       ;
; INDEX[0]   ; D[7]        ; 5.615 ;       ;       ; 5.615 ;
; INDEX[0]   ; D[8]        ;       ; 5.564 ; 5.564 ;       ;
; INDEX[0]   ; D[9]        ; 5.727 ;       ;       ; 5.727 ;
; INDEX[0]   ; D[10]       ;       ; 5.644 ; 5.644 ;       ;
; INDEX[0]   ; D[11]       ; 5.647 ;       ;       ; 5.647 ;
; INDEX[0]   ; D[12]       ;       ; 5.486 ; 5.486 ;       ;
; INDEX[0]   ; D[13]       ; 5.635 ;       ;       ; 5.635 ;
; INDEX[0]   ; D[14]       ;       ; 5.721 ; 5.721 ;       ;
; INDEX[0]   ; D[15]       ; 5.682 ;       ;       ; 5.682 ;
; INDEX[0]   ; D[16]       ;       ; 5.745 ; 5.745 ;       ;
; INDEX[0]   ; D[17]       ; 5.561 ;       ;       ; 5.561 ;
; INDEX[0]   ; D[18]       ;       ; 5.888 ; 5.888 ;       ;
; INDEX[0]   ; D[19]       ; 5.735 ;       ;       ; 5.735 ;
; INDEX[0]   ; D[20]       ;       ; 5.741 ; 5.741 ;       ;
; INDEX[0]   ; D[21]       ; 5.532 ;       ;       ; 5.532 ;
; INDEX[0]   ; D[22]       ;       ; 5.849 ; 5.849 ;       ;
; INDEX[0]   ; D[23]       ; 5.730 ;       ;       ; 5.730 ;
; INDEX[0]   ; D[24]       ;       ; 5.832 ; 5.832 ;       ;
; INDEX[0]   ; D[25]       ; 5.608 ;       ;       ; 5.608 ;
; INDEX[1]   ; D[0]        ;       ; 5.429 ; 5.429 ;       ;
; INDEX[1]   ; D[1]        ;       ; 6.033 ; 6.033 ;       ;
; INDEX[1]   ; D[2]        ; 5.541 ;       ;       ; 5.541 ;
; INDEX[1]   ; D[3]        ; 6.036 ;       ;       ; 6.036 ;
; INDEX[1]   ; D[4]        ;       ; 5.920 ; 5.920 ;       ;
; INDEX[1]   ; D[5]        ;       ; 5.947 ; 5.947 ;       ;
; INDEX[1]   ; D[6]        ; 5.464 ;       ;       ; 5.464 ;
; INDEX[1]   ; D[7]        ; 5.930 ;       ;       ; 5.930 ;
; INDEX[1]   ; D[8]        ;       ; 5.920 ; 5.920 ;       ;
; INDEX[1]   ; D[9]        ;       ; 6.041 ; 6.041 ;       ;
; INDEX[1]   ; D[10]       ; 6.165 ;       ;       ; 6.165 ;
; INDEX[1]   ; D[11]       ; 6.137 ;       ;       ; 6.137 ;
; INDEX[1]   ; D[12]       ;       ; 5.808 ; 5.808 ;       ;
; INDEX[1]   ; D[13]       ;       ; 5.966 ; 5.966 ;       ;
; INDEX[1]   ; D[14]       ; 6.040 ;       ;       ; 6.040 ;
; INDEX[1]   ; D[15]       ; 6.006 ;       ;       ; 6.006 ;
; INDEX[1]   ; D[16]       ;       ; 5.563 ; 5.563 ;       ;
; INDEX[1]   ; D[17]       ;       ; 5.916 ; 5.916 ;       ;
; INDEX[1]   ; D[18]       ; 5.689 ;       ;       ; 5.689 ;
; INDEX[1]   ; D[19]       ; 6.227 ;       ;       ; 6.227 ;
; INDEX[1]   ; D[20]       ;       ; 5.563 ; 5.563 ;       ;
; INDEX[1]   ; D[21]       ;       ; 5.841 ; 5.841 ;       ;
; INDEX[1]   ; D[22]       ; 5.651 ;       ;       ; 5.651 ;
; INDEX[1]   ; D[23]       ; 6.046 ;       ;       ; 6.046 ;
; INDEX[1]   ; D[24]       ;       ; 5.635 ; 5.635 ;       ;
; INDEX[1]   ; D[25]       ;       ; 5.908 ; 5.908 ;       ;
; INDEX[1]   ; ERROR       ; 5.552 ;       ;       ; 5.552 ;
; INDEX[2]   ; D[0]        ;       ; 5.483 ; 5.483 ;       ;
; INDEX[2]   ; D[1]        ;       ; 5.987 ; 5.987 ;       ;
; INDEX[2]   ; D[2]        ;       ; 5.600 ; 5.600 ;       ;
; INDEX[2]   ; D[3]        ;       ; 5.973 ; 5.973 ;       ;
; INDEX[2]   ; D[4]        ; 5.905 ;       ;       ; 5.905 ;
; INDEX[2]   ; D[5]        ; 5.932 ;       ;       ; 5.932 ;
; INDEX[2]   ; D[6]        ; 5.558 ;       ;       ; 5.558 ;
; INDEX[2]   ; D[7]        ; 5.900 ;       ;       ; 5.900 ;
; INDEX[2]   ; D[8]        ;       ; 5.874 ; 5.874 ;       ;
; INDEX[2]   ; D[9]        ;       ; 5.995 ; 5.995 ;       ;
; INDEX[2]   ; D[10]       ;       ; 6.102 ; 6.102 ;       ;
; INDEX[2]   ; D[11]       ;       ; 6.074 ; 6.074 ;       ;
; INDEX[2]   ; D[12]       ; 5.793 ;       ;       ; 5.793 ;
; INDEX[2]   ; D[13]       ; 5.951 ;       ;       ; 5.951 ;
; INDEX[2]   ; D[14]       ; 6.010 ;       ;       ; 6.010 ;
; INDEX[2]   ; D[15]       ; 5.976 ;       ;       ; 5.976 ;
; INDEX[2]   ; D[16]       ;       ; 5.497 ; 5.497 ;       ;
; INDEX[2]   ; D[17]       ;       ; 5.870 ; 5.870 ;       ;
; INDEX[2]   ; D[18]       ;       ; 5.646 ; 5.646 ;       ;
; INDEX[2]   ; D[19]       ;       ; 6.164 ; 6.164 ;       ;
; INDEX[2]   ; D[20]       ; 5.523 ;       ;       ; 5.523 ;
; INDEX[2]   ; D[21]       ; 5.826 ;       ;       ; 5.826 ;
; INDEX[2]   ; D[22]       ; 5.632 ;       ;       ; 5.632 ;
; INDEX[2]   ; D[23]       ; 6.016 ;       ;       ; 6.016 ;
; INDEX[2]   ; D[24]       ;       ; 5.588 ; 5.588 ;       ;
; INDEX[2]   ; D[25]       ;       ; 5.862 ; 5.862 ;       ;
; INDEX[2]   ; ERROR       ; 5.486 ;       ;       ; 5.486 ;
; INDEX[3]   ; D[0]        ;       ; 5.744 ; 5.744 ;       ;
; INDEX[3]   ; D[1]        ;       ; 5.954 ; 5.954 ;       ;
; INDEX[3]   ; D[2]        ;       ; 5.859 ; 5.859 ;       ;
; INDEX[3]   ; D[3]        ;       ; 5.880 ; 5.880 ;       ;
; INDEX[3]   ; D[4]        ;       ; 5.819 ; 5.819 ;       ;
; INDEX[3]   ; D[5]        ;       ; 5.845 ; 5.845 ;       ;
; INDEX[3]   ; D[6]        ;       ; 5.789 ; 5.789 ;       ;
; INDEX[3]   ; D[7]        ;       ; 5.836 ; 5.836 ;       ;
; INDEX[3]   ; D[8]        ; 5.755 ;       ;       ; 5.755 ;
; INDEX[3]   ; D[9]        ; 5.975 ;       ;       ; 5.975 ;
; INDEX[3]   ; D[10]       ; 6.008 ;       ;       ; 6.008 ;
; INDEX[3]   ; D[11]       ; 5.988 ;       ;       ; 5.988 ;
; INDEX[3]   ; D[12]       ; 5.736 ;       ;       ; 5.736 ;
; INDEX[3]   ; D[13]       ; 5.890 ;       ;       ; 5.890 ;
; INDEX[3]   ; D[14]       ; 5.973 ;       ;       ; 5.973 ;
; INDEX[3]   ; D[15]       ; 5.929 ;       ;       ; 5.929 ;
; INDEX[3]   ; D[16]       ;       ; 5.628 ; 5.628 ;       ;
; INDEX[3]   ; D[17]       ;       ; 5.742 ; 5.742 ;       ;
; INDEX[3]   ; D[18]       ;       ; 5.770 ; 5.770 ;       ;
; INDEX[3]   ; D[19]       ;       ; 6.075 ; 6.075 ;       ;
; INDEX[3]   ; D[20]       ;       ; 5.625 ; 5.625 ;       ;
; INDEX[3]   ; D[21]       ;       ; 5.754 ; 5.754 ;       ;
; INDEX[3]   ; D[22]       ;       ; 5.731 ; 5.731 ;       ;
; INDEX[3]   ; D[23]       ;       ; 5.951 ; 5.951 ;       ;
; INDEX[3]   ; D[24]       ; 5.715 ;       ;       ; 5.715 ;
; INDEX[3]   ; D[25]       ; 5.856 ;       ;       ; 5.856 ;
; INDEX[3]   ; ERROR       ; 5.752 ;       ;       ; 5.752 ;
; INDEX[4]   ; D[0]        ;       ; 5.882 ; 5.882 ;       ;
; INDEX[4]   ; D[1]        ;       ; 5.895 ; 5.895 ;       ;
; INDEX[4]   ; D[2]        ;       ; 6.001 ; 6.001 ;       ;
; INDEX[4]   ; D[3]        ;       ; 5.620 ; 5.620 ;       ;
; INDEX[4]   ; D[4]        ;       ; 5.762 ; 5.762 ;       ;
; INDEX[4]   ; D[5]        ;       ; 5.788 ; 5.788 ;       ;
; INDEX[4]   ; D[6]        ;       ; 5.931 ; 5.931 ;       ;
; INDEX[4]   ; D[7]        ;       ; 5.777 ; 5.777 ;       ;
; INDEX[4]   ; D[8]        ;       ; 5.800 ; 5.800 ;       ;
; INDEX[4]   ; D[9]        ;       ; 5.892 ; 5.892 ;       ;
; INDEX[4]   ; D[10]       ;       ; 5.749 ; 5.749 ;       ;
; INDEX[4]   ; D[11]       ;       ; 5.727 ; 5.727 ;       ;
; INDEX[4]   ; D[12]       ;       ; 5.653 ; 5.653 ;       ;
; INDEX[4]   ; D[13]       ;       ; 5.807 ; 5.807 ;       ;
; INDEX[4]   ; D[14]       ;       ; 5.888 ; 5.888 ;       ;
; INDEX[4]   ; D[15]       ;       ; 5.846 ; 5.846 ;       ;
; INDEX[4]   ; D[16]       ; 6.099 ;       ;       ; 6.099 ;
; INDEX[4]   ; D[17]       ; 5.797 ;       ;       ; 5.797 ;
; INDEX[4]   ; D[18]       ; 6.242 ;       ;       ; 6.242 ;
; INDEX[4]   ; D[19]       ; 5.816 ;       ;       ; 5.816 ;
; INDEX[4]   ; D[20]       ; 6.095 ;       ;       ; 6.095 ;
; INDEX[4]   ; D[21]       ; 5.702 ;       ;       ; 5.702 ;
; INDEX[4]   ; D[22]       ; 6.203 ;       ;       ; 6.203 ;
; INDEX[4]   ; D[23]       ; 5.899 ;       ;       ; 5.899 ;
; INDEX[4]   ; D[24]       ; 6.186 ;       ;       ; 6.186 ;
; INDEX[4]   ; D[25]       ; 5.778 ;       ;       ; 5.778 ;
; INDEX[4]   ; ERROR       ; 5.534 ;       ;       ; 5.534 ;
+------------+-------------+-------+-------+-------+-------+


+----------------------------------------------------------+
; Minimum Propagation Delay                                ;
+------------+-------------+-------+-------+-------+-------+
; Input Port ; Output Port ; RR    ; RF    ; FR    ; FF    ;
+------------+-------------+-------+-------+-------+-------+
; INDEX[0]   ; D[0]        ;       ; 5.712 ; 5.712 ;       ;
; INDEX[0]   ; D[1]        ; 5.733 ;       ;       ; 5.733 ;
; INDEX[0]   ; D[2]        ;       ; 5.831 ; 5.831 ;       ;
; INDEX[0]   ; D[3]        ; 5.532 ;       ;       ; 5.532 ;
; INDEX[0]   ; D[4]        ;       ; 5.590 ; 5.590 ;       ;
; INDEX[0]   ; D[5]        ; 5.619 ;       ;       ; 5.619 ;
; INDEX[0]   ; D[6]        ;       ; 5.761 ; 5.761 ;       ;
; INDEX[0]   ; D[7]        ; 5.615 ;       ;       ; 5.615 ;
; INDEX[0]   ; D[8]        ;       ; 5.564 ; 5.564 ;       ;
; INDEX[0]   ; D[9]        ; 5.727 ;       ;       ; 5.727 ;
; INDEX[0]   ; D[10]       ;       ; 5.644 ; 5.644 ;       ;
; INDEX[0]   ; D[11]       ; 5.647 ;       ;       ; 5.647 ;
; INDEX[0]   ; D[12]       ;       ; 5.486 ; 5.486 ;       ;
; INDEX[0]   ; D[13]       ; 5.635 ;       ;       ; 5.635 ;
; INDEX[0]   ; D[14]       ;       ; 5.721 ; 5.721 ;       ;
; INDEX[0]   ; D[15]       ; 5.682 ;       ;       ; 5.682 ;
; INDEX[0]   ; D[16]       ;       ; 5.745 ; 5.745 ;       ;
; INDEX[0]   ; D[17]       ; 5.561 ;       ;       ; 5.561 ;
; INDEX[0]   ; D[18]       ;       ; 5.888 ; 5.888 ;       ;
; INDEX[0]   ; D[19]       ; 5.735 ;       ;       ; 5.735 ;
; INDEX[0]   ; D[20]       ;       ; 5.741 ; 5.741 ;       ;
; INDEX[0]   ; D[21]       ; 5.532 ;       ;       ; 5.532 ;
; INDEX[0]   ; D[22]       ;       ; 5.849 ; 5.849 ;       ;
; INDEX[0]   ; D[23]       ; 5.730 ;       ;       ; 5.730 ;
; INDEX[0]   ; D[24]       ;       ; 5.832 ; 5.832 ;       ;
; INDEX[0]   ; D[25]       ; 5.608 ;       ;       ; 5.608 ;
; INDEX[1]   ; D[0]        ;       ; 5.429 ; 5.429 ;       ;
; INDEX[1]   ; D[1]        ;       ; 6.033 ; 6.033 ;       ;
; INDEX[1]   ; D[2]        ; 5.541 ;       ;       ; 5.541 ;
; INDEX[1]   ; D[3]        ; 6.036 ;       ;       ; 6.036 ;
; INDEX[1]   ; D[4]        ;       ; 5.920 ; 5.920 ;       ;
; INDEX[1]   ; D[5]        ;       ; 5.947 ; 5.947 ;       ;
; INDEX[1]   ; D[6]        ; 5.464 ;       ;       ; 5.464 ;
; INDEX[1]   ; D[7]        ; 5.930 ;       ;       ; 5.930 ;
; INDEX[1]   ; D[8]        ;       ; 5.920 ; 5.920 ;       ;
; INDEX[1]   ; D[9]        ;       ; 6.041 ; 6.041 ;       ;
; INDEX[1]   ; D[10]       ; 6.165 ;       ;       ; 6.165 ;
; INDEX[1]   ; D[11]       ; 6.137 ;       ;       ; 6.137 ;
; INDEX[1]   ; D[12]       ;       ; 5.808 ; 5.808 ;       ;
; INDEX[1]   ; D[13]       ;       ; 5.966 ; 5.966 ;       ;
; INDEX[1]   ; D[14]       ; 6.040 ;       ;       ; 6.040 ;
; INDEX[1]   ; D[15]       ; 6.006 ;       ;       ; 6.006 ;
; INDEX[1]   ; D[16]       ;       ; 5.563 ; 5.563 ;       ;
; INDEX[1]   ; D[17]       ;       ; 5.916 ; 5.916 ;       ;
; INDEX[1]   ; D[18]       ; 5.689 ;       ;       ; 5.689 ;
; INDEX[1]   ; D[19]       ; 6.227 ;       ;       ; 6.227 ;
; INDEX[1]   ; D[20]       ;       ; 5.563 ; 5.563 ;       ;
; INDEX[1]   ; D[21]       ;       ; 5.841 ; 5.841 ;       ;
; INDEX[1]   ; D[22]       ; 5.651 ;       ;       ; 5.651 ;
; INDEX[1]   ; D[23]       ; 6.046 ;       ;       ; 6.046 ;
; INDEX[1]   ; D[24]       ;       ; 5.635 ; 5.635 ;       ;
; INDEX[1]   ; D[25]       ;       ; 5.908 ; 5.908 ;       ;
; INDEX[1]   ; ERROR       ; 5.552 ;       ;       ; 5.552 ;
; INDEX[2]   ; D[0]        ;       ; 5.483 ; 5.483 ;       ;
; INDEX[2]   ; D[1]        ;       ; 5.987 ; 5.987 ;       ;
; INDEX[2]   ; D[2]        ;       ; 5.600 ; 5.600 ;       ;
; INDEX[2]   ; D[3]        ;       ; 5.973 ; 5.973 ;       ;
; INDEX[2]   ; D[4]        ; 5.905 ;       ;       ; 5.905 ;
; INDEX[2]   ; D[5]        ; 5.932 ;       ;       ; 5.932 ;
; INDEX[2]   ; D[6]        ; 5.558 ;       ;       ; 5.558 ;
; INDEX[2]   ; D[7]        ; 5.900 ;       ;       ; 5.900 ;
; INDEX[2]   ; D[8]        ;       ; 5.874 ; 5.874 ;       ;
; INDEX[2]   ; D[9]        ;       ; 5.995 ; 5.995 ;       ;
; INDEX[2]   ; D[10]       ;       ; 6.102 ; 6.102 ;       ;
; INDEX[2]   ; D[11]       ;       ; 6.074 ; 6.074 ;       ;
; INDEX[2]   ; D[12]       ; 5.793 ;       ;       ; 5.793 ;
; INDEX[2]   ; D[13]       ; 5.951 ;       ;       ; 5.951 ;
; INDEX[2]   ; D[14]       ; 6.010 ;       ;       ; 6.010 ;
; INDEX[2]   ; D[15]       ; 5.976 ;       ;       ; 5.976 ;
; INDEX[2]   ; D[16]       ;       ; 5.497 ; 5.497 ;       ;
; INDEX[2]   ; D[17]       ;       ; 5.870 ; 5.870 ;       ;
; INDEX[2]   ; D[18]       ;       ; 5.646 ; 5.646 ;       ;
; INDEX[2]   ; D[19]       ;       ; 6.164 ; 6.164 ;       ;
; INDEX[2]   ; D[20]       ; 5.523 ;       ;       ; 5.523 ;
; INDEX[2]   ; D[21]       ; 5.826 ;       ;       ; 5.826 ;
; INDEX[2]   ; D[22]       ; 5.632 ;       ;       ; 5.632 ;
; INDEX[2]   ; D[23]       ; 6.016 ;       ;       ; 6.016 ;
; INDEX[2]   ; D[24]       ;       ; 5.588 ; 5.588 ;       ;
; INDEX[2]   ; D[25]       ;       ; 5.862 ; 5.862 ;       ;
; INDEX[2]   ; ERROR       ; 5.486 ;       ;       ; 5.486 ;
; INDEX[3]   ; D[0]        ;       ; 5.744 ; 5.744 ;       ;
; INDEX[3]   ; D[1]        ;       ; 5.954 ; 5.954 ;       ;
; INDEX[3]   ; D[2]        ;       ; 5.859 ; 5.859 ;       ;
; INDEX[3]   ; D[3]        ;       ; 5.880 ; 5.880 ;       ;
; INDEX[3]   ; D[4]        ;       ; 5.819 ; 5.819 ;       ;
; INDEX[3]   ; D[5]        ;       ; 5.845 ; 5.845 ;       ;
; INDEX[3]   ; D[6]        ;       ; 5.789 ; 5.789 ;       ;
; INDEX[3]   ; D[7]        ;       ; 5.836 ; 5.836 ;       ;
; INDEX[3]   ; D[8]        ; 5.755 ;       ;       ; 5.755 ;
; INDEX[3]   ; D[9]        ; 5.975 ;       ;       ; 5.975 ;
; INDEX[3]   ; D[10]       ; 6.008 ;       ;       ; 6.008 ;
; INDEX[3]   ; D[11]       ; 5.988 ;       ;       ; 5.988 ;
; INDEX[3]   ; D[12]       ; 5.736 ;       ;       ; 5.736 ;
; INDEX[3]   ; D[13]       ; 5.890 ;       ;       ; 5.890 ;
; INDEX[3]   ; D[14]       ; 5.973 ;       ;       ; 5.973 ;
; INDEX[3]   ; D[15]       ; 5.929 ;       ;       ; 5.929 ;
; INDEX[3]   ; D[16]       ;       ; 5.628 ; 5.628 ;       ;
; INDEX[3]   ; D[17]       ;       ; 5.742 ; 5.742 ;       ;
; INDEX[3]   ; D[18]       ;       ; 5.770 ; 5.770 ;       ;
; INDEX[3]   ; D[19]       ;       ; 6.075 ; 6.075 ;       ;
; INDEX[3]   ; D[20]       ;       ; 5.625 ; 5.625 ;       ;
; INDEX[3]   ; D[21]       ;       ; 5.754 ; 5.754 ;       ;
; INDEX[3]   ; D[22]       ;       ; 5.731 ; 5.731 ;       ;
; INDEX[3]   ; D[23]       ;       ; 5.951 ; 5.951 ;       ;
; INDEX[3]   ; D[24]       ; 5.715 ;       ;       ; 5.715 ;
; INDEX[3]   ; D[25]       ; 5.856 ;       ;       ; 5.856 ;
; INDEX[3]   ; ERROR       ; 5.752 ;       ;       ; 5.752 ;
; INDEX[4]   ; D[0]        ;       ; 5.882 ; 5.882 ;       ;
; INDEX[4]   ; D[1]        ;       ; 5.895 ; 5.895 ;       ;
; INDEX[4]   ; D[2]        ;       ; 6.001 ; 6.001 ;       ;
; INDEX[4]   ; D[3]        ;       ; 5.620 ; 5.620 ;       ;
; INDEX[4]   ; D[4]        ;       ; 5.762 ; 5.762 ;       ;
; INDEX[4]   ; D[5]        ;       ; 5.788 ; 5.788 ;       ;
; INDEX[4]   ; D[6]        ;       ; 5.931 ; 5.931 ;       ;
; INDEX[4]   ; D[7]        ;       ; 5.777 ; 5.777 ;       ;
; INDEX[4]   ; D[8]        ;       ; 5.800 ; 5.800 ;       ;
; INDEX[4]   ; D[9]        ;       ; 5.892 ; 5.892 ;       ;
; INDEX[4]   ; D[10]       ;       ; 5.749 ; 5.749 ;       ;
; INDEX[4]   ; D[11]       ;       ; 5.727 ; 5.727 ;       ;
; INDEX[4]   ; D[12]       ;       ; 5.653 ; 5.653 ;       ;
; INDEX[4]   ; D[13]       ;       ; 5.807 ; 5.807 ;       ;
; INDEX[4]   ; D[14]       ;       ; 5.888 ; 5.888 ;       ;
; INDEX[4]   ; D[15]       ;       ; 5.846 ; 5.846 ;       ;
; INDEX[4]   ; D[16]       ; 6.099 ;       ;       ; 6.099 ;
; INDEX[4]   ; D[17]       ; 5.797 ;       ;       ; 5.797 ;
; INDEX[4]   ; D[18]       ; 6.242 ;       ;       ; 6.242 ;
; INDEX[4]   ; D[19]       ; 5.816 ;       ;       ; 5.816 ;
; INDEX[4]   ; D[20]       ; 6.095 ;       ;       ; 6.095 ;
; INDEX[4]   ; D[21]       ; 5.702 ;       ;       ; 5.702 ;
; INDEX[4]   ; D[22]       ; 6.203 ;       ;       ; 6.203 ;
; INDEX[4]   ; D[23]       ; 5.899 ;       ;       ; 5.899 ;
; INDEX[4]   ; D[24]       ; 6.186 ;       ;       ; 6.186 ;
; INDEX[4]   ; D[25]       ; 5.778 ;       ;       ; 5.778 ;
; INDEX[4]   ; ERROR       ; 5.534 ;       ;       ; 5.534 ;
+------------+-------------+-------+-------+-------+-------+


+----------------------------------------------------------------------------+
; Multicorner Timing Analysis Summary                                        ;
+------------------+-------+------+----------+---------+---------------------+
; Clock            ; Setup ; Hold ; Recovery ; Removal ; Minimum Pulse Width ;
+------------------+-------+------+----------+---------+---------------------+
; Worst-case Slack ; N/A   ; N/A  ; N/A      ; N/A     ; N/A                 ;
; Design-wide TNS  ; 0.0   ; 0.0  ; 0.0      ; 0.0     ; 0.0                 ;
+------------------+-------+------+----------+---------+---------------------+


+--------------------------------------------------------------+
; Progagation Delay                                            ;
+------------+-------------+--------+--------+--------+--------+
; Input Port ; Output Port ; RR     ; RF     ; FR     ; FF     ;
+------------+-------------+--------+--------+--------+--------+
; INDEX[0]   ; D[0]        ;        ; 11.447 ; 11.447 ;        ;
; INDEX[0]   ; D[1]        ; 11.342 ;        ;        ; 11.342 ;
; INDEX[0]   ; D[2]        ;        ; 11.695 ; 11.695 ;        ;
; INDEX[0]   ; D[3]        ; 10.848 ;        ;        ; 10.848 ;
; INDEX[0]   ; D[4]        ;        ; 10.961 ; 10.961 ;        ;
; INDEX[0]   ; D[5]        ; 11.067 ;        ;        ; 11.067 ;
; INDEX[0]   ; D[6]        ;        ; 11.454 ; 11.454 ;        ;
; INDEX[0]   ; D[7]        ; 11.038 ;        ;        ; 11.038 ;
; INDEX[0]   ; D[8]        ;        ; 10.934 ; 10.934 ;        ;
; INDEX[0]   ; D[9]        ; 11.346 ;        ;        ; 11.346 ;
; INDEX[0]   ; D[10]       ;        ; 11.171 ; 11.171 ;        ;
; INDEX[0]   ; D[11]       ; 11.279 ;        ;        ; 11.279 ;
; INDEX[0]   ; D[12]       ;        ; 10.686 ; 10.686 ;        ;
; INDEX[0]   ; D[13]       ; 11.087 ;        ;        ; 11.087 ;
; INDEX[0]   ; D[14]       ;        ; 11.423 ; 11.423 ;        ;
; INDEX[0]   ; D[15]       ; 11.435 ;        ;        ; 11.435 ;
; INDEX[0]   ; D[16]       ;        ; 11.586 ; 11.586 ;        ;
; INDEX[0]   ; D[17]       ; 11.015 ;        ;        ; 11.015 ;
; INDEX[0]   ; D[18]       ;        ; 11.920 ; 11.920 ;        ;
; INDEX[0]   ; D[19]       ; 11.273 ;        ;        ; 11.273 ;
; INDEX[0]   ; D[20]       ;        ; 11.585 ; 11.585 ;        ;
; INDEX[0]   ; D[21]       ; 10.789 ;        ;        ; 10.789 ;
; INDEX[0]   ; D[22]       ;        ; 11.862 ; 11.862 ;        ;
; INDEX[0]   ; D[23]       ; 11.342 ;        ;        ; 11.342 ;
; INDEX[0]   ; D[24]       ;        ; 11.807 ; 11.807 ;        ;
; INDEX[0]   ; D[25]       ; 11.050 ;        ;        ; 11.050 ;
; INDEX[1]   ; D[0]        ;        ; 10.665 ; 10.665 ;        ;
; INDEX[1]   ; D[1]        ;        ; 12.265 ; 12.265 ;        ;
; INDEX[1]   ; D[2]        ; 10.955 ;        ;        ; 10.955 ;
; INDEX[1]   ; D[3]        ; 12.340 ;        ;        ; 12.340 ;
; INDEX[1]   ; D[4]        ;        ; 11.977 ; 11.977 ;        ;
; INDEX[1]   ; D[5]        ;        ; 12.024 ; 12.024 ;        ;
; INDEX[1]   ; D[6]        ; 10.700 ;        ;        ; 10.700 ;
; INDEX[1]   ; D[7]        ; 12.034 ;        ;        ; 12.034 ;
; INDEX[1]   ; D[8]        ;        ; 11.890 ; 11.890 ;        ;
; INDEX[1]   ; D[9]        ;        ; 12.276 ; 12.276 ;        ;
; INDEX[1]   ; D[10]       ; 12.652 ;        ;        ; 12.652 ;
; INDEX[1]   ; D[11]       ; 12.757 ;        ;        ; 12.757 ;
; INDEX[1]   ; D[12]       ;        ; 11.693 ; 11.693 ;        ;
; INDEX[1]   ; D[13]       ;        ; 12.040 ; 12.040 ;        ;
; INDEX[1]   ; D[14]       ; 12.476 ;        ;        ; 12.476 ;
; INDEX[1]   ; D[15]       ; 12.431 ;        ;        ; 12.431 ;
; INDEX[1]   ; D[16]       ;        ; 10.964 ; 10.964 ;        ;
; INDEX[1]   ; D[17]       ;        ; 11.880 ; 11.880 ;        ;
; INDEX[1]   ; D[18]       ; 11.346 ;        ;        ; 11.346 ;
; INDEX[1]   ; D[19]       ; 12.721 ;        ;        ; 12.721 ;
; INDEX[1]   ; D[20]       ;        ; 10.966 ; 10.966 ;        ;
; INDEX[1]   ; D[21]       ;        ; 11.722 ; 11.722 ;        ;
; INDEX[1]   ; D[22]       ; 11.287 ;        ;        ; 11.287 ;
; INDEX[1]   ; D[23]       ; 12.333 ;        ;        ; 12.333 ;
; INDEX[1]   ; D[24]       ;        ; 11.171 ; 11.171 ;        ;
; INDEX[1]   ; D[25]       ;        ; 11.957 ; 11.957 ;        ;
; INDEX[1]   ; ERROR       ; 10.989 ;        ;        ; 10.989 ;
; INDEX[2]   ; D[0]        ;        ; 10.626 ; 10.626 ;        ;
; INDEX[2]   ; D[1]        ;        ; 12.001 ; 12.001 ;        ;
; INDEX[2]   ; D[2]        ;        ; 10.963 ; 10.963 ;        ;
; INDEX[2]   ; D[3]        ;        ; 12.003 ; 12.003 ;        ;
; INDEX[2]   ; D[4]        ; 11.718 ;        ;        ; 11.718 ;
; INDEX[2]   ; D[5]        ; 11.765 ;        ;        ; 11.765 ;
; INDEX[2]   ; D[6]        ; 10.718 ;        ;        ; 10.718 ;
; INDEX[2]   ; D[7]        ; 11.703 ;        ;        ; 11.703 ;
; INDEX[2]   ; D[8]        ;        ; 11.626 ; 11.626 ;        ;
; INDEX[2]   ; D[9]        ;        ; 12.012 ; 12.012 ;        ;
; INDEX[2]   ; D[10]       ;        ; 12.315 ; 12.315 ;        ;
; INDEX[2]   ; D[11]       ;        ; 12.420 ; 12.420 ;        ;
; INDEX[2]   ; D[12]       ; 11.434 ;        ;        ; 11.434 ;
; INDEX[2]   ; D[13]       ; 11.781 ;        ;        ; 11.781 ;
; INDEX[2]   ; D[14]       ; 12.145 ;        ;        ; 12.145 ;
; INDEX[2]   ; D[15]       ; 12.100 ;        ;        ; 12.100 ;
; INDEX[2]   ; D[16]       ;        ; 10.685 ; 10.685 ;        ;
; INDEX[2]   ; D[17]       ;        ; 11.616 ; 11.616 ;        ;
; INDEX[2]   ; D[18]       ;        ; 11.026 ; 11.026 ;        ;
; INDEX[2]   ; D[19]       ;        ; 12.384 ; 12.384 ;        ;
; INDEX[2]   ; D[20]       ; 10.684 ;        ;        ; 10.684 ;
; INDEX[2]   ; D[21]       ; 11.463 ;        ;        ; 11.463 ;
; INDEX[2]   ; D[22]       ; 10.965 ;        ;        ; 10.965 ;
; INDEX[2]   ; D[23]       ; 12.002 ;        ;        ; 12.002 ;
; INDEX[2]   ; D[24]       ;        ; 10.946 ; 10.946 ;        ;
; INDEX[2]   ; D[25]       ;        ; 11.693 ; 11.693 ;        ;
; INDEX[2]   ; ERROR       ; 10.677 ;        ;        ; 10.677 ;
; INDEX[3]   ; D[0]        ;        ; 11.369 ; 11.369 ;        ;
; INDEX[3]   ; D[1]        ;        ; 11.798 ; 11.798 ;        ;
; INDEX[3]   ; D[2]        ;        ; 11.567 ; 11.567 ;        ;
; INDEX[3]   ; D[3]        ;        ; 11.595 ; 11.595 ;        ;
; INDEX[3]   ; D[4]        ;        ; 11.478 ; 11.478 ;        ;
; INDEX[3]   ; D[5]        ;        ; 11.524 ; 11.524 ;        ;
; INDEX[3]   ; D[6]        ;        ; 11.321 ; 11.321 ;        ;
; INDEX[3]   ; D[7]        ;        ; 11.496 ; 11.496 ;        ;
; INDEX[3]   ; D[8]        ; 11.297 ;        ;        ; 11.297 ;
; INDEX[3]   ; D[9]        ; 11.795 ;        ;        ; 11.795 ;
; INDEX[3]   ; D[10]       ; 11.974 ;        ;        ; 11.974 ;
; INDEX[3]   ; D[11]       ; 12.080 ;        ;        ; 12.080 ;
; INDEX[3]   ; D[12]       ; 11.197 ;        ;        ; 11.197 ;
; INDEX[3]   ; D[13]       ; 11.539 ;        ;        ; 11.539 ;
; INDEX[3]   ; D[14]       ; 11.939 ;        ;        ; 11.939 ;
; INDEX[3]   ; D[15]       ; 11.880 ;        ;        ; 11.880 ;
; INDEX[3]   ; D[16]       ;        ; 10.994 ; 10.994 ;        ;
; INDEX[3]   ; D[17]       ;        ; 11.279 ; 11.279 ;        ;
; INDEX[3]   ; D[18]       ;        ; 11.327 ; 11.327 ;        ;
; INDEX[3]   ; D[19]       ;        ; 11.978 ; 11.978 ;        ;
; INDEX[3]   ; D[20]       ;        ; 10.986 ; 10.986 ;        ;
; INDEX[3]   ; D[21]       ;        ; 11.242 ; 11.242 ;        ;
; INDEX[3]   ; D[22]       ;        ; 11.267 ; 11.267 ;        ;
; INDEX[3]   ; D[23]       ;        ; 11.793 ; 11.793 ;        ;
; INDEX[3]   ; D[24]       ; 11.252 ;        ;        ; 11.252 ;
; INDEX[3]   ; D[25]       ; 11.494 ;        ;        ; 11.494 ;
; INDEX[3]   ; ERROR       ; 11.341 ;        ;        ; 11.341 ;
; INDEX[4]   ; D[0]        ;        ; 11.915 ; 11.915 ;        ;
; INDEX[4]   ; D[1]        ;        ; 11.700 ; 11.700 ;        ;
; INDEX[4]   ; D[2]        ;        ; 12.163 ; 12.163 ;        ;
; INDEX[4]   ; D[3]        ;        ; 11.068 ; 11.068 ;        ;
; INDEX[4]   ; D[4]        ;        ; 11.384 ; 11.384 ;        ;
; INDEX[4]   ; D[5]        ;        ; 11.429 ; 11.429 ;        ;
; INDEX[4]   ; D[6]        ;        ; 11.922 ; 11.922 ;        ;
; INDEX[4]   ; D[7]        ;        ; 11.398 ; 11.398 ;        ;
; INDEX[4]   ; D[8]        ;        ; 11.498 ; 11.498 ;        ;
; INDEX[4]   ; D[9]        ;        ; 11.700 ; 11.700 ;        ;
; INDEX[4]   ; D[10]       ;        ; 11.389 ; 11.389 ;        ;
; INDEX[4]   ; D[11]       ;        ; 11.494 ; 11.494 ;        ;
; INDEX[4]   ; D[12]       ;        ; 11.106 ; 11.106 ;        ;
; INDEX[4]   ; D[13]       ;        ; 11.445 ; 11.445 ;        ;
; INDEX[4]   ; D[14]       ;        ; 11.841 ; 11.841 ;        ;
; INDEX[4]   ; D[15]       ;        ; 11.789 ; 11.789 ;        ;
; INDEX[4]   ; D[16]       ; 12.466 ;        ;        ; 12.466 ;
; INDEX[4]   ; D[17]       ; 11.592 ;        ;        ; 11.592 ;
; INDEX[4]   ; D[18]       ; 12.800 ;        ;        ; 12.800 ;
; INDEX[4]   ; D[19]       ; 11.489 ;        ;        ; 11.489 ;
; INDEX[4]   ; D[20]       ; 12.465 ;        ;        ; 12.465 ;
; INDEX[4]   ; D[21]       ; 11.199 ;        ;        ; 11.199 ;
; INDEX[4]   ; D[22]       ; 12.742 ;        ;        ; 12.742 ;
; INDEX[4]   ; D[23]       ; 11.752 ;        ;        ; 11.752 ;
; INDEX[4]   ; D[24]       ; 12.687 ;        ;        ; 12.687 ;
; INDEX[4]   ; D[25]       ; 11.458 ;        ;        ; 11.458 ;
; INDEX[4]   ; ERROR       ; 10.923 ;        ;        ; 10.923 ;
+------------+-------------+--------+--------+--------+--------+


+----------------------------------------------------------+
; Minimum Progagation Delay                                ;
+------------+-------------+-------+-------+-------+-------+
; Input Port ; Output Port ; RR    ; RF    ; FR    ; FF    ;
+------------+-------------+-------+-------+-------+-------+
; INDEX[0]   ; D[0]        ;       ; 5.712 ; 5.712 ;       ;
; INDEX[0]   ; D[1]        ; 5.733 ;       ;       ; 5.733 ;
; INDEX[0]   ; D[2]        ;       ; 5.831 ; 5.831 ;       ;
; INDEX[0]   ; D[3]        ; 5.532 ;       ;       ; 5.532 ;
; INDEX[0]   ; D[4]        ;       ; 5.590 ; 5.590 ;       ;
; INDEX[0]   ; D[5]        ; 5.619 ;       ;       ; 5.619 ;
; INDEX[0]   ; D[6]        ;       ; 5.761 ; 5.761 ;       ;
; INDEX[0]   ; D[7]        ; 5.615 ;       ;       ; 5.615 ;
; INDEX[0]   ; D[8]        ;       ; 5.564 ; 5.564 ;       ;
; INDEX[0]   ; D[9]        ; 5.727 ;       ;       ; 5.727 ;
; INDEX[0]   ; D[10]       ;       ; 5.644 ; 5.644 ;       ;
; INDEX[0]   ; D[11]       ; 5.647 ;       ;       ; 5.647 ;
; INDEX[0]   ; D[12]       ;       ; 5.486 ; 5.486 ;       ;
; INDEX[0]   ; D[13]       ; 5.635 ;       ;       ; 5.635 ;
; INDEX[0]   ; D[14]       ;       ; 5.721 ; 5.721 ;       ;
; INDEX[0]   ; D[15]       ; 5.682 ;       ;       ; 5.682 ;
; INDEX[0]   ; D[16]       ;       ; 5.745 ; 5.745 ;       ;
; INDEX[0]   ; D[17]       ; 5.561 ;       ;       ; 5.561 ;
; INDEX[0]   ; D[18]       ;       ; 5.888 ; 5.888 ;       ;
; INDEX[0]   ; D[19]       ; 5.735 ;       ;       ; 5.735 ;
; INDEX[0]   ; D[20]       ;       ; 5.741 ; 5.741 ;       ;
; INDEX[0]   ; D[21]       ; 5.532 ;       ;       ; 5.532 ;
; INDEX[0]   ; D[22]       ;       ; 5.849 ; 5.849 ;       ;
; INDEX[0]   ; D[23]       ; 5.730 ;       ;       ; 5.730 ;
; INDEX[0]   ; D[24]       ;       ; 5.832 ; 5.832 ;       ;
; INDEX[0]   ; D[25]       ; 5.608 ;       ;       ; 5.608 ;
; INDEX[1]   ; D[0]        ;       ; 5.429 ; 5.429 ;       ;
; INDEX[1]   ; D[1]        ;       ; 6.033 ; 6.033 ;       ;
; INDEX[1]   ; D[2]        ; 5.541 ;       ;       ; 5.541 ;
; INDEX[1]   ; D[3]        ; 6.036 ;       ;       ; 6.036 ;
; INDEX[1]   ; D[4]        ;       ; 5.920 ; 5.920 ;       ;
; INDEX[1]   ; D[5]        ;       ; 5.947 ; 5.947 ;       ;
; INDEX[1]   ; D[6]        ; 5.464 ;       ;       ; 5.464 ;
; INDEX[1]   ; D[7]        ; 5.930 ;       ;       ; 5.930 ;
; INDEX[1]   ; D[8]        ;       ; 5.920 ; 5.920 ;       ;
; INDEX[1]   ; D[9]        ;       ; 6.041 ; 6.041 ;       ;
; INDEX[1]   ; D[10]       ; 6.165 ;       ;       ; 6.165 ;
; INDEX[1]   ; D[11]       ; 6.137 ;       ;       ; 6.137 ;
; INDEX[1]   ; D[12]       ;       ; 5.808 ; 5.808 ;       ;
; INDEX[1]   ; D[13]       ;       ; 5.966 ; 5.966 ;       ;
; INDEX[1]   ; D[14]       ; 6.040 ;       ;       ; 6.040 ;
; INDEX[1]   ; D[15]       ; 6.006 ;       ;       ; 6.006 ;
; INDEX[1]   ; D[16]       ;       ; 5.563 ; 5.563 ;       ;
; INDEX[1]   ; D[17]       ;       ; 5.916 ; 5.916 ;       ;
; INDEX[1]   ; D[18]       ; 5.689 ;       ;       ; 5.689 ;
; INDEX[1]   ; D[19]       ; 6.227 ;       ;       ; 6.227 ;
; INDEX[1]   ; D[20]       ;       ; 5.563 ; 5.563 ;       ;
; INDEX[1]   ; D[21]       ;       ; 5.841 ; 5.841 ;       ;
; INDEX[1]   ; D[22]       ; 5.651 ;       ;       ; 5.651 ;
; INDEX[1]   ; D[23]       ; 6.046 ;       ;       ; 6.046 ;
; INDEX[1]   ; D[24]       ;       ; 5.635 ; 5.635 ;       ;
; INDEX[1]   ; D[25]       ;       ; 5.908 ; 5.908 ;       ;
; INDEX[1]   ; ERROR       ; 5.552 ;       ;       ; 5.552 ;
; INDEX[2]   ; D[0]        ;       ; 5.483 ; 5.483 ;       ;
; INDEX[2]   ; D[1]        ;       ; 5.987 ; 5.987 ;       ;
; INDEX[2]   ; D[2]        ;       ; 5.600 ; 5.600 ;       ;
; INDEX[2]   ; D[3]        ;       ; 5.973 ; 5.973 ;       ;
; INDEX[2]   ; D[4]        ; 5.905 ;       ;       ; 5.905 ;
; INDEX[2]   ; D[5]        ; 5.932 ;       ;       ; 5.932 ;
; INDEX[2]   ; D[6]        ; 5.558 ;       ;       ; 5.558 ;
; INDEX[2]   ; D[7]        ; 5.900 ;       ;       ; 5.900 ;
; INDEX[2]   ; D[8]        ;       ; 5.874 ; 5.874 ;       ;
; INDEX[2]   ; D[9]        ;       ; 5.995 ; 5.995 ;       ;
; INDEX[2]   ; D[10]       ;       ; 6.102 ; 6.102 ;       ;
; INDEX[2]   ; D[11]       ;       ; 6.074 ; 6.074 ;       ;
; INDEX[2]   ; D[12]       ; 5.793 ;       ;       ; 5.793 ;
; INDEX[2]   ; D[13]       ; 5.951 ;       ;       ; 5.951 ;
; INDEX[2]   ; D[14]       ; 6.010 ;       ;       ; 6.010 ;
; INDEX[2]   ; D[15]       ; 5.976 ;       ;       ; 5.976 ;
; INDEX[2]   ; D[16]       ;       ; 5.497 ; 5.497 ;       ;
; INDEX[2]   ; D[17]       ;       ; 5.870 ; 5.870 ;       ;
; INDEX[2]   ; D[18]       ;       ; 5.646 ; 5.646 ;       ;
; INDEX[2]   ; D[19]       ;       ; 6.164 ; 6.164 ;       ;
; INDEX[2]   ; D[20]       ; 5.523 ;       ;       ; 5.523 ;
; INDEX[2]   ; D[21]       ; 5.826 ;       ;       ; 5.826 ;
; INDEX[2]   ; D[22]       ; 5.632 ;       ;       ; 5.632 ;
; INDEX[2]   ; D[23]       ; 6.016 ;       ;       ; 6.016 ;
; INDEX[2]   ; D[24]       ;       ; 5.588 ; 5.588 ;       ;
; INDEX[2]   ; D[25]       ;       ; 5.862 ; 5.862 ;       ;
; INDEX[2]   ; ERROR       ; 5.486 ;       ;       ; 5.486 ;
; INDEX[3]   ; D[0]        ;       ; 5.744 ; 5.744 ;       ;
; INDEX[3]   ; D[1]        ;       ; 5.954 ; 5.954 ;       ;
; INDEX[3]   ; D[2]        ;       ; 5.859 ; 5.859 ;       ;
; INDEX[3]   ; D[3]        ;       ; 5.880 ; 5.880 ;       ;
; INDEX[3]   ; D[4]        ;       ; 5.819 ; 5.819 ;       ;
; INDEX[3]   ; D[5]        ;       ; 5.845 ; 5.845 ;       ;
; INDEX[3]   ; D[6]        ;       ; 5.789 ; 5.789 ;       ;
; INDEX[3]   ; D[7]        ;       ; 5.836 ; 5.836 ;       ;
; INDEX[3]   ; D[8]        ; 5.755 ;       ;       ; 5.755 ;
; INDEX[3]   ; D[9]        ; 5.975 ;       ;       ; 5.975 ;
; INDEX[3]   ; D[10]       ; 6.008 ;       ;       ; 6.008 ;
; INDEX[3]   ; D[11]       ; 5.988 ;       ;       ; 5.988 ;
; INDEX[3]   ; D[12]       ; 5.736 ;       ;       ; 5.736 ;
; INDEX[3]   ; D[13]       ; 5.890 ;       ;       ; 5.890 ;
; INDEX[3]   ; D[14]       ; 5.973 ;       ;       ; 5.973 ;
; INDEX[3]   ; D[15]       ; 5.929 ;       ;       ; 5.929 ;
; INDEX[3]   ; D[16]       ;       ; 5.628 ; 5.628 ;       ;
; INDEX[3]   ; D[17]       ;       ; 5.742 ; 5.742 ;       ;
; INDEX[3]   ; D[18]       ;       ; 5.770 ; 5.770 ;       ;
; INDEX[3]   ; D[19]       ;       ; 6.075 ; 6.075 ;       ;
; INDEX[3]   ; D[20]       ;       ; 5.625 ; 5.625 ;       ;
; INDEX[3]   ; D[21]       ;       ; 5.754 ; 5.754 ;       ;
; INDEX[3]   ; D[22]       ;       ; 5.731 ; 5.731 ;       ;
; INDEX[3]   ; D[23]       ;       ; 5.951 ; 5.951 ;       ;
; INDEX[3]   ; D[24]       ; 5.715 ;       ;       ; 5.715 ;
; INDEX[3]   ; D[25]       ; 5.856 ;       ;       ; 5.856 ;
; INDEX[3]   ; ERROR       ; 5.752 ;       ;       ; 5.752 ;
; INDEX[4]   ; D[0]        ;       ; 5.882 ; 5.882 ;       ;
; INDEX[4]   ; D[1]        ;       ; 5.895 ; 5.895 ;       ;
; INDEX[4]   ; D[2]        ;       ; 6.001 ; 6.001 ;       ;
; INDEX[4]   ; D[3]        ;       ; 5.620 ; 5.620 ;       ;
; INDEX[4]   ; D[4]        ;       ; 5.762 ; 5.762 ;       ;
; INDEX[4]   ; D[5]        ;       ; 5.788 ; 5.788 ;       ;
; INDEX[4]   ; D[6]        ;       ; 5.931 ; 5.931 ;       ;
; INDEX[4]   ; D[7]        ;       ; 5.777 ; 5.777 ;       ;
; INDEX[4]   ; D[8]        ;       ; 5.800 ; 5.800 ;       ;
; INDEX[4]   ; D[9]        ;       ; 5.892 ; 5.892 ;       ;
; INDEX[4]   ; D[10]       ;       ; 5.749 ; 5.749 ;       ;
; INDEX[4]   ; D[11]       ;       ; 5.727 ; 5.727 ;       ;
; INDEX[4]   ; D[12]       ;       ; 5.653 ; 5.653 ;       ;
; INDEX[4]   ; D[13]       ;       ; 5.807 ; 5.807 ;       ;
; INDEX[4]   ; D[14]       ;       ; 5.888 ; 5.888 ;       ;
; INDEX[4]   ; D[15]       ;       ; 5.846 ; 5.846 ;       ;
; INDEX[4]   ; D[16]       ; 6.099 ;       ;       ; 6.099 ;
; INDEX[4]   ; D[17]       ; 5.797 ;       ;       ; 5.797 ;
; INDEX[4]   ; D[18]       ; 6.242 ;       ;       ; 6.242 ;
; INDEX[4]   ; D[19]       ; 5.816 ;       ;       ; 5.816 ;
; INDEX[4]   ; D[20]       ; 6.095 ;       ;       ; 6.095 ;
; INDEX[4]   ; D[21]       ; 5.702 ;       ;       ; 5.702 ;
; INDEX[4]   ; D[22]       ; 6.203 ;       ;       ; 6.203 ;
; INDEX[4]   ; D[23]       ; 5.899 ;       ;       ; 5.899 ;
; INDEX[4]   ; D[24]       ; 6.186 ;       ;       ; 6.186 ;
; INDEX[4]   ; D[25]       ; 5.778 ;       ;       ; 5.778 ;
; INDEX[4]   ; ERROR       ; 5.534 ;       ;       ; 5.534 ;
+------------+-------------+-------+-------+-------+-------+


-------------------
; Clock Transfers ;
-------------------
Nothing to report.


---------------
; Report TCCS ;
---------------
No dedicated SERDES Transmitter circuitry present in device or used in design


---------------
; Report RSKM ;
---------------
No dedicated SERDES Receiver circuitry present in device or used in design


+------------------------------------------------+
; Unconstrained Paths                            ;
+---------------------------------+-------+------+
; Property                        ; Setup ; Hold ;
+---------------------------------+-------+------+
; Illegal Clocks                  ; 0     ; 0    ;
; Unconstrained Clocks            ; 0     ; 0    ;
; Unconstrained Input Ports       ; 5     ; 5    ;
; Unconstrained Input Port Paths  ; 134   ; 134  ;
; Unconstrained Output Ports      ; 27    ; 27   ;
; Unconstrained Output Port Paths ; 134   ; 134  ;
+---------------------------------+-------+------+


+------------------------------------+
; TimeQuest Timing Analyzer Messages ;
+------------------------------------+
Info: *******************************************************************
Info: Running Quartus II 64-Bit TimeQuest Timing Analyzer
    Info: Version 13.0.1 Build 232 06/12/2013 Service Pack 1 SJ Web Edition
    Info: Processing started: Mon Feb 01 09:50:26 2016
Info: Command: quartus_sta g47_enigma -c g47_enigma
Info: qsta_default_script.tcl version: #1
Info (20030): Parallel compilation is enabled and will use 2 of the 2 processors detected
Info (21077): Low junction temperature is 0 degrees C
Info (21077): High junction temperature is 85 degrees C
Critical Warning (332012): Synopsys Design Constraints File file not found: 'g47_enigma.sdc'. A Synopsys Design Constraints File is required by the TimeQuest Timing Analyzer to get proper timing constraints. Without it, the Compiler will not properly optimize the design.
Info (332142): No user constrained base clocks found in the design. Calling "derive_clocks -period 1.0"
Info (332096): The command derive_clocks did not find any clocks to derive.  No clocks were created or changed.
Warning (332068): No clocks defined in design.
Info: Found TIMEQUEST_REPORT_SCRIPT_INCLUDE_DEFAULT_ANALYSIS = ON
Info (332159): No clocks to report
Info: Analyzing Slow Model
Info (332140): No fmax paths to report
Info (332140): No Setup paths to report
Info (332140): No Hold paths to report
Info (332140): No Recovery paths to report
Info (332140): No Removal paths to report
Info (332140): No Minimum Pulse Width paths to report
Info (332001): The selected device family is not supported by the report_metastability command.
Info: Analyzing Fast Model
Info (332142): No user constrained base clocks found in the design. Calling "derive_clocks -period 1.0"
Info (332096): The command derive_clocks did not find any clocks to derive.  No clocks were created or changed.
Warning (332068): No clocks defined in design.
Info (332140): No Setup paths to report
Info (332140): No Hold paths to report
Info (332140): No Recovery paths to report
Info (332140): No Removal paths to report
Info (332140): No Minimum Pulse Width paths to report
Info (332001): The selected device family is not supported by the report_metastability command.
Info (332102): Design is not fully constrained for setup requirements
Info (332102): Design is not fully constrained for hold requirements
Info: Quartus II 64-Bit TimeQuest Timing Analyzer was successful. 0 errors, 3 warnings
    Info: Peak virtual memory: 444 megabytes
    Info: Processing ended: Mon Feb 01 09:50:27 2016
    Info: Elapsed time: 00:00:01
    Info: Total CPU time (on all processors): 00:00:01


