Flow report for g47_enigma
Tue Apr 05 16:55:48 2016
Quartus II 64-Bit Version 13.0.1 Build 232 06/12/2013 Service Pack 1 SJ Web Edition


---------------------
; Table of Contents ;
---------------------
  1. Legal Notice
  2. Flow Summary
  3. Flow Settings
  4. Flow Non-Default Global Settings
  5. Flow Elapsed Time
  6. Flow OS Summary
  7. Flow Log
  8. Flow Messages
  9. Flow Suppressed Messages



----------------
; Legal Notice ;
----------------
Copyright (C) 1991-2013 Altera Corporation
Your use of Altera Corporation's design tools, logic functions 
and other software and tools, and its AMPP partner logic 
functions, and any output files from any of the foregoing 
(including device programming or simulation files), and any 
associated documentation or information are expressly subject 
to the terms and conditions of the Altera Program License 
Subscription Agreement, Altera MegaCore Function License 
Agreement, or other applicable license agreement, including, 
without limitation, that your use is for the sole purpose of 
programming logic devices manufactured by Altera and sold by 
Altera or its authorized distributors.  Please refer to the 
applicable agreement for further details.



+--------------------------------------------------------------------------------------+
; Flow Summary                                                                         ;
+------------------------------------+-------------------------------------------------+
; Flow Status                        ; Successful - Tue Apr 05 16:55:48 2016           ;
; Quartus II 64-Bit Version          ; 13.0.1 Build 232 06/12/2013 SP 1 SJ Web Edition ;
; Revision Name                      ; g47_enigma                                      ;
; Top-level Entity Name              ; g47_enigma                                      ;
; Family                             ; Cyclone II                                      ;
; Device                             ; EP2C20F484C7                                    ;
; Timing Models                      ; Final                                           ;
; Total logic elements               ; 6,043 / 18,752 ( 32 % )                         ;
;     Total combinational functions  ; 5,890 / 18,752 ( 31 % )                         ;
;     Dedicated logic registers      ; 369 / 18,752 ( 2 % )                            ;
; Total registers                    ; 369                                             ;
; Total pins                         ; 51 / 315 ( 16 % )                               ;
; Total virtual pins                 ; 0                                               ;
; Total memory bits                  ; 896 / 239,616 ( < 1 % )                         ;
; Embedded Multiplier 9-bit elements ; 0 / 52 ( 0 % )                                  ;
; Total PLLs                         ; 0 / 4 ( 0 % )                                   ;
+------------------------------------+-------------------------------------------------+


+-----------------------------------------+
; Flow Settings                           ;
+-------------------+---------------------+
; Option            ; Setting             ;
+-------------------+---------------------+
; Start date & time ; 04/05/2016 16:52:51 ;
; Main task         ; Compilation         ;
; Revision Name     ; g47_enigma          ;
+-------------------+---------------------+


+-------------------------------------------------------------------------------------------------------------------------------------------------------------------------+
; Flow Non-Default Global Settings                                                                                                                                        ;
+-------------------------------------+----------------------------------------------------------------------------------+---------------+-------------+------------------+
; Assignment Name                     ; Value                                                                            ; Default Value ; Entity Name ; Section Id       ;
+-------------------------------------+----------------------------------------------------------------------------------+---------------+-------------+------------------+
; COMPILER_SIGNATURE_ID               ; 121379134774.145988957104528                                                     ; --            ; --          ; --               ;
; EDA_OUTPUT_DATA_FORMAT              ; Vhdl                                                                             ; --            ; --          ; eda_simulation   ;
; EDA_SIMULATION_TOOL                 ; ModelSim-Altera (VHDL)                                                           ; <None>        ; --          ; --               ;
; ENABLE_SIGNALTAP                    ; On                                                                               ; --            ; --          ; --               ;
; MAX_CORE_JUNCTION_TEMP              ; 85                                                                               ; --            ; --          ; --               ;
; MIN_CORE_JUNCTION_TEMP              ; 0                                                                                ; --            ; --          ; --               ;
; PARTITION_COLOR                     ; 16764057                                                                         ; --            ; --          ; Top              ;
; PARTITION_FITTER_PRESERVATION_LEVEL ; PLACEMENT_AND_ROUTING                                                            ; --            ; --          ; Top              ;
; PARTITION_NETLIST_TYPE              ; SOURCE                                                                           ; --            ; --          ; Top              ;
; POWER_BOARD_THERMAL_MODEL           ; None (CONSERVATIVE)                                                              ; --            ; --          ; --               ;
; POWER_PRESET_COOLING_SOLUTION       ; 23 MM HEAT SINK WITH 200 LFPM AIRFLOW                                            ; --            ; --          ; --               ;
; PROJECT_OUTPUT_DIRECTORY            ; output_files                                                                     ; --            ; --          ; --               ;
; SLD_FILE                            ; Y:/DSD/src/g47_enigma/g47_testbed_auto_stripped.stp                              ; --            ; --          ; --               ;
; SLD_NODE_CREATOR_ID                 ; 110                                                                              ; --            ; --          ; auto_signaltap_0 ;
; SLD_NODE_ENTITY_NAME                ; sld_signaltap                                                                    ; --            ; --          ; auto_signaltap_0 ;
; SLD_NODE_PARAMETER_ASSIGNMENT       ; SLD_DATA_BITS=7                                                                  ; --            ; --          ; auto_signaltap_0 ;
; SLD_NODE_PARAMETER_ASSIGNMENT       ; SLD_TRIGGER_BITS=7                                                               ; --            ; --          ; auto_signaltap_0 ;
; SLD_NODE_PARAMETER_ASSIGNMENT       ; SLD_NODE_INFO=805334528                                                          ; --            ; --          ; auto_signaltap_0 ;
; SLD_NODE_PARAMETER_ASSIGNMENT       ; SLD_POWER_UP_TRIGGER=0                                                           ; --            ; --          ; auto_signaltap_0 ;
; SLD_NODE_PARAMETER_ASSIGNMENT       ; SLD_STORAGE_QUALIFIER_INVERSION_MASK_LENGTH=0                                    ; --            ; --          ; auto_signaltap_0 ;
; SLD_NODE_PARAMETER_ASSIGNMENT       ; SLD_SEGMENT_SIZE=128                                                             ; --            ; --          ; auto_signaltap_0 ;
; SLD_NODE_PARAMETER_ASSIGNMENT       ; SLD_ATTRIBUTE_MEM_MODE=OFF                                                       ; --            ; --          ; auto_signaltap_0 ;
; SLD_NODE_PARAMETER_ASSIGNMENT       ; SLD_NODE_CRC_LOWORD=26573                                                        ; --            ; --          ; auto_signaltap_0 ;
; SLD_NODE_PARAMETER_ASSIGNMENT       ; SLD_TRIGGER_LEVEL=1                                                              ; --            ; --          ; auto_signaltap_0 ;
; SLD_NODE_PARAMETER_ASSIGNMENT       ; SLD_SAMPLE_DEPTH=128                                                             ; --            ; --          ; auto_signaltap_0 ;
; SLD_NODE_PARAMETER_ASSIGNMENT       ; SLD_TRIGGER_IN_ENABLED=0                                                         ; --            ; --          ; auto_signaltap_0 ;
; SLD_NODE_PARAMETER_ASSIGNMENT       ; SLD_ADVANCED_TRIGGER_ENTITY=basic,1,                                             ; --            ; --          ; auto_signaltap_0 ;
; SLD_NODE_PARAMETER_ASSIGNMENT       ; SLD_TRIGGER_LEVEL_PIPELINE=1                                                     ; --            ; --          ; auto_signaltap_0 ;
; SLD_NODE_PARAMETER_ASSIGNMENT       ; SLD_ENABLE_ADVANCED_TRIGGER=0                                                    ; --            ; --          ; auto_signaltap_0 ;
; SLD_NODE_PARAMETER_ASSIGNMENT       ; SLD_INVERSION_MASK=00000000000000000000000000000000                              ; --            ; --          ; auto_signaltap_0 ;
; SLD_NODE_PARAMETER_ASSIGNMENT       ; SLD_INVERSION_MASK_LENGTH=32                                                     ; --            ; --          ; auto_signaltap_0 ;
; SLD_NODE_PARAMETER_ASSIGNMENT       ; SLD_STATE_FLOW_USE_GENERATED=1                                                   ; --            ; --          ; auto_signaltap_0 ;
; SLD_NODE_PARAMETER_ASSIGNMENT       ; SLD_STATE_BITS=2                                                                 ; --            ; --          ; auto_signaltap_0 ;
; SLD_NODE_PARAMETER_ASSIGNMENT       ; SLD_STATE_FLOW_MGR_ENTITY=sld_reserved_g47_enigma_auto_signaltap_0_flow_mgr_c90c ; --            ; --          ; auto_signaltap_0 ;
; SLD_NODE_PARAMETER_ASSIGNMENT       ; SLD_BUFFER_FULL_STOP=0                                                           ; --            ; --          ; auto_signaltap_0 ;
; SLD_NODE_PARAMETER_ASSIGNMENT       ; SLD_CURRENT_RESOURCE_WIDTH=0                                                     ; --            ; --          ; auto_signaltap_0 ;
; SLD_NODE_PARAMETER_ASSIGNMENT       ; SLD_NODE_CRC_HIWORD=42340                                                        ; --            ; --          ; auto_signaltap_0 ;
; USE_SIGNALTAP_FILE                  ; g47_testbed.stp                                                                  ; --            ; --          ; --               ;
+-------------------------------------+----------------------------------------------------------------------------------+---------------+-------------+------------------+


+-------------------------------------------------------------------------------------------------------------------------------+
; Flow Elapsed Time                                                                                                             ;
+---------------------------+--------------+-------------------------+---------------------+------------------------------------+
; Module Name               ; Elapsed Time ; Average Processors Used ; Peak Virtual Memory ; Total CPU Time (on all processors) ;
+---------------------------+--------------+-------------------------+---------------------+------------------------------------+
; Analysis & Synthesis      ; 00:01:51     ; 1.0                     ; 556 MB              ; 00:01:48                           ;
; Fitter                    ; 00:00:18     ; 1.2                     ; 913 MB              ; 00:00:20                           ;
; Assembler                 ; 00:00:02     ; 1.0                     ; 465 MB              ; 00:00:02                           ;
; TimeQuest Timing Analyzer ; 00:00:04     ; 1.0                     ; 556 MB              ; 00:00:03                           ;
; EDA Netlist Writer        ; 00:00:06     ; 1.0                     ; 472 MB              ; 00:00:04                           ;
; EDA Netlist Writer        ; 00:00:01     ; 1.0                     ; 443 MB              ; 00:00:01                           ;
; Total                     ; 00:02:22     ; --                      ; --                  ; 00:02:18                           ;
+---------------------------+--------------+-------------------------+---------------------+------------------------------------+


+----------------------------------------------------------------------------------------+
; Flow OS Summary                                                                        ;
+---------------------------+------------------+-----------+------------+----------------+
; Module Name               ; Machine Hostname ; OS Name   ; OS Version ; Processor type ;
+---------------------------+------------------+-----------+------------+----------------+
; Analysis & Synthesis      ; TIMFLICHYF410    ; Windows 7 ; 6.2        ; x86_64         ;
; Fitter                    ; TIMFLICHYF410    ; Windows 7 ; 6.2        ; x86_64         ;
; Assembler                 ; TIMFLICHYF410    ; Windows 7 ; 6.2        ; x86_64         ;
; TimeQuest Timing Analyzer ; TIMFLICHYF410    ; Windows 7 ; 6.2        ; x86_64         ;
; EDA Netlist Writer        ; TIMFLICHYF410    ; Windows 7 ; 6.2        ; x86_64         ;
; EDA Netlist Writer        ; TIMFLICHYF410    ; Windows 7 ; 6.2        ; x86_64         ;
+---------------------------+------------------+-----------+------------+----------------+


------------
; Flow Log ;
------------
quartus_map --read_settings_files=on --write_settings_files=off g47_enigma -c g47_enigma
quartus_fit --read_settings_files=off --write_settings_files=off g47_enigma -c g47_enigma
quartus_asm --read_settings_files=off --write_settings_files=off g47_enigma -c g47_enigma
quartus_sta g47_enigma -c g47_enigma
quartus_eda --read_settings_files=off --write_settings_files=off g47_enigma -c g47_enigma
quartus_eda --read_settings_files=on --write_settings_files=off g47_enigma -c g47_enigma --gen_testbench



