Analysis & Synthesis report for g47_enigma
Wed Mar 23 16:02:51 2016
Quartus II 32-bit Version 13.0.1 Build 232 06/12/2013 Service Pack 1 SJ Web Edition


---------------------
; Table of Contents ;
---------------------
  1. Legal Notice
  2. Analysis & Synthesis Summary
  3. Analysis & Synthesis Settings
  4. Analysis & Synthesis Source Files Read
  5. Analysis & Synthesis Resource Usage Summary
  6. Analysis & Synthesis Resource Utilization by Entity
  7. Analysis & Synthesis RAM Summary
  8. General Register Statistics
  9. Inverted Register Statistics
 10. Multiplexer Restructuring Statistics (Restructuring Performed)
 11. Parameter Settings for User Entity Instance: g47_pulse_generator:PULSE|LPM_COUNTER:COUNTER
 12. Parameter Settings for Inferred Entity Instance: sld_signaltap:auto_signaltap_0
 13. SignalTap II Logic Analyzer Settings
 14. Elapsed Time Per Partition
 15. Connections to In-System Debugging Instance "auto_signaltap_0"
 16. Analysis & Synthesis Messages



----------------
; Legal Notice ;
----------------
Copyright (C) 1991-2013 Altera Corporation
Your use of Altera Corporation's design tools, logic functions 
and other software and tools, and its AMPP partner logic 
functions, and any output files from any of the foregoing 
(including device programming or simulation files), and any 
associated documentation or information are expressly subject 
to the terms and conditions of the Altera Program License 
Subscription Agreement, Altera MegaCore Function License 
Agreement, or other applicable license agreement, including, 
without limitation, that your use is for the sole purpose of 
programming logic devices manufactured by Altera and sold by 
Altera or its authorized distributors.  Please refer to the 
applicable agreement for further details.



+--------------------------------------------------------------------------------------+
; Analysis & Synthesis Summary                                                         ;
+------------------------------------+-------------------------------------------------+
; Analysis & Synthesis Status        ; Successful - Wed Mar 23 16:02:51 2016           ;
; Quartus II 32-bit Version          ; 13.0.1 Build 232 06/12/2013 SP 1 SJ Web Edition ;
; Revision Name                      ; g47_enigma                                      ;
; Top-level Entity Name              ; g47_testbed                                     ;
; Family                             ; Cyclone II                                      ;
; Total logic elements               ; 797                                             ;
;     Total combinational functions  ; 605                                             ;
;     Dedicated logic registers      ; 421                                             ;
; Total registers                    ; 421                                             ;
; Total pins                         ; 16                                              ;
; Total virtual pins                 ; 0                                               ;
; Total memory bits                  ; 1,024                                           ;
; Embedded Multiplier 9-bit elements ; 0                                               ;
; Total PLLs                         ; 0                                               ;
+------------------------------------+-------------------------------------------------+


+----------------------------------------------------------------------------------------------------------------------+
; Analysis & Synthesis Settings                                                                                        ;
+----------------------------------------------------------------------------+--------------------+--------------------+
; Option                                                                     ; Setting            ; Default Value      ;
+----------------------------------------------------------------------------+--------------------+--------------------+
; Device                                                                     ; EP2C20F484C7       ;                    ;
; Top-level entity name                                                      ; g47_testbed        ; g47_enigma         ;
; Family name                                                                ; Cyclone II         ; Cyclone IV GX      ;
; Use smart compilation                                                      ; Off                ; Off                ;
; Enable parallel Assembler and TimeQuest Timing Analyzer during compilation ; On                 ; On                 ;
; Enable compact report table                                                ; Off                ; Off                ;
; Restructure Multiplexers                                                   ; Auto               ; Auto               ;
; Create Debugging Nodes for IP Cores                                        ; Off                ; Off                ;
; Preserve fewer node names                                                  ; On                 ; On                 ;
; Disable OpenCore Plus hardware evaluation                                  ; Off                ; Off                ;
; Verilog Version                                                            ; Verilog_2001       ; Verilog_2001       ;
; VHDL Version                                                               ; VHDL_1993          ; VHDL_1993          ;
; State Machine Processing                                                   ; Auto               ; Auto               ;
; Safe State Machine                                                         ; Off                ; Off                ;
; Extract Verilog State Machines                                             ; On                 ; On                 ;
; Extract VHDL State Machines                                                ; On                 ; On                 ;
; Ignore Verilog initial constructs                                          ; Off                ; Off                ;
; Iteration limit for constant Verilog loops                                 ; 5000               ; 5000               ;
; Iteration limit for non-constant Verilog loops                             ; 250                ; 250                ;
; Add Pass-Through Logic to Inferred RAMs                                    ; On                 ; On                 ;
; Infer RAMs from Raw Logic                                                  ; On                 ; On                 ;
; Parallel Synthesis                                                         ; On                 ; On                 ;
; DSP Block Balancing                                                        ; Auto               ; Auto               ;
; NOT Gate Push-Back                                                         ; On                 ; On                 ;
; Power-Up Don't Care                                                        ; On                 ; On                 ;
; Remove Redundant Logic Cells                                               ; Off                ; Off                ;
; Remove Duplicate Registers                                                 ; On                 ; On                 ;
; Ignore CARRY Buffers                                                       ; Off                ; Off                ;
; Ignore CASCADE Buffers                                                     ; Off                ; Off                ;
; Ignore GLOBAL Buffers                                                      ; Off                ; Off                ;
; Ignore ROW GLOBAL Buffers                                                  ; Off                ; Off                ;
; Ignore LCELL Buffers                                                       ; Off                ; Off                ;
; Ignore SOFT Buffers                                                        ; On                 ; On                 ;
; Limit AHDL Integers to 32 Bits                                             ; Off                ; Off                ;
; Optimization Technique                                                     ; Balanced           ; Balanced           ;
; Carry Chain Length                                                         ; 70                 ; 70                 ;
; Auto Carry Chains                                                          ; On                 ; On                 ;
; Auto Open-Drain Pins                                                       ; On                 ; On                 ;
; Perform WYSIWYG Primitive Resynthesis                                      ; Off                ; Off                ;
; Auto ROM Replacement                                                       ; On                 ; On                 ;
; Auto RAM Replacement                                                       ; On                 ; On                 ;
; Auto Shift Register Replacement                                            ; Auto               ; Auto               ;
; Allow Shift Register Merging across Hierarchies                            ; Auto               ; Auto               ;
; Auto Clock Enable Replacement                                              ; On                 ; On                 ;
; Strict RAM Replacement                                                     ; Off                ; Off                ;
; Allow Synchronous Control Signals                                          ; On                 ; On                 ;
; Force Use of Synchronous Clear Signals                                     ; Off                ; Off                ;
; Auto RAM to Logic Cell Conversion                                          ; Off                ; Off                ;
; Auto Resource Sharing                                                      ; Off                ; Off                ;
; Allow Any RAM Size For Recognition                                         ; Off                ; Off                ;
; Allow Any ROM Size For Recognition                                         ; Off                ; Off                ;
; Allow Any Shift Register Size For Recognition                              ; Off                ; Off                ;
; Use LogicLock Constraints during Resource Balancing                        ; On                 ; On                 ;
; Ignore translate_off and synthesis_off directives                          ; Off                ; Off                ;
; Timing-Driven Synthesis                                                    ; Off                ; Off                ;
; Report Parameter Settings                                                  ; On                 ; On                 ;
; Report Source Assignments                                                  ; On                 ; On                 ;
; Report Connectivity Checks                                                 ; On                 ; On                 ;
; Ignore Maximum Fan-Out Assignments                                         ; Off                ; Off                ;
; Synchronization Register Chain Length                                      ; 2                  ; 2                  ;
; PowerPlay Power Optimization                                               ; Normal compilation ; Normal compilation ;
; HDL message level                                                          ; Level2             ; Level2             ;
; Suppress Register Optimization Related Messages                            ; Off                ; Off                ;
; Number of Removed Registers Reported in Synthesis Report                   ; 5000               ; 5000               ;
; Number of Swept Nodes Reported in Synthesis Report                         ; 5000               ; 5000               ;
; Number of Inverted Registers Reported in Synthesis Report                  ; 100                ; 100                ;
; Clock MUX Protection                                                       ; On                 ; On                 ;
; Auto Gated Clock Conversion                                                ; Off                ; Off                ;
; Block Design Naming                                                        ; Auto               ; Auto               ;
; SDC constraint protection                                                  ; Off                ; Off                ;
; Synthesis Effort                                                           ; Auto               ; Auto               ;
; Shift Register Replacement - Allow Asynchronous Clear Signal               ; On                 ; On                 ;
; Pre-Mapping Resynthesis Optimization                                       ; Off                ; Off                ;
; Analysis & Synthesis Message Level                                         ; Medium             ; Medium             ;
; Disable Register Merging Across Hierarchies                                ; Auto               ; Auto               ;
; Resource Aware Inference For Block RAM                                     ; On                 ; On                 ;
; Synthesis Seed                                                             ; 1                  ; 1                  ;
+----------------------------------------------------------------------------+--------------------+--------------------+


+------------------------------------------------------------------------------------------------------------------------------------------------------------------------------+
; Analysis & Synthesis Source Files Read                                                                                                                                       ;
+----------------------------------+-----------------+------------------------------+--------------------------------------------------------------------------------+---------+
; File Name with User-Entered Path ; Used in Netlist ; File Type                    ; File Name with Absolute Path                                                   ; Library ;
+----------------------------------+-----------------+------------------------------+--------------------------------------------------------------------------------+---------+
; g47_testbed.vhd                  ; yes             ; User VHDL File               ; Z:/Documents/DSD_LAB/DSD_47/src/g47_enigma/g47_testbed.vhd                     ;         ;
; g47_26_barrelshift.vhd           ; yes             ; User VHDL File               ; Z:/Documents/DSD_LAB/DSD_47/src/g47_enigma/g47_26_barrelshift.vhd              ;         ;
; g47_26_5_encoder.vhd             ; yes             ; User VHDL File               ; Z:/Documents/DSD_LAB/DSD_47/src/g47_enigma/g47_26_5_encoder.vhd                ;         ;
; g47_7_segmentdecoder.vhd         ; yes             ; User VHDL File               ; Z:/Documents/DSD_LAB/DSD_47/src/g47_enigma/g47_7_segmentdecoder.vhd            ;         ;
; g47_5_26_decoder.vhd             ; yes             ; User VHDL File               ; Z:/Documents/DSD_LAB/DSD_47/src/g47_enigma/g47_5_26_decoder.vhd                ;         ;
; g47_0_25_counter.vhd             ; yes             ; User VHDL File               ; Z:/Documents/DSD_LAB/DSD_47/src/g47_enigma/g47_0_25_counter.vhd                ;         ;
; g47_pulse_generator.vhd          ; yes             ; Auto-Found VHDL File         ; Z:/Documents/DSD_LAB/DSD_47/src/g47_enigma/g47_pulse_generator.vhd             ;         ;
; lpm_counter.tdf                  ; yes             ; Megafunction                 ; c:/altera/13.0sp1/quartus/libraries/megafunctions/lpm_counter.tdf              ;         ;
; lpm_constant.inc                 ; yes             ; Megafunction                 ; c:/altera/13.0sp1/quartus/libraries/megafunctions/lpm_constant.inc             ;         ;
; lpm_decode.inc                   ; yes             ; Megafunction                 ; c:/altera/13.0sp1/quartus/libraries/megafunctions/lpm_decode.inc               ;         ;
; lpm_add_sub.inc                  ; yes             ; Megafunction                 ; c:/altera/13.0sp1/quartus/libraries/megafunctions/lpm_add_sub.inc              ;         ;
; cmpconst.inc                     ; yes             ; Megafunction                 ; c:/altera/13.0sp1/quartus/libraries/megafunctions/cmpconst.inc                 ;         ;
; lpm_compare.inc                  ; yes             ; Megafunction                 ; c:/altera/13.0sp1/quartus/libraries/megafunctions/lpm_compare.inc              ;         ;
; lpm_counter.inc                  ; yes             ; Megafunction                 ; c:/altera/13.0sp1/quartus/libraries/megafunctions/lpm_counter.inc              ;         ;
; dffeea.inc                       ; yes             ; Megafunction                 ; c:/altera/13.0sp1/quartus/libraries/megafunctions/dffeea.inc                   ;         ;
; alt_counter_stratix.inc          ; yes             ; Megafunction                 ; c:/altera/13.0sp1/quartus/libraries/megafunctions/alt_counter_stratix.inc      ;         ;
; aglobal130.inc                   ; yes             ; Megafunction                 ; c:/altera/13.0sp1/quartus/libraries/megafunctions/aglobal130.inc               ;         ;
; db/cntr_u5k.tdf                  ; yes             ; Auto-Generated Megafunction  ; Z:/Documents/DSD_LAB/DSD_47/src/g47_enigma/db/cntr_u5k.tdf                     ;         ;
; sld_signaltap.vhd                ; yes             ; Megafunction                 ; c:/altera/13.0sp1/quartus/libraries/megafunctions/sld_signaltap.vhd            ;         ;
; sld_signaltap_impl.vhd           ; yes             ; Encrypted Megafunction       ; c:/altera/13.0sp1/quartus/libraries/megafunctions/sld_signaltap_impl.vhd       ;         ;
; sld_ela_control.vhd              ; yes             ; Encrypted Megafunction       ; c:/altera/13.0sp1/quartus/libraries/megafunctions/sld_ela_control.vhd          ;         ;
; lpm_shiftreg.tdf                 ; yes             ; Megafunction                 ; c:/altera/13.0sp1/quartus/libraries/megafunctions/lpm_shiftreg.tdf             ;         ;
; sld_mbpmg.vhd                    ; yes             ; Encrypted Megafunction       ; c:/altera/13.0sp1/quartus/libraries/megafunctions/sld_mbpmg.vhd                ;         ;
; sld_ela_trigger_flow_mgr.vhd     ; yes             ; Encrypted Megafunction       ; c:/altera/13.0sp1/quartus/libraries/megafunctions/sld_ela_trigger_flow_mgr.vhd ;         ;
; sld_buffer_manager.vhd           ; yes             ; Encrypted Megafunction       ; c:/altera/13.0sp1/quartus/libraries/megafunctions/sld_buffer_manager.vhd       ;         ;
; altsyncram.tdf                   ; yes             ; Megafunction                 ; c:/altera/13.0sp1/quartus/libraries/megafunctions/altsyncram.tdf               ;         ;
; stratix_ram_block.inc            ; yes             ; Megafunction                 ; c:/altera/13.0sp1/quartus/libraries/megafunctions/stratix_ram_block.inc        ;         ;
; lpm_mux.inc                      ; yes             ; Megafunction                 ; c:/altera/13.0sp1/quartus/libraries/megafunctions/lpm_mux.inc                  ;         ;
; a_rdenreg.inc                    ; yes             ; Megafunction                 ; c:/altera/13.0sp1/quartus/libraries/megafunctions/a_rdenreg.inc                ;         ;
; altrom.inc                       ; yes             ; Megafunction                 ; c:/altera/13.0sp1/quartus/libraries/megafunctions/altrom.inc                   ;         ;
; altram.inc                       ; yes             ; Megafunction                 ; c:/altera/13.0sp1/quartus/libraries/megafunctions/altram.inc                   ;         ;
; altdpram.inc                     ; yes             ; Megafunction                 ; c:/altera/13.0sp1/quartus/libraries/megafunctions/altdpram.inc                 ;         ;
; db/altsyncram_vm14.tdf           ; yes             ; Auto-Generated Megafunction  ; Z:/Documents/DSD_LAB/DSD_47/src/g47_enigma/db/altsyncram_vm14.tdf              ;         ;
; altdpram.tdf                     ; yes             ; Megafunction                 ; c:/altera/13.0sp1/quartus/libraries/megafunctions/altdpram.tdf                 ;         ;
; memmodes.inc                     ; yes             ; Megafunction                 ; c:/altera/13.0sp1/quartus/libraries/others/maxplus2/memmodes.inc               ;         ;
; a_hdffe.inc                      ; yes             ; Megafunction                 ; c:/altera/13.0sp1/quartus/libraries/megafunctions/a_hdffe.inc                  ;         ;
; alt_le_rden_reg.inc              ; yes             ; Megafunction                 ; c:/altera/13.0sp1/quartus/libraries/megafunctions/alt_le_rden_reg.inc          ;         ;
; altsyncram.inc                   ; yes             ; Megafunction                 ; c:/altera/13.0sp1/quartus/libraries/megafunctions/altsyncram.inc               ;         ;
; lpm_mux.tdf                      ; yes             ; Megafunction                 ; c:/altera/13.0sp1/quartus/libraries/megafunctions/lpm_mux.tdf                  ;         ;
; muxlut.inc                       ; yes             ; Megafunction                 ; c:/altera/13.0sp1/quartus/libraries/megafunctions/muxlut.inc                   ;         ;
; bypassff.inc                     ; yes             ; Megafunction                 ; c:/altera/13.0sp1/quartus/libraries/megafunctions/bypassff.inc                 ;         ;
; altshift.inc                     ; yes             ; Megafunction                 ; c:/altera/13.0sp1/quartus/libraries/megafunctions/altshift.inc                 ;         ;
; db/mux_aoc.tdf                   ; yes             ; Auto-Generated Megafunction  ; Z:/Documents/DSD_LAB/DSD_47/src/g47_enigma/db/mux_aoc.tdf                      ;         ;
; lpm_decode.tdf                   ; yes             ; Megafunction                 ; c:/altera/13.0sp1/quartus/libraries/megafunctions/lpm_decode.tdf               ;         ;
; declut.inc                       ; yes             ; Megafunction                 ; c:/altera/13.0sp1/quartus/libraries/megafunctions/declut.inc                   ;         ;
; db/decode_rqf.tdf                ; yes             ; Auto-Generated Megafunction  ; Z:/Documents/DSD_LAB/DSD_47/src/g47_enigma/db/decode_rqf.tdf                   ;         ;
; db/cntr_dai.tdf                  ; yes             ; Auto-Generated Megafunction  ; Z:/Documents/DSD_LAB/DSD_47/src/g47_enigma/db/cntr_dai.tdf                     ;         ;
; db/cntr_02j.tdf                  ; yes             ; Auto-Generated Megafunction  ; Z:/Documents/DSD_LAB/DSD_47/src/g47_enigma/db/cntr_02j.tdf                     ;         ;
; db/cntr_sbi.tdf                  ; yes             ; Auto-Generated Megafunction  ; Z:/Documents/DSD_LAB/DSD_47/src/g47_enigma/db/cntr_sbi.tdf                     ;         ;
; db/cmpr_8cc.tdf                  ; yes             ; Auto-Generated Megafunction  ; Z:/Documents/DSD_LAB/DSD_47/src/g47_enigma/db/cmpr_8cc.tdf                     ;         ;
; db/cntr_gui.tdf                  ; yes             ; Auto-Generated Megafunction  ; Z:/Documents/DSD_LAB/DSD_47/src/g47_enigma/db/cntr_gui.tdf                     ;         ;
; db/cmpr_5cc.tdf                  ; yes             ; Auto-Generated Megafunction  ; Z:/Documents/DSD_LAB/DSD_47/src/g47_enigma/db/cmpr_5cc.tdf                     ;         ;
; sld_rom_sr.vhd                   ; yes             ; Encrypted Megafunction       ; c:/altera/13.0sp1/quartus/libraries/megafunctions/sld_rom_sr.vhd               ;         ;
; sld_hub.vhd                      ; yes             ; Encrypted Megafunction       ; c:/altera/13.0sp1/quartus/libraries/megafunctions/sld_hub.vhd                  ;         ;
; sld_jtag_hub.vhd                 ; yes             ; Encrypted Megafunction       ; c:/altera/13.0sp1/quartus/libraries/megafunctions/sld_jtag_hub.vhd             ;         ;
+----------------------------------+-----------------+------------------------------+--------------------------------------------------------------------------------+---------+


+------------------------------------------------------------------------+
; Analysis & Synthesis Resource Usage Summary                            ;
+---------------------------------------------+--------------------------+
; Resource                                    ; Usage                    ;
+---------------------------------------------+--------------------------+
; Estimated Total logic elements              ; 797                      ;
;                                             ;                          ;
; Total combinational functions               ; 605                      ;
; Logic element usage by number of LUT inputs ;                          ;
;     -- 4 input functions                    ; 348                      ;
;     -- 3 input functions                    ; 122                      ;
;     -- <=2 input functions                  ; 135                      ;
;                                             ;                          ;
; Logic elements by mode                      ;                          ;
;     -- normal mode                          ; 536                      ;
;     -- arithmetic mode                      ; 69                       ;
;                                             ;                          ;
; Total registers                             ; 421                      ;
;     -- Dedicated logic registers            ; 421                      ;
;     -- I/O registers                        ; 0                        ;
;                                             ;                          ;
; I/O pins                                    ; 16                       ;
; Total memory bits                           ; 1024                     ;
; Embedded Multiplier 9-bit elements          ; 0                        ;
; Maximum fan-out node                        ; altera_internal_jtag~TDO ;
; Maximum fan-out                             ; 259                      ;
; Total fan-out                               ; 3483                     ;
; Average fan-out                             ; 3.30                     ;
+---------------------------------------------+--------------------------+


+---------------------------------------------------------------------------------------------------------------------------------------------------------------------------------------------------------------------------------------------------------------------------------------------------------------------------------------------------------------------------------------------------------------------------------------------------------------------------------------------------------------------------------------------------------------------------------------+
; Analysis & Synthesis Resource Utilization by Entity                                                                                                                                                                                                                                                                                                                                                                                                                                                                                                                                   ;
+---------------------------------------------------------------------------------------------------------+-------------------+--------------+-------------+--------------+---------+-----------+------+--------------+--------------------------------------------------------------------------------------------------------------------------------------------------------------------------------------------------------------------------------------------------------------------------------------------------------------------------------------------------+--------------+
; Compilation Hierarchy Node                                                                              ; LC Combinationals ; LC Registers ; Memory Bits ; DSP Elements ; DSP 9x9 ; DSP 18x18 ; Pins ; Virtual Pins ; Full Hierarchy Name                                                                                                                                                                                                                                                                                                                              ; Library Name ;
+---------------------------------------------------------------------------------------------------------+-------------------+--------------+-------------+--------------+---------+-----------+------+--------------+--------------------------------------------------------------------------------------------------------------------------------------------------------------------------------------------------------------------------------------------------------------------------------------------------------------------------------------------------+--------------+
; |g47_testbed                                                                                            ; 605 (1)           ; 421 (0)      ; 1024        ; 0            ; 0       ; 0         ; 16   ; 0            ; |g47_testbed                                                                                                                                                                                                                                                                                                                                     ; work         ;
;    |g47_0_25_counter:COUNTER|                                                                           ; 9 (9)             ; 5 (5)        ; 0           ; 0            ; 0       ; 0         ; 0    ; 0            ; |g47_testbed|g47_0_25_counter:COUNTER                                                                                                                                                                                                                                                                                                            ; work         ;
;    |g47_26_5_encoder:ENCODER|                                                                           ; 39 (39)           ; 0 (0)        ; 0           ; 0            ; 0       ; 0         ; 0    ; 0            ; |g47_testbed|g47_26_5_encoder:ENCODER                                                                                                                                                                                                                                                                                                            ; work         ;
;    |g47_26_barrelshift:SHIFTER|                                                                         ; 156 (156)         ; 0 (0)        ; 0           ; 0            ; 0       ; 0         ; 0    ; 0            ; |g47_testbed|g47_26_barrelshift:SHIFTER                                                                                                                                                                                                                                                                                                          ; work         ;
;    |g47_5_26_decoder:DECODER|                                                                           ; 10 (10)           ; 0 (0)        ; 0           ; 0            ; 0       ; 0         ; 0    ; 0            ; |g47_testbed|g47_5_26_decoder:DECODER                                                                                                                                                                                                                                                                                                            ; work         ;
;    |g47_7_segmentdecoder:DISPLAY|                                                                       ; 17 (17)           ; 0 (0)        ; 0           ; 0            ; 0       ; 0         ; 0    ; 0            ; |g47_testbed|g47_7_segmentdecoder:DISPLAY                                                                                                                                                                                                                                                                                                        ; work         ;
;    |g47_pulse_generator:PULSE|                                                                          ; 34 (8)            ; 25 (0)       ; 0           ; 0            ; 0       ; 0         ; 0    ; 0            ; |g47_testbed|g47_pulse_generator:PULSE                                                                                                                                                                                                                                                                                                           ; work         ;
;       |lpm_counter:COUNTER|                                                                             ; 26 (0)            ; 25 (0)       ; 0           ; 0            ; 0       ; 0         ; 0    ; 0            ; |g47_testbed|g47_pulse_generator:PULSE|lpm_counter:COUNTER                                                                                                                                                                                                                                                                                       ; work         ;
;          |cntr_u5k:auto_generated|                                                                      ; 26 (26)           ; 25 (25)      ; 0           ; 0            ; 0       ; 0         ; 0    ; 0            ; |g47_testbed|g47_pulse_generator:PULSE|lpm_counter:COUNTER|cntr_u5k:auto_generated                                                                                                                                                                                                                                                               ; work         ;
;    |sld_hub:auto_hub|                                                                                   ; 120 (1)           ; 86 (0)       ; 0           ; 0            ; 0       ; 0         ; 0    ; 0            ; |g47_testbed|sld_hub:auto_hub                                                                                                                                                                                                                                                                                                                    ; work         ;
;       |sld_jtag_hub:\jtag_hub_gen:sld_jtag_hub_inst|                                                    ; 119 (81)          ; 86 (58)      ; 0           ; 0            ; 0       ; 0         ; 0    ; 0            ; |g47_testbed|sld_hub:auto_hub|sld_jtag_hub:\jtag_hub_gen:sld_jtag_hub_inst                                                                                                                                                                                                                                                                       ; work         ;
;          |sld_rom_sr:hub_info_reg|                                                                      ; 21 (21)           ; 9 (9)        ; 0           ; 0            ; 0       ; 0         ; 0    ; 0            ; |g47_testbed|sld_hub:auto_hub|sld_jtag_hub:\jtag_hub_gen:sld_jtag_hub_inst|sld_rom_sr:hub_info_reg                                                                                                                                                                                                                                               ; work         ;
;          |sld_shadow_jsm:shadow_jsm|                                                                    ; 17 (17)           ; 19 (19)      ; 0           ; 0            ; 0       ; 0         ; 0    ; 0            ; |g47_testbed|sld_hub:auto_hub|sld_jtag_hub:\jtag_hub_gen:sld_jtag_hub_inst|sld_shadow_jsm:shadow_jsm                                                                                                                                                                                                                                             ; work         ;
;    |sld_signaltap:auto_signaltap_0|                                                                     ; 219 (1)           ; 305 (16)     ; 1024        ; 0            ; 0       ; 0         ; 0    ; 0            ; |g47_testbed|sld_signaltap:auto_signaltap_0                                                                                                                                                                                                                                                                                                      ; work         ;
;       |sld_signaltap_impl:sld_signaltap_body|                                                           ; 218 (0)           ; 289 (0)      ; 1024        ; 0            ; 0       ; 0         ; 0    ; 0            ; |g47_testbed|sld_signaltap:auto_signaltap_0|sld_signaltap_impl:sld_signaltap_body                                                                                                                                                                                                                                                                ; work         ;
;          |sld_signaltap_implb:sld_signaltap_body|                                                       ; 218 (21)          ; 289 (58)     ; 1024        ; 0            ; 0       ; 0         ; 0    ; 0            ; |g47_testbed|sld_signaltap:auto_signaltap_0|sld_signaltap_impl:sld_signaltap_body|sld_signaltap_implb:sld_signaltap_body                                                                                                                                                                                                                         ; work         ;
;             |altdpram:\stp_non_zero_ram_gen:attribute_mem_gen:attribute_mem|                            ; 17 (0)            ; 46 (46)      ; 0           ; 0            ; 0       ; 0         ; 0    ; 0            ; |g47_testbed|sld_signaltap:auto_signaltap_0|sld_signaltap_impl:sld_signaltap_body|sld_signaltap_implb:sld_signaltap_body|altdpram:\stp_non_zero_ram_gen:attribute_mem_gen:attribute_mem                                                                                                                                                          ; work         ;
;                |lpm_decode:wdecoder|                                                                    ; 2 (0)             ; 0 (0)        ; 0           ; 0            ; 0       ; 0         ; 0    ; 0            ; |g47_testbed|sld_signaltap:auto_signaltap_0|sld_signaltap_impl:sld_signaltap_body|sld_signaltap_implb:sld_signaltap_body|altdpram:\stp_non_zero_ram_gen:attribute_mem_gen:attribute_mem|lpm_decode:wdecoder                                                                                                                                      ; work         ;
;                   |decode_rqf:auto_generated|                                                           ; 2 (2)             ; 0 (0)        ; 0           ; 0            ; 0       ; 0         ; 0    ; 0            ; |g47_testbed|sld_signaltap:auto_signaltap_0|sld_signaltap_impl:sld_signaltap_body|sld_signaltap_implb:sld_signaltap_body|altdpram:\stp_non_zero_ram_gen:attribute_mem_gen:attribute_mem|lpm_decode:wdecoder|decode_rqf:auto_generated                                                                                                            ; work         ;
;                |lpm_mux:mux|                                                                            ; 15 (0)            ; 0 (0)        ; 0           ; 0            ; 0       ; 0         ; 0    ; 0            ; |g47_testbed|sld_signaltap:auto_signaltap_0|sld_signaltap_impl:sld_signaltap_body|sld_signaltap_implb:sld_signaltap_body|altdpram:\stp_non_zero_ram_gen:attribute_mem_gen:attribute_mem|lpm_mux:mux                                                                                                                                              ; work         ;
;                   |mux_aoc:auto_generated|                                                              ; 15 (15)           ; 0 (0)        ; 0           ; 0            ; 0       ; 0         ; 0    ; 0            ; |g47_testbed|sld_signaltap:auto_signaltap_0|sld_signaltap_impl:sld_signaltap_body|sld_signaltap_implb:sld_signaltap_body|altdpram:\stp_non_zero_ram_gen:attribute_mem_gen:attribute_mem|lpm_mux:mux|mux_aoc:auto_generated                                                                                                                       ; work         ;
;             |altsyncram:\stp_non_zero_ram_gen:stp_buffer_ram|                                           ; 0 (0)             ; 0 (0)        ; 1024        ; 0            ; 0       ; 0         ; 0    ; 0            ; |g47_testbed|sld_signaltap:auto_signaltap_0|sld_signaltap_impl:sld_signaltap_body|sld_signaltap_implb:sld_signaltap_body|altsyncram:\stp_non_zero_ram_gen:stp_buffer_ram                                                                                                                                                                         ; work         ;
;                |altsyncram_vm14:auto_generated|                                                         ; 0 (0)             ; 0 (0)        ; 1024        ; 0            ; 0       ; 0         ; 0    ; 0            ; |g47_testbed|sld_signaltap:auto_signaltap_0|sld_signaltap_impl:sld_signaltap_body|sld_signaltap_implb:sld_signaltap_body|altsyncram:\stp_non_zero_ram_gen:stp_buffer_ram|altsyncram_vm14:auto_generated                                                                                                                                          ; work         ;
;             |lpm_shiftreg:segment_offset_config_deserialize|                                            ; 0 (0)             ; 7 (7)        ; 0           ; 0            ; 0       ; 0         ; 0    ; 0            ; |g47_testbed|sld_signaltap:auto_signaltap_0|sld_signaltap_impl:sld_signaltap_body|sld_signaltap_implb:sld_signaltap_body|lpm_shiftreg:segment_offset_config_deserialize                                                                                                                                                                          ; work         ;
;             |lpm_shiftreg:status_register|                                                              ; 17 (17)           ; 17 (17)      ; 0           ; 0            ; 0       ; 0         ; 0    ; 0            ; |g47_testbed|sld_signaltap:auto_signaltap_0|sld_signaltap_impl:sld_signaltap_body|sld_signaltap_implb:sld_signaltap_body|lpm_shiftreg:status_register                                                                                                                                                                                            ; work         ;
;             |sld_buffer_manager:sld_buffer_manager_inst|                                                ; 59 (59)           ; 44 (44)      ; 0           ; 0            ; 0       ; 0         ; 0    ; 0            ; |g47_testbed|sld_signaltap:auto_signaltap_0|sld_signaltap_impl:sld_signaltap_body|sld_signaltap_implb:sld_signaltap_body|sld_buffer_manager:sld_buffer_manager_inst                                                                                                                                                                              ; work         ;
;             |sld_ela_control:ela_control|                                                               ; 20 (1)            ; 56 (1)       ; 0           ; 0            ; 0       ; 0         ; 0    ; 0            ; |g47_testbed|sld_signaltap:auto_signaltap_0|sld_signaltap_impl:sld_signaltap_body|sld_signaltap_implb:sld_signaltap_body|sld_ela_control:ela_control                                                                                                                                                                                             ; work         ;
;                |lpm_shiftreg:trigger_config_deserialize|                                                ; 0 (0)             ; 4 (4)        ; 0           ; 0            ; 0       ; 0         ; 0    ; 0            ; |g47_testbed|sld_signaltap:auto_signaltap_0|sld_signaltap_impl:sld_signaltap_body|sld_signaltap_implb:sld_signaltap_body|sld_ela_control:ela_control|lpm_shiftreg:trigger_config_deserialize                                                                                                                                                     ; work         ;
;                |sld_ela_basic_multi_level_trigger:\basic_multi_level_mbpm_trigger_gen:multi_level_mbpm| ; 16 (0)            ; 40 (0)       ; 0           ; 0            ; 0       ; 0         ; 0    ; 0            ; |g47_testbed|sld_signaltap:auto_signaltap_0|sld_signaltap_impl:sld_signaltap_body|sld_signaltap_implb:sld_signaltap_body|sld_ela_control:ela_control|sld_ela_basic_multi_level_trigger:\basic_multi_level_mbpm_trigger_gen:multi_level_mbpm                                                                                                      ; work         ;
;                   |lpm_shiftreg:trigger_condition_deserialize|                                          ; 0 (0)             ; 24 (24)      ; 0           ; 0            ; 0       ; 0         ; 0    ; 0            ; |g47_testbed|sld_signaltap:auto_signaltap_0|sld_signaltap_impl:sld_signaltap_body|sld_signaltap_implb:sld_signaltap_body|sld_ela_control:ela_control|sld_ela_basic_multi_level_trigger:\basic_multi_level_mbpm_trigger_gen:multi_level_mbpm|lpm_shiftreg:trigger_condition_deserialize                                                           ; work         ;
;                   |sld_mbpmg:\trigger_modules_gen:0:trigger_match|                                      ; 16 (0)            ; 16 (0)       ; 0           ; 0            ; 0       ; 0         ; 0    ; 0            ; |g47_testbed|sld_signaltap:auto_signaltap_0|sld_signaltap_impl:sld_signaltap_body|sld_signaltap_implb:sld_signaltap_body|sld_ela_control:ela_control|sld_ela_basic_multi_level_trigger:\basic_multi_level_mbpm_trigger_gen:multi_level_mbpm|sld_mbpmg:\trigger_modules_gen:0:trigger_match                                                       ; work         ;
;                      |sld_sbpmg:\gen_sbpmg_pipeline_less_than_two:sm0:0:sm1|                            ; 2 (2)             ; 2 (2)        ; 0           ; 0            ; 0       ; 0         ; 0    ; 0            ; |g47_testbed|sld_signaltap:auto_signaltap_0|sld_signaltap_impl:sld_signaltap_body|sld_signaltap_implb:sld_signaltap_body|sld_ela_control:ela_control|sld_ela_basic_multi_level_trigger:\basic_multi_level_mbpm_trigger_gen:multi_level_mbpm|sld_mbpmg:\trigger_modules_gen:0:trigger_match|sld_sbpmg:\gen_sbpmg_pipeline_less_than_two:sm0:0:sm1 ; work         ;
;                      |sld_sbpmg:\gen_sbpmg_pipeline_less_than_two:sm0:1:sm1|                            ; 2 (2)             ; 2 (2)        ; 0           ; 0            ; 0       ; 0         ; 0    ; 0            ; |g47_testbed|sld_signaltap:auto_signaltap_0|sld_signaltap_impl:sld_signaltap_body|sld_signaltap_implb:sld_signaltap_body|sld_ela_control:ela_control|sld_ela_basic_multi_level_trigger:\basic_multi_level_mbpm_trigger_gen:multi_level_mbpm|sld_mbpmg:\trigger_modules_gen:0:trigger_match|sld_sbpmg:\gen_sbpmg_pipeline_less_than_two:sm0:1:sm1 ; work         ;
;                      |sld_sbpmg:\gen_sbpmg_pipeline_less_than_two:sm0:2:sm1|                            ; 2 (2)             ; 2 (2)        ; 0           ; 0            ; 0       ; 0         ; 0    ; 0            ; |g47_testbed|sld_signaltap:auto_signaltap_0|sld_signaltap_impl:sld_signaltap_body|sld_signaltap_implb:sld_signaltap_body|sld_ela_control:ela_control|sld_ela_basic_multi_level_trigger:\basic_multi_level_mbpm_trigger_gen:multi_level_mbpm|sld_mbpmg:\trigger_modules_gen:0:trigger_match|sld_sbpmg:\gen_sbpmg_pipeline_less_than_two:sm0:2:sm1 ; work         ;
;                      |sld_sbpmg:\gen_sbpmg_pipeline_less_than_two:sm0:3:sm1|                            ; 2 (2)             ; 2 (2)        ; 0           ; 0            ; 0       ; 0         ; 0    ; 0            ; |g47_testbed|sld_signaltap:auto_signaltap_0|sld_signaltap_impl:sld_signaltap_body|sld_signaltap_implb:sld_signaltap_body|sld_ela_control:ela_control|sld_ela_basic_multi_level_trigger:\basic_multi_level_mbpm_trigger_gen:multi_level_mbpm|sld_mbpmg:\trigger_modules_gen:0:trigger_match|sld_sbpmg:\gen_sbpmg_pipeline_less_than_two:sm0:3:sm1 ; work         ;
;                      |sld_sbpmg:\gen_sbpmg_pipeline_less_than_two:sm0:4:sm1|                            ; 2 (2)             ; 2 (2)        ; 0           ; 0            ; 0       ; 0         ; 0    ; 0            ; |g47_testbed|sld_signaltap:auto_signaltap_0|sld_signaltap_impl:sld_signaltap_body|sld_signaltap_implb:sld_signaltap_body|sld_ela_control:ela_control|sld_ela_basic_multi_level_trigger:\basic_multi_level_mbpm_trigger_gen:multi_level_mbpm|sld_mbpmg:\trigger_modules_gen:0:trigger_match|sld_sbpmg:\gen_sbpmg_pipeline_less_than_two:sm0:4:sm1 ; work         ;
;                      |sld_sbpmg:\gen_sbpmg_pipeline_less_than_two:sm0:5:sm1|                            ; 2 (2)             ; 2 (2)        ; 0           ; 0            ; 0       ; 0         ; 0    ; 0            ; |g47_testbed|sld_signaltap:auto_signaltap_0|sld_signaltap_impl:sld_signaltap_body|sld_signaltap_implb:sld_signaltap_body|sld_ela_control:ela_control|sld_ela_basic_multi_level_trigger:\basic_multi_level_mbpm_trigger_gen:multi_level_mbpm|sld_mbpmg:\trigger_modules_gen:0:trigger_match|sld_sbpmg:\gen_sbpmg_pipeline_less_than_two:sm0:5:sm1 ; work         ;
;                      |sld_sbpmg:\gen_sbpmg_pipeline_less_than_two:sm0:6:sm1|                            ; 2 (2)             ; 2 (2)        ; 0           ; 0            ; 0       ; 0         ; 0    ; 0            ; |g47_testbed|sld_signaltap:auto_signaltap_0|sld_signaltap_impl:sld_signaltap_body|sld_signaltap_implb:sld_signaltap_body|sld_ela_control:ela_control|sld_ela_basic_multi_level_trigger:\basic_multi_level_mbpm_trigger_gen:multi_level_mbpm|sld_mbpmg:\trigger_modules_gen:0:trigger_match|sld_sbpmg:\gen_sbpmg_pipeline_less_than_two:sm0:6:sm1 ; work         ;
;                      |sld_sbpmg:\gen_sbpmg_pipeline_less_than_two:sm0:7:sm1|                            ; 2 (2)             ; 2 (2)        ; 0           ; 0            ; 0       ; 0         ; 0    ; 0            ; |g47_testbed|sld_signaltap:auto_signaltap_0|sld_signaltap_impl:sld_signaltap_body|sld_signaltap_implb:sld_signaltap_body|sld_ela_control:ela_control|sld_ela_basic_multi_level_trigger:\basic_multi_level_mbpm_trigger_gen:multi_level_mbpm|sld_mbpmg:\trigger_modules_gen:0:trigger_match|sld_sbpmg:\gen_sbpmg_pipeline_less_than_two:sm0:7:sm1 ; work         ;
;                |sld_ela_trigger_flow_mgr:\builtin:ela_trigger_flow_mgr_entity|                          ; 3 (3)             ; 11 (1)       ; 0           ; 0            ; 0       ; 0         ; 0    ; 0            ; |g47_testbed|sld_signaltap:auto_signaltap_0|sld_signaltap_impl:sld_signaltap_body|sld_signaltap_implb:sld_signaltap_body|sld_ela_control:ela_control|sld_ela_trigger_flow_mgr:\builtin:ela_trigger_flow_mgr_entity                                                                                                                               ; work         ;
;                   |lpm_shiftreg:trigger_config_deserialize|                                             ; 0 (0)             ; 10 (10)      ; 0           ; 0            ; 0       ; 0         ; 0    ; 0            ; |g47_testbed|sld_signaltap:auto_signaltap_0|sld_signaltap_impl:sld_signaltap_body|sld_signaltap_implb:sld_signaltap_body|sld_ela_control:ela_control|sld_ela_trigger_flow_mgr:\builtin:ela_trigger_flow_mgr_entity|lpm_shiftreg:trigger_config_deserialize                                                                                       ; work         ;
;             |sld_offload_buffer_mgr:\stp_non_zero_depth_offload_gen:stp_offload_buff_mgr_inst|          ; 65 (8)            ; 53 (0)       ; 0           ; 0            ; 0       ; 0         ; 0    ; 0            ; |g47_testbed|sld_signaltap:auto_signaltap_0|sld_signaltap_impl:sld_signaltap_body|sld_signaltap_implb:sld_signaltap_body|sld_offload_buffer_mgr:\stp_non_zero_depth_offload_gen:stp_offload_buff_mgr_inst                                                                                                                                        ; work         ;
;                |lpm_counter:\adv_point_3_and_more:advance_pointer_counter|                              ; 3 (0)             ; 3 (0)        ; 0           ; 0            ; 0       ; 0         ; 0    ; 0            ; |g47_testbed|sld_signaltap:auto_signaltap_0|sld_signaltap_impl:sld_signaltap_body|sld_signaltap_implb:sld_signaltap_body|sld_offload_buffer_mgr:\stp_non_zero_depth_offload_gen:stp_offload_buff_mgr_inst|lpm_counter:\adv_point_3_and_more:advance_pointer_counter                                                                              ; work         ;
;                   |cntr_dai:auto_generated|                                                             ; 3 (3)             ; 3 (3)        ; 0           ; 0            ; 0       ; 0         ; 0    ; 0            ; |g47_testbed|sld_signaltap:auto_signaltap_0|sld_signaltap_impl:sld_signaltap_body|sld_signaltap_implb:sld_signaltap_body|sld_offload_buffer_mgr:\stp_non_zero_depth_offload_gen:stp_offload_buff_mgr_inst|lpm_counter:\adv_point_3_and_more:advance_pointer_counter|cntr_dai:auto_generated                                                      ; work         ;
;                |lpm_counter:read_pointer_counter|                                                       ; 7 (0)             ; 7 (0)        ; 0           ; 0            ; 0       ; 0         ; 0    ; 0            ; |g47_testbed|sld_signaltap:auto_signaltap_0|sld_signaltap_impl:sld_signaltap_body|sld_signaltap_implb:sld_signaltap_body|sld_offload_buffer_mgr:\stp_non_zero_depth_offload_gen:stp_offload_buff_mgr_inst|lpm_counter:read_pointer_counter                                                                                                       ; work         ;
;                   |cntr_02j:auto_generated|                                                             ; 7 (7)             ; 7 (7)        ; 0           ; 0            ; 0       ; 0         ; 0    ; 0            ; |g47_testbed|sld_signaltap:auto_signaltap_0|sld_signaltap_impl:sld_signaltap_body|sld_signaltap_implb:sld_signaltap_body|sld_offload_buffer_mgr:\stp_non_zero_depth_offload_gen:stp_offload_buff_mgr_inst|lpm_counter:read_pointer_counter|cntr_02j:auto_generated                                                                               ; work         ;
;                |lpm_counter:status_advance_pointer_counter|                                             ; 6 (0)             ; 4 (0)        ; 0           ; 0            ; 0       ; 0         ; 0    ; 0            ; |g47_testbed|sld_signaltap:auto_signaltap_0|sld_signaltap_impl:sld_signaltap_body|sld_signaltap_implb:sld_signaltap_body|sld_offload_buffer_mgr:\stp_non_zero_depth_offload_gen:stp_offload_buff_mgr_inst|lpm_counter:status_advance_pointer_counter                                                                                             ; work         ;
;                   |cntr_sbi:auto_generated|                                                             ; 6 (6)             ; 4 (4)        ; 0           ; 0            ; 0       ; 0         ; 0    ; 0            ; |g47_testbed|sld_signaltap:auto_signaltap_0|sld_signaltap_impl:sld_signaltap_body|sld_signaltap_implb:sld_signaltap_body|sld_offload_buffer_mgr:\stp_non_zero_depth_offload_gen:stp_offload_buff_mgr_inst|lpm_counter:status_advance_pointer_counter|cntr_sbi:auto_generated                                                                     ; work         ;
;                |lpm_counter:status_read_pointer_counter|                                                ; 3 (0)             ; 1 (0)        ; 0           ; 0            ; 0       ; 0         ; 0    ; 0            ; |g47_testbed|sld_signaltap:auto_signaltap_0|sld_signaltap_impl:sld_signaltap_body|sld_signaltap_implb:sld_signaltap_body|sld_offload_buffer_mgr:\stp_non_zero_depth_offload_gen:stp_offload_buff_mgr_inst|lpm_counter:status_read_pointer_counter                                                                                                ; work         ;
;                   |cntr_gui:auto_generated|                                                             ; 3 (3)             ; 1 (1)        ; 0           ; 0            ; 0       ; 0         ; 0    ; 0            ; |g47_testbed|sld_signaltap:auto_signaltap_0|sld_signaltap_impl:sld_signaltap_body|sld_signaltap_implb:sld_signaltap_body|sld_offload_buffer_mgr:\stp_non_zero_depth_offload_gen:stp_offload_buff_mgr_inst|lpm_counter:status_read_pointer_counter|cntr_gui:auto_generated                                                                        ; work         ;
;                |lpm_shiftreg:info_data_shift_out|                                                       ; 15 (15)           ; 15 (15)      ; 0           ; 0            ; 0       ; 0         ; 0    ; 0            ; |g47_testbed|sld_signaltap:auto_signaltap_0|sld_signaltap_impl:sld_signaltap_body|sld_signaltap_implb:sld_signaltap_body|sld_offload_buffer_mgr:\stp_non_zero_depth_offload_gen:stp_offload_buff_mgr_inst|lpm_shiftreg:info_data_shift_out                                                                                                       ; work         ;
;                |lpm_shiftreg:ram_data_shift_out|                                                        ; 8 (8)             ; 8 (8)        ; 0           ; 0            ; 0       ; 0         ; 0    ; 0            ; |g47_testbed|sld_signaltap:auto_signaltap_0|sld_signaltap_impl:sld_signaltap_body|sld_signaltap_implb:sld_signaltap_body|sld_offload_buffer_mgr:\stp_non_zero_depth_offload_gen:stp_offload_buff_mgr_inst|lpm_shiftreg:ram_data_shift_out                                                                                                        ; work         ;
;                |lpm_shiftreg:status_data_shift_out|                                                     ; 15 (15)           ; 15 (15)      ; 0           ; 0            ; 0       ; 0         ; 0    ; 0            ; |g47_testbed|sld_signaltap:auto_signaltap_0|sld_signaltap_impl:sld_signaltap_body|sld_signaltap_implb:sld_signaltap_body|sld_offload_buffer_mgr:\stp_non_zero_depth_offload_gen:stp_offload_buff_mgr_inst|lpm_shiftreg:status_data_shift_out                                                                                                     ; work         ;
;             |sld_rom_sr:crc_rom_sr|                                                                     ; 19 (19)           ; 8 (8)        ; 0           ; 0            ; 0       ; 0         ; 0    ; 0            ; |g47_testbed|sld_signaltap:auto_signaltap_0|sld_signaltap_impl:sld_signaltap_body|sld_signaltap_implb:sld_signaltap_body|sld_rom_sr:crc_rom_sr                                                                                                                                                                                                   ; work         ;
+---------------------------------------------------------------------------------------------------------+-------------------+--------------+-------------+--------------+---------+-----------+------+--------------+--------------------------------------------------------------------------------------------------------------------------------------------------------------------------------------------------------------------------------------------------------------------------------------------------------------------------------------------------+--------------+
Note: For table entries with two numbers listed, the numbers in parentheses indicate the number of resources of the given type used by the specific entity alone. The numbers listed outside of parentheses indicate the total resources of the given type used by the specific entity and all of its sub-entities in the hierarchy.


+-----------------------------------------------------------------------------------------------------------------------------------------------------------------------------------------------------------------------------------------------------------------------------------------------------------+
; Analysis & Synthesis RAM Summary                                                                                                                                                                                                                                                                          ;
+-------------------------------------------------------------------------------------------------------------------------------------------------------------------------------------------------------+------+------------------+--------------+--------------+--------------+--------------+------+------+
; Name                                                                                                                                                                                                  ; Type ; Mode             ; Port A Depth ; Port A Width ; Port B Depth ; Port B Width ; Size ; MIF  ;
+-------------------------------------------------------------------------------------------------------------------------------------------------------------------------------------------------------+------+------------------+--------------+--------------+--------------+--------------+------+------+
; sld_signaltap:auto_signaltap_0|sld_signaltap_impl:sld_signaltap_body|sld_signaltap_implb:sld_signaltap_body|altsyncram:\stp_non_zero_ram_gen:stp_buffer_ram|altsyncram_vm14:auto_generated|ALTSYNCRAM ; AUTO ; Simple Dual Port ; 128          ; 8            ; 128          ; 8            ; 1024 ; None ;
+-------------------------------------------------------------------------------------------------------------------------------------------------------------------------------------------------------+------+------------------+--------------+--------------+--------------+--------------+------+------+


+------------------------------------------------------+
; General Register Statistics                          ;
+----------------------------------------------+-------+
; Statistic                                    ; Value ;
+----------------------------------------------+-------+
; Total registers                              ; 421   ;
; Number of registers using Synchronous Clear  ; 12    ;
; Number of registers using Synchronous Load   ; 50    ;
; Number of registers using Asynchronous Clear ; 169   ;
; Number of registers using Asynchronous Load  ; 0     ;
; Number of registers using Clock Enable       ; 231   ;
; Number of registers using Preset             ; 0     ;
+----------------------------------------------+-------+


+-----------------------------------------------------------------------------------------------------------------------------------------------------------------------------------------+
; Inverted Register Statistics                                                                                                                                                            ;
+-------------------------------------------------------------------------------------------------------------------------------------------------------------------------------+---------+
; Inverted Register                                                                                                                                                             ; Fan out ;
+-------------------------------------------------------------------------------------------------------------------------------------------------------------------------------+---------+
; sld_hub:auto_hub|sld_jtag_hub:\jtag_hub_gen:sld_jtag_hub_inst|tdo                                                                                                             ; 1       ;
; sld_hub:auto_hub|sld_jtag_hub:\jtag_hub_gen:sld_jtag_hub_inst|jtag_ir_reg[2]                                                                                                  ; 2       ;
; sld_hub:auto_hub|sld_jtag_hub:\jtag_hub_gen:sld_jtag_hub_inst|jtag_ir_reg[1]                                                                                                  ; 3       ;
; sld_signaltap:auto_signaltap_0|sld_signaltap_impl:sld_signaltap_body|sld_signaltap_implb:sld_signaltap_body|sld_buffer_manager:sld_buffer_manager_inst|modified_post_count[1] ; 1       ;
; sld_signaltap:auto_signaltap_0|sld_signaltap_impl:sld_signaltap_body|sld_signaltap_implb:sld_signaltap_body|sld_buffer_manager:sld_buffer_manager_inst|modified_post_count[2] ; 1       ;
; sld_signaltap:auto_signaltap_0|sld_signaltap_impl:sld_signaltap_body|sld_signaltap_implb:sld_signaltap_body|sld_buffer_manager:sld_buffer_manager_inst|modified_post_count[3] ; 1       ;
; sld_signaltap:auto_signaltap_0|sld_signaltap_impl:sld_signaltap_body|sld_signaltap_implb:sld_signaltap_body|sld_buffer_manager:sld_buffer_manager_inst|modified_post_count[4] ; 1       ;
; sld_signaltap:auto_signaltap_0|sld_signaltap_impl:sld_signaltap_body|sld_signaltap_implb:sld_signaltap_body|sld_buffer_manager:sld_buffer_manager_inst|modified_post_count[5] ; 1       ;
; sld_signaltap:auto_signaltap_0|sld_signaltap_impl:sld_signaltap_body|sld_signaltap_implb:sld_signaltap_body|sld_buffer_manager:sld_buffer_manager_inst|modified_post_count[6] ; 1       ;
; sld_signaltap:auto_signaltap_0|sld_signaltap_impl:sld_signaltap_body|sld_signaltap_implb:sld_signaltap_body|sld_buffer_manager:sld_buffer_manager_inst|modified_post_count[7] ; 1       ;
; sld_signaltap:auto_signaltap_0|sld_signaltap_impl:sld_signaltap_body|sld_signaltap_implb:sld_signaltap_body|trigger_out_mode_ff                                               ; 3       ;
; sld_signaltap:auto_signaltap_0|sld_signaltap_impl:sld_signaltap_body|sld_signaltap_implb:sld_signaltap_body|sld_buffer_manager:sld_buffer_manager_inst|modified_post_count[0] ; 1       ;
; Total number of inverted registers = 12                                                                                                                                       ;         ;
+-------------------------------------------------------------------------------------------------------------------------------------------------------------------------------+---------+


+----------------------------------------------------------------------------------------------------------------------------------------------------------------------------------------------------------------------------------+
; Multiplexer Restructuring Statistics (Restructuring Performed)                                                                                                                                                                   ;
+--------------------+-----------+---------------+----------------------+------------------------+------------+--------------------------------------------------------------------------------------------------------------------+
; Multiplexer Inputs ; Bus Width ; Baseline Area ; Area if Restructured ; Saving if Restructured ; Registered ; Example Multiplexer Output                                                                                         ;
+--------------------+-----------+---------------+----------------------+------------------------+------------+--------------------------------------------------------------------------------------------------------------------+
; 3:1                ; 26 bits   ; 52 LEs        ; 52 LEs               ; 0 LEs                  ; No         ; |g47_testbed|g47_26_barrelshift:SHIFTER|Mux0                                                                       ;
; 5:1                ; 26 bits   ; 78 LEs        ; 78 LEs               ; 0 LEs                  ; No         ; |g47_testbed|g47_26_barrelshift:SHIFTER|Mux18                                                                      ;
; 19:1               ; 2 bits    ; 24 LEs        ; 16 LEs               ; 8 LEs                  ; No         ; |g47_testbed|g47_26_5_encoder:ENCODER|index[4]                                                                     ;
; 3:1                ; 4 bits    ; 8 LEs         ; 4 LEs                ; 4 LEs                  ; Yes        ; |g47_testbed|sld_hub:auto_hub|sld_jtag_hub:\jtag_hub_gen:sld_jtag_hub_inst|hub_minor_ver_reg[0]                    ;
; 4:1                ; 5 bits    ; 10 LEs        ; 5 LEs                ; 5 LEs                  ; Yes        ; |g47_testbed|sld_hub:auto_hub|sld_jtag_hub:\jtag_hub_gen:sld_jtag_hub_inst|mixer_addr_reg[4]                       ;
; 5:1                ; 5 bits    ; 15 LEs        ; 5 LEs                ; 10 LEs                 ; Yes        ; |g47_testbed|sld_hub:auto_hub|sld_jtag_hub:\jtag_hub_gen:sld_jtag_hub_inst|sld_rom_sr:hub_info_reg|word_counter[0] ;
; 6:1                ; 7 bits    ; 28 LEs        ; 7 LEs                ; 21 LEs                 ; Yes        ; |g47_testbed|sld_hub:auto_hub|sld_jtag_hub:\jtag_hub_gen:sld_jtag_hub_inst|irsr_reg[2]                             ;
; 34:1               ; 4 bits    ; 88 LEs        ; 60 LEs               ; 28 LEs                 ; Yes        ; |g47_testbed|sld_hub:auto_hub|sld_jtag_hub:\jtag_hub_gen:sld_jtag_hub_inst|design_hash_reg[3]                      ;
; 20:1               ; 4 bits    ; 52 LEs        ; 36 LEs               ; 16 LEs                 ; Yes        ; |g47_testbed|sld_hub:auto_hub|sld_jtag_hub:\jtag_hub_gen:sld_jtag_hub_inst|sld_rom_sr:hub_info_reg|WORD_SR[0]      ;
+--------------------+-----------+---------------+----------------------+------------------------+------------+--------------------------------------------------------------------------------------------------------------------+


+--------------------------------------------------------------------------------------------+
; Parameter Settings for User Entity Instance: g47_pulse_generator:PULSE|LPM_COUNTER:COUNTER ;
+------------------------+-------------------+-----------------------------------------------+
; Parameter Name         ; Value             ; Type                                          ;
+------------------------+-------------------+-----------------------------------------------+
; AUTO_CARRY_CHAINS      ; ON                ; AUTO_CARRY                                    ;
; IGNORE_CARRY_BUFFERS   ; OFF               ; IGNORE_CARRY                                  ;
; AUTO_CASCADE_CHAINS    ; ON                ; AUTO_CASCADE                                  ;
; IGNORE_CASCADE_BUFFERS ; OFF               ; IGNORE_CASCADE                                ;
; LPM_WIDTH              ; 25                ; Signed Integer                                ;
; LPM_DIRECTION          ; DOWN              ; Untyped                                       ;
; LPM_MODULUS            ; 25000000          ; Signed Integer                                ;
; LPM_AVALUE             ; UNUSED            ; Untyped                                       ;
; LPM_SVALUE             ; UNUSED            ; Untyped                                       ;
; LPM_PORT_UPDOWN        ; PORT_CONNECTIVITY ; Untyped                                       ;
; DEVICE_FAMILY          ; Cyclone II        ; Untyped                                       ;
; CARRY_CHAIN            ; MANUAL            ; Untyped                                       ;
; CARRY_CHAIN_LENGTH     ; 48                ; CARRY_CHAIN_LENGTH                            ;
; NOT_GATE_PUSH_BACK     ; ON                ; NOT_GATE_PUSH_BACK                            ;
; CARRY_CNT_EN           ; SMART             ; Untyped                                       ;
; LABWIDE_SCLR           ; ON                ; Untyped                                       ;
; USE_NEW_VERSION        ; TRUE              ; Untyped                                       ;
; CBXI_PARAMETER         ; cntr_u5k          ; Untyped                                       ;
+------------------------+-------------------+-----------------------------------------------+
Note: In order to hide this table in the UI and the text report file, please set the "Show Parameter Settings in Synthesis Report" option in "Analysis and Synthesis Settings -> More Settings" to "Off".


+------------------------------------------------------------------------------------------------------------------+
; Parameter Settings for Inferred Entity Instance: sld_signaltap:auto_signaltap_0                                  ;
+-------------------------------------------------+-----------------------------------------------+----------------+
; Parameter Name                                  ; Value                                         ; Type           ;
+-------------------------------------------------+-----------------------------------------------+----------------+
; lpm_type                                        ; sld_signaltap                                 ; String         ;
; sld_node_info                                   ; 805334528                                     ; Untyped        ;
; SLD_IP_VERSION                                  ; 6                                             ; Signed Integer ;
; SLD_IP_MINOR_VERSION                            ; 0                                             ; Signed Integer ;
; SLD_COMMON_IP_VERSION                           ; 0                                             ; Signed Integer ;
; sld_data_bits                                   ; 8                                             ; Untyped        ;
; sld_trigger_bits                                ; 8                                             ; Untyped        ;
; SLD_NODE_CRC_BITS                               ; 32                                            ; Signed Integer ;
; sld_node_crc_hiword                             ; 62118                                         ; Untyped        ;
; sld_node_crc_loword                             ; 46792                                         ; Untyped        ;
; SLD_INCREMENTAL_ROUTING                         ; 0                                             ; Signed Integer ;
; sld_sample_depth                                ; 128                                           ; Untyped        ;
; sld_segment_size                                ; 128                                           ; Untyped        ;
; SLD_RAM_BLOCK_TYPE                              ; AUTO                                          ; String         ;
; sld_state_bits                                  ; 11                                            ; Untyped        ;
; sld_buffer_full_stop                            ; 1                                             ; Untyped        ;
; SLD_MEM_ADDRESS_BITS                            ; 7                                             ; Signed Integer ;
; SLD_DATA_BIT_CNTR_BITS                          ; 4                                             ; Signed Integer ;
; sld_trigger_level                               ; 1                                             ; Untyped        ;
; sld_trigger_in_enabled                          ; 0                                             ; Untyped        ;
; SLD_HPS_TRIGGER_IN_ENABLED                      ; 0                                             ; Signed Integer ;
; SLD_HPS_TRIGGER_OUT_ENABLED                     ; 0                                             ; Signed Integer ;
; SLD_HPS_EVENT_ENABLED                           ; 0                                             ; Signed Integer ;
; SLD_HPS_EVENT_ID                                ; 0                                             ; Signed Integer ;
; sld_advanced_trigger_entity                     ; basic,1,                                      ; Untyped        ;
; sld_trigger_level_pipeline                      ; 1                                             ; Untyped        ;
; sld_enable_advanced_trigger                     ; 0                                             ; Untyped        ;
; SLD_ADVANCED_TRIGGER_1                          ; NONE                                          ; String         ;
; SLD_ADVANCED_TRIGGER_2                          ; NONE                                          ; String         ;
; SLD_ADVANCED_TRIGGER_3                          ; NONE                                          ; String         ;
; SLD_ADVANCED_TRIGGER_4                          ; NONE                                          ; String         ;
; SLD_ADVANCED_TRIGGER_5                          ; NONE                                          ; String         ;
; SLD_ADVANCED_TRIGGER_6                          ; NONE                                          ; String         ;
; SLD_ADVANCED_TRIGGER_7                          ; NONE                                          ; String         ;
; SLD_ADVANCED_TRIGGER_8                          ; NONE                                          ; String         ;
; SLD_ADVANCED_TRIGGER_9                          ; NONE                                          ; String         ;
; SLD_ADVANCED_TRIGGER_10                         ; NONE                                          ; String         ;
; sld_inversion_mask_length                       ; 45                                            ; Untyped        ;
; sld_inversion_mask                              ; 000000000000000000000000000000000000000000000 ; Untyped        ;
; sld_power_up_trigger                            ; 0                                             ; Untyped        ;
; SLD_STATE_FLOW_MGR_ENTITY                       ; state_flow_mgr_entity.vhd                     ; String         ;
; sld_state_flow_use_generated                    ; 0                                             ; Untyped        ;
; sld_current_resource_width                      ; 1                                             ; Untyped        ;
; sld_attribute_mem_mode                          ; OFF                                           ; Untyped        ;
; SLD_STORAGE_QUALIFIER_BITS                      ; 1                                             ; Signed Integer ;
; SLD_STORAGE_QUALIFIER_GAP_RECORD                ; 0                                             ; Signed Integer ;
; SLD_STORAGE_QUALIFIER_MODE                      ; OFF                                           ; String         ;
; SLD_STORAGE_QUALIFIER_ENABLE_ADVANCED_CONDITION ; 0                                             ; Signed Integer ;
; sld_storage_qualifier_inversion_mask_length     ; 0                                             ; Untyped        ;
; SLD_STORAGE_QUALIFIER_ADVANCED_CONDITION_ENTITY ; basic                                         ; String         ;
; SLD_STORAGE_QUALIFIER_PIPELINE                  ; 0                                             ; Signed Integer ;
+-------------------------------------------------+-----------------------------------------------+----------------+
Note: In order to hide this table in the UI and the text report file, please set the "Show Parameter Settings in Synthesis Report" option in "Analysis and Synthesis Settings -> More Settings" to "Off".


+-------------------------------------------------------------------------------------------------------------------------------------------------------------------------------------------------------------------------------------------------------------------------+
; SignalTap II Logic Analyzer Settings                                                                                                                                                                                                                                    ;
+----------------+------------------+---------------------+------------------+--------------+----------+------------------------+----------------------+--------------------+-----------------------------+-----------------+------------------+--------------------------+
; Instance Index ; Instance Name    ; Trigger Input Width ; Data Input Width ; Sample Depth ; Segments ; Storage Qualifier Type ; Trigger Flow Control ; Trigger Conditions ; Advanced Trigger Conditions ; Trigger In Used ; Trigger Out Used ; Power-Up Trigger Enabled ;
+----------------+------------------+---------------------+------------------+--------------+----------+------------------------+----------------------+--------------------+-----------------------------+-----------------+------------------+--------------------------+
; 0              ; auto_signaltap_0 ; 8                   ; 8                ; 128          ; 1        ; continuous             ; sequential           ; 1                  ; 0                           ; no              ; no               ; no                       ;
+----------------+------------------+---------------------+------------------+--------------+----------+------------------------+----------------------+--------------------+-----------------------------+-----------------+------------------+--------------------------+


+---------------------------------+
; Elapsed Time Per Partition      ;
+------------------+--------------+
; Partition Name   ; Elapsed Time ;
+------------------+--------------+
; Top              ; 00:00:03     ;
; sld_hub:auto_hub ; 00:00:01     ;
+------------------+--------------+


+---------------------------------------------------------------------------------------------------------------------------------------------------------------+
; Connections to In-System Debugging Instance "auto_signaltap_0"                                                                                                ;
+---------------------------------------+---------------+-----------+----------------+-------------------+--------------------------------------------+---------+
; Name                                  ; Type          ; Status    ; Partition Name ; Netlist Type Used ; Actual Connection                          ; Details ;
+---------------------------------------+---------------+-----------+----------------+-------------------+--------------------------------------------+---------+
; clock                                 ; pre-synthesis ; connected ; Top            ; post-synthesis    ; clock                                      ; N/A     ;
; g47_0_25_counter:COUNTER|count[0]     ; pre-synthesis ; connected ; Top            ; post-synthesis    ; g47_0_25_counter:COUNTER|count_previous[0] ; N/A     ;
; g47_0_25_counter:COUNTER|count[0]     ; pre-synthesis ; connected ; Top            ; post-synthesis    ; g47_0_25_counter:COUNTER|count_previous[0] ; N/A     ;
; g47_0_25_counter:COUNTER|count[1]     ; pre-synthesis ; connected ; Top            ; post-synthesis    ; g47_0_25_counter:COUNTER|count_previous[1] ; N/A     ;
; g47_0_25_counter:COUNTER|count[1]     ; pre-synthesis ; connected ; Top            ; post-synthesis    ; g47_0_25_counter:COUNTER|count_previous[1] ; N/A     ;
; g47_0_25_counter:COUNTER|count[2]     ; pre-synthesis ; connected ; Top            ; post-synthesis    ; g47_0_25_counter:COUNTER|count_previous[2] ; N/A     ;
; g47_0_25_counter:COUNTER|count[2]     ; pre-synthesis ; connected ; Top            ; post-synthesis    ; g47_0_25_counter:COUNTER|count_previous[2] ; N/A     ;
; g47_0_25_counter:COUNTER|count[3]     ; pre-synthesis ; connected ; Top            ; post-synthesis    ; g47_0_25_counter:COUNTER|count_previous[3] ; N/A     ;
; g47_0_25_counter:COUNTER|count[3]     ; pre-synthesis ; connected ; Top            ; post-synthesis    ; g47_0_25_counter:COUNTER|count_previous[3] ; N/A     ;
; g47_0_25_counter:COUNTER|count[4]     ; pre-synthesis ; connected ; Top            ; post-synthesis    ; g47_0_25_counter:COUNTER|count_previous[4] ; N/A     ;
; g47_0_25_counter:COUNTER|count[4]     ; pre-synthesis ; connected ; Top            ; post-synthesis    ; g47_0_25_counter:COUNTER|count_previous[4] ; N/A     ;
; g47_0_25_counter:COUNTER|count_enable ; pre-synthesis ; connected ; Top            ; post-synthesis    ; g47_pulse_generator:PULSE|Equal0~7         ; N/A     ;
; g47_0_25_counter:COUNTER|count_enable ; pre-synthesis ; connected ; Top            ; post-synthesis    ; g47_pulse_generator:PULSE|Equal0~7         ; N/A     ;
; g47_0_25_counter:COUNTER|reset        ; pre-synthesis ; connected ; Top            ; post-synthesis    ; counter_reset                              ; N/A     ;
; g47_0_25_counter:COUNTER|reset        ; pre-synthesis ; connected ; Top            ; post-synthesis    ; counter_reset                              ; N/A     ;
; g47_pulse_generator:PULSE|clock       ; pre-synthesis ; connected ; Top            ; post-synthesis    ; clock                                      ; N/A     ;
; g47_pulse_generator:PULSE|clock       ; pre-synthesis ; connected ; Top            ; post-synthesis    ; clock                                      ; N/A     ;
+---------------------------------------+---------------+-----------+----------------+-------------------+--------------------------------------------+---------+


+-------------------------------+
; Analysis & Synthesis Messages ;
+-------------------------------+
Info: *******************************************************************
Info: Running Quartus II 32-bit Analysis & Synthesis
    Info: Version 13.0.1 Build 232 06/12/2013 Service Pack 1 SJ Web Edition
    Info: Processing started: Wed Mar 23 16:02:23 2016
Info: Command: quartus_map --read_settings_files=on --write_settings_files=off g47_enigma -c g47_enigma
Info (20029): Only one processor detected - disabling parallel compilation
Info (12021): Found 2 design units, including 1 entities, in source file g47_permutation.vhd
    Info (12022): Found design unit 1: g47_permutation-permutation
    Info (12023): Found entity 1: g47_permutation
Info (12021): Found 2 design units, including 1 entities, in source file g47_testbed.vhd
    Info (12022): Found design unit 1: g47_testbed-arch
    Info (12023): Found entity 1: g47_testbed
Info (12021): Found 2 design units, including 1 entities, in source file g47_26_barrelshift.vhd
    Info (12022): Found design unit 1: g47_26_barrelshift-arch
    Info (12023): Found entity 1: g47_26_barrelshift
Info (12021): Found 2 design units, including 1 entities, in source file g47_26_5_encoder.vhd
    Info (12022): Found design unit 1: g47_26_5_encoder-arch
    Info (12023): Found entity 1: g47_26_5_encoder
Info (12021): Found 2 design units, including 1 entities, in source file g47_7_segmentdecoder.vhd
    Info (12022): Found design unit 1: g47_7_segmentdecoder-arch
    Info (12023): Found entity 1: g47_7_segmentdecoder
Info (12021): Found 2 design units, including 1 entities, in source file g47_5_26_decoder.vhd
    Info (12022): Found design unit 1: g47_5_26_decoder-arch
    Info (12023): Found entity 1: g47_5_26_decoder
Info (12021): Found 2 design units, including 1 entities, in source file g47_0_25_counter.vhd
    Info (12022): Found design unit 1: g47_0_25_counter-arch
    Info (12023): Found entity 1: g47_0_25_counter
Info (12127): Elaborating entity "g47_testbed" for the top level hierarchy
Warning (12125): Using design file g47_pulse_generator.vhd, which is not specified as a design file for the current project, but contains definitions for 2 design units and 1 entities in project
    Info (12022): Found design unit 1: g47_pulse_generator-arch
    Info (12023): Found entity 1: g47_pulse_generator
Info (12128): Elaborating entity "g47_pulse_generator" for hierarchy "g47_pulse_generator:PULSE"
Info (12128): Elaborating entity "LPM_COUNTER" for hierarchy "g47_pulse_generator:PULSE|LPM_COUNTER:COUNTER"
Info (12130): Elaborated megafunction instantiation "g47_pulse_generator:PULSE|LPM_COUNTER:COUNTER"
Info (12133): Instantiated megafunction "g47_pulse_generator:PULSE|LPM_COUNTER:COUNTER" with the following parameter:
    Info (12134): Parameter "LPM_WIDTH" = "25"
    Info (12134): Parameter "LPM_MODULUS" = "25000000"
    Info (12134): Parameter "LPM_DIRECTION" = "DOWN"
    Info (12134): Parameter "LPM_AVALUE" = "UNUSED"
    Info (12134): Parameter "LPM_SVALUE" = "UNUSED"
    Info (12134): Parameter "LPM_PORT_UPDOWN" = "PORT_CONNECTIVITY"
    Info (12134): Parameter "LPM_PVALUE" = "UNUSED"
    Info (12134): Parameter "LPM_TYPE" = "LPM_COUNTER"
    Info (12134): Parameter "LPM_HINT" = "UNUSED"
Info (12021): Found 1 design units, including 1 entities, in source file db/cntr_u5k.tdf
    Info (12023): Found entity 1: cntr_u5k
Info (12128): Elaborating entity "cntr_u5k" for hierarchy "g47_pulse_generator:PULSE|LPM_COUNTER:COUNTER|cntr_u5k:auto_generated"
Info (12128): Elaborating entity "g47_0_25_counter" for hierarchy "g47_0_25_counter:COUNTER"
Warning (10492): VHDL Process Statement warning at g47_0_25_counter.vhd(30): signal "count_previous" is read inside the Process Statement but isn't in the Process Statement's sensitivity list
Info (12128): Elaborating entity "g47_5_26_decoder" for hierarchy "g47_5_26_decoder:DECODER"
Info (12128): Elaborating entity "g47_26_barrelshift" for hierarchy "g47_26_barrelshift:SHIFTER"
Info (12128): Elaborating entity "g47_26_5_encoder" for hierarchy "g47_26_5_encoder:ENCODER"
Info (12128): Elaborating entity "g47_7_segmentdecoder" for hierarchy "g47_7_segmentdecoder:DISPLAY"
Info (12021): Found 1 design units, including 1 entities, in source file db/altsyncram_vm14.tdf
    Info (12023): Found entity 1: altsyncram_vm14
Info (12021): Found 1 design units, including 1 entities, in source file db/mux_aoc.tdf
    Info (12023): Found entity 1: mux_aoc
Info (12021): Found 1 design units, including 1 entities, in source file db/decode_rqf.tdf
    Info (12023): Found entity 1: decode_rqf
Info (12021): Found 1 design units, including 1 entities, in source file db/cntr_dai.tdf
    Info (12023): Found entity 1: cntr_dai
Info (12021): Found 1 design units, including 1 entities, in source file db/cntr_02j.tdf
    Info (12023): Found entity 1: cntr_02j
Info (12021): Found 1 design units, including 1 entities, in source file db/cntr_sbi.tdf
    Info (12023): Found entity 1: cntr_sbi
Info (12021): Found 1 design units, including 1 entities, in source file db/cmpr_8cc.tdf
    Info (12023): Found entity 1: cmpr_8cc
Info (12021): Found 1 design units, including 1 entities, in source file db/cntr_gui.tdf
    Info (12023): Found entity 1: cntr_gui
Info (12021): Found 1 design units, including 1 entities, in source file db/cmpr_5cc.tdf
    Info (12023): Found entity 1: cmpr_5cc
Info (12033): Analysis and Synthesis generated SignalTap II or debug node instance "auto_signaltap_0"
Info (13000): Registers with preset signals will power-up high
Info (13003): DEV_CLRn pin will set, and not reset, register with preset signal due to NOT Gate Push-Back
Warning (13024): Output pins are stuck at VCC or GND
    Warning (13410): Pin "sld_hub:auto_hub|receive[0][0]" is stuck at GND
Info (35024): Succesfully connected in-system debug instance "auto_signaltap_0" to all 17 required data inputs, trigger inputs, acquisition clocks, and dynamic pins
Info (16010): Generating hard_block partition "hard_block:auto_generated_inst"
    Info (16011): Adding 0 node(s), including 0 DDIO, 0 PLL, 0 transceiver and 0 LCELL
Info (21057): Implemented 837 device resources after synthesis - the final resource count might be different
    Info (21058): Implemented 10 input pins
    Info (21059): Implemented 10 output pins
    Info (21061): Implemented 808 logic cells
    Info (21064): Implemented 8 RAM segments
Info: Quartus II 32-bit Analysis & Synthesis was successful. 0 errors, 4 warnings
    Info: Peak virtual memory: 419 megabytes
    Info: Processing ended: Wed Mar 23 16:02:51 2016
    Info: Elapsed time: 00:00:28
    Info: Total CPU time (on all processors): 00:00:14


