Flow report for g47_lab4
Tue Mar 22 19:21:11 2016
Quartus II 32-bit Version 13.0.1 Build 232 06/12/2013 Service Pack 1 SJ Web Edition


---------------------
; Table of Contents ;
---------------------
  1. Legal Notice
  2. Flow Summary
  3. Flow Settings
  4. Flow Non-Default Global Settings
  5. Flow Elapsed Time
  6. Flow OS Summary
  7. Flow Log
  8. Flow Messages
  9. Flow Suppressed Messages



----------------
; Legal Notice ;
----------------
Copyright (C) 1991-2013 Altera Corporation
Your use of Altera Corporation's design tools, logic functions 
and other software and tools, and its AMPP partner logic 
functions, and any output files from any of the foregoing 
(including device programming or simulation files), and any 
associated documentation or information are expressly subject 
to the terms and conditions of the Altera Program License 
Subscription Agreement, Altera MegaCore Function License 
Agreement, or other applicable license agreement, including, 
without limitation, that your use is for the sole purpose of 
programming logic devices manufactured by Altera and sold by 
Altera or its authorized distributors.  Please refer to the 
applicable agreement for further details.



+--------------------------------------------------------------------------------------+
; Flow Summary                                                                         ;
+------------------------------------+-------------------------------------------------+
; Flow Status                        ; Successful - Tue Mar 22 19:21:11 2016           ;
; Quartus II 32-bit Version          ; 13.0.1 Build 232 06/12/2013 SP 1 SJ Web Edition ;
; Revision Name                      ; g47_lab4                                        ;
; Top-level Entity Name              ; g47_counter_0_25                                ;
; Family                             ; Cyclone II                                      ;
; Device                             ; EP2C20F484C7                                    ;
; Timing Models                      ; Final                                           ;
; Total logic elements               ; 517 / 18,752 ( 3 % )                            ;
;     Total combinational functions  ; 354 / 18,752 ( 2 % )                            ;
;     Dedicated logic registers      ; 379 / 18,752 ( 2 % )                            ;
; Total registers                    ; 379                                             ;
; Total pins                         ; 8 / 315 ( 3 % )                                 ;
; Total virtual pins                 ; 0                                               ;
; Total memory bits                  ; 896 / 239,616 ( < 1 % )                         ;
; Embedded Multiplier 9-bit elements ; 0 / 52 ( 0 % )                                  ;
; Total PLLs                         ; 0 / 4 ( 0 % )                                   ;
+------------------------------------+-------------------------------------------------+


+-----------------------------------------+
; Flow Settings                           ;
+-------------------+---------------------+
; Option            ; Setting             ;
+-------------------+---------------------+
; Start date & time ; 03/22/2016 19:20:33 ;
; Main task         ; Compilation         ;
; Revision Name     ; g47_lab4            ;
+-------------------+---------------------+


+--------------------------------------------------------------------------------------------------------------------------------------------------------------------+
; Flow Non-Default Global Settings                                                                                                                                   ;
+-------------------------------------+------------------------------------------------------------------------+---------------+------------------+------------------+
; Assignment Name                     ; Value                                                                  ; Default Value ; Entity Name      ; Section Id       ;
+-------------------------------------+------------------------------------------------------------------------+---------------+------------------+------------------+
; COMPILER_SIGNATURE_ID               ; 121368679083.145868883200928                                           ; --            ; --               ; --               ;
; EDA_OUTPUT_DATA_FORMAT              ; Vhdl                                                                   ; --            ; --               ; eda_simulation   ;
; EDA_SIMULATION_TOOL                 ; ModelSim-Altera (VHDL)                                                 ; <None>        ; --               ; --               ;
; ENABLE_SIGNALTAP                    ; On                                                                     ; --            ; --               ; --               ;
; MAX_CORE_JUNCTION_TEMP              ; 85                                                                     ; --            ; --               ; --               ;
; MIN_CORE_JUNCTION_TEMP              ; 0                                                                      ; --            ; --               ; --               ;
; PARTITION_COLOR                     ; 16764057                                                               ; --            ; g47_counter_0_25 ; Top              ;
; PARTITION_FITTER_PRESERVATION_LEVEL ; PLACEMENT_AND_ROUTING                                                  ; --            ; g47_counter_0_25 ; Top              ;
; PARTITION_NETLIST_TYPE              ; SOURCE                                                                 ; --            ; g47_counter_0_25 ; Top              ;
; PROJECT_OUTPUT_DIRECTORY            ; output_files                                                           ; --            ; --               ; --               ;
; SLD_FILE                            ; Z:/Documents/DSD_LAB/DSD_47/src/g47_lab4/g47_testbed_auto_stripped.stp ; --            ; --               ; --               ;
; SLD_NODE_CREATOR_ID                 ; 110                                                                    ; --            ; --               ; auto_signaltap_0 ;
; SLD_NODE_ENTITY_NAME                ; sld_signaltap                                                          ; --            ; --               ; auto_signaltap_0 ;
; SLD_NODE_PARAMETER_ASSIGNMENT       ; SLD_NODE_INFO=805334528                                                ; --            ; --               ; auto_signaltap_0 ;
; SLD_NODE_PARAMETER_ASSIGNMENT       ; SLD_POWER_UP_TRIGGER=0                                                 ; --            ; --               ; auto_signaltap_0 ;
; SLD_NODE_PARAMETER_ASSIGNMENT       ; SLD_STORAGE_QUALIFIER_INVERSION_MASK_LENGTH=0                          ; --            ; --               ; auto_signaltap_0 ;
; SLD_NODE_PARAMETER_ASSIGNMENT       ; SLD_SEGMENT_SIZE=128                                                   ; --            ; --               ; auto_signaltap_0 ;
; SLD_NODE_PARAMETER_ASSIGNMENT       ; SLD_ATTRIBUTE_MEM_MODE=OFF                                             ; --            ; --               ; auto_signaltap_0 ;
; SLD_NODE_PARAMETER_ASSIGNMENT       ; SLD_STATE_FLOW_USE_GENERATED=0                                         ; --            ; --               ; auto_signaltap_0 ;
; SLD_NODE_PARAMETER_ASSIGNMENT       ; SLD_STATE_BITS=11                                                      ; --            ; --               ; auto_signaltap_0 ;
; SLD_NODE_PARAMETER_ASSIGNMENT       ; SLD_BUFFER_FULL_STOP=1                                                 ; --            ; --               ; auto_signaltap_0 ;
; SLD_NODE_PARAMETER_ASSIGNMENT       ; SLD_CURRENT_RESOURCE_WIDTH=1                                           ; --            ; --               ; auto_signaltap_0 ;
; SLD_NODE_PARAMETER_ASSIGNMENT       ; SLD_TRIGGER_LEVEL=1                                                    ; --            ; --               ; auto_signaltap_0 ;
; SLD_NODE_PARAMETER_ASSIGNMENT       ; SLD_SAMPLE_DEPTH=128                                                   ; --            ; --               ; auto_signaltap_0 ;
; SLD_NODE_PARAMETER_ASSIGNMENT       ; SLD_TRIGGER_IN_ENABLED=0                                               ; --            ; --               ; auto_signaltap_0 ;
; SLD_NODE_PARAMETER_ASSIGNMENT       ; SLD_TRIGGER_LEVEL_PIPELINE=1                                           ; --            ; --               ; auto_signaltap_0 ;
; SLD_NODE_PARAMETER_ASSIGNMENT       ; SLD_DATA_BITS=7                                                        ; --            ; --               ; auto_signaltap_0 ;
; SLD_NODE_PARAMETER_ASSIGNMENT       ; SLD_TRIGGER_BITS=7                                                     ; --            ; --               ; auto_signaltap_0 ;
; SLD_NODE_PARAMETER_ASSIGNMENT       ; SLD_NODE_CRC_LOWORD=23355                                              ; --            ; --               ; auto_signaltap_0 ;
; SLD_NODE_PARAMETER_ASSIGNMENT       ; SLD_INVERSION_MASK=000000000000000000000000000000000000000000          ; --            ; --               ; auto_signaltap_0 ;
; SLD_NODE_PARAMETER_ASSIGNMENT       ; SLD_INVERSION_MASK_LENGTH=42                                           ; --            ; --               ; auto_signaltap_0 ;
; SLD_NODE_PARAMETER_ASSIGNMENT       ; SLD_NODE_CRC_HIWORD=61861                                              ; --            ; --               ; auto_signaltap_0 ;
; SLD_NODE_PARAMETER_ASSIGNMENT       ; SLD_ADVANCED_TRIGGER_ENTITY=basic,1,                                   ; --            ; --               ; auto_signaltap_0 ;
; SLD_NODE_PARAMETER_ASSIGNMENT       ; SLD_ENABLE_ADVANCED_TRIGGER=0                                          ; --            ; --               ; auto_signaltap_0 ;
; TOP_LEVEL_ENTITY                    ; g47_counter_0_25                                                       ; g47_lab4      ; --               ; --               ;
; USE_SIGNALTAP_FILE                  ; g47_testbed.stp                                                        ; --            ; --               ; --               ;
+-------------------------------------+------------------------------------------------------------------------+---------------+------------------+------------------+


+-------------------------------------------------------------------------------------------------------------------------------+
; Flow Elapsed Time                                                                                                             ;
+---------------------------+--------------+-------------------------+---------------------+------------------------------------+
; Module Name               ; Elapsed Time ; Average Processors Used ; Peak Virtual Memory ; Total CPU Time (on all processors) ;
+---------------------------+--------------+-------------------------+---------------------+------------------------------------+
; Analysis & Synthesis      ; 00:00:12     ; 1.0                     ; 403 MB              ; 00:00:09                           ;
; Fitter                    ; 00:00:09     ; 1.0                     ; 468 MB              ; 00:00:08                           ;
; Assembler                 ; 00:00:03     ; 1.0                     ; 373 MB              ; 00:00:03                           ;
; TimeQuest Timing Analyzer ; 00:00:03     ; 1.0                     ; 329 MB              ; 00:00:01                           ;
; EDA Netlist Writer        ; 00:00:02     ; 1.0                     ; 327 MB              ; 00:00:02                           ;
; Total                     ; 00:00:29     ; --                      ; --                  ; 00:00:23                           ;
+---------------------------+--------------+-------------------------+---------------------+------------------------------------+


+----------------------------------------------------------------------------------------+
; Flow OS Summary                                                                        ;
+---------------------------+------------------+-----------+------------+----------------+
; Module Name               ; Machine Hostname ; OS Name   ; OS Version ; Processor type ;
+---------------------------+------------------+-----------+------------+----------------+
; Analysis & Synthesis      ; JUN564D          ; Windows 7 ; 6.2        ; i686           ;
; Fitter                    ; JUN564D          ; Windows 7 ; 6.2        ; i686           ;
; Assembler                 ; JUN564D          ; Windows 7 ; 6.2        ; i686           ;
; TimeQuest Timing Analyzer ; JUN564D          ; Windows 7 ; 6.2        ; i686           ;
; EDA Netlist Writer        ; JUN564D          ; Windows 7 ; 6.2        ; i686           ;
+---------------------------+------------------+-----------+------------+----------------+


------------
; Flow Log ;
------------
quartus_map --read_settings_files=on --write_settings_files=off g47_lab4 -c g47_lab4
quartus_fit --read_settings_files=off --write_settings_files=off g47_lab4 -c g47_lab4
quartus_asm --read_settings_files=off --write_settings_files=off g47_lab4 -c g47_lab4
quartus_sta g47_lab4 -c g47_lab4
quartus_eda --read_settings_files=off --write_settings_files=off g47_lab4 -c g47_lab4



