TimeQuest Timing Analyzer report for g47_lab2
Mon Feb 15 11:03:56 2016
Quartus II 64-Bit Version 13.0.1 Build 232 06/12/2013 Service Pack 1 SJ Web Edition


---------------------
; Table of Contents ;
---------------------
  1. Legal Notice
  2. TimeQuest Timing Analyzer Summary
  3. Parallel Compilation
  4. Clocks
  5. Slow Model Fmax Summary
  6. Slow Model Setup Summary
  7. Slow Model Hold Summary
  8. Slow Model Recovery Summary
  9. Slow Model Removal Summary
 10. Slow Model Minimum Pulse Width Summary
 11. Propagation Delay
 12. Minimum Propagation Delay
 13. Fast Model Setup Summary
 14. Fast Model Hold Summary
 15. Fast Model Recovery Summary
 16. Fast Model Removal Summary
 17. Fast Model Minimum Pulse Width Summary
 18. Propagation Delay
 19. Minimum Propagation Delay
 20. Multicorner Timing Analysis Summary
 21. Progagation Delay
 22. Minimum Progagation Delay
 23. Clock Transfers
 24. Report TCCS
 25. Report RSKM
 26. Unconstrained Paths
 27. TimeQuest Timing Analyzer Messages



----------------
; Legal Notice ;
----------------
Copyright (C) 1991-2013 Altera Corporation
Your use of Altera Corporation's design tools, logic functions 
and other software and tools, and its AMPP partner logic 
functions, and any output files from any of the foregoing 
(including device programming or simulation files), and any 
associated documentation or information are expressly subject 
to the terms and conditions of the Altera Program License 
Subscription Agreement, Altera MegaCore Function License 
Agreement, or other applicable license agreement, including, 
without limitation, that your use is for the sole purpose of 
programming logic devices manufactured by Altera and sold by 
Altera or its authorized distributors.  Please refer to the 
applicable agreement for further details.



+----------------------------------------------------------------------------------------+
; TimeQuest Timing Analyzer Summary                                                      ;
+--------------------+-------------------------------------------------------------------+
; Quartus II Version ; Version 13.0.1 Build 232 06/12/2013 Service Pack 1 SJ Web Edition ;
; Revision Name      ; g47_lab2                                                          ;
; Device Family      ; Cyclone II                                                        ;
; Device Name        ; EP2C20F484C7                                                      ;
; Timing Models      ; Final                                                             ;
; Delay Model        ; Combined                                                          ;
; Rise/Fall Delays   ; Unavailable                                                       ;
+--------------------+-------------------------------------------------------------------+


+------------------------------------------+
; Parallel Compilation                     ;
+----------------------------+-------------+
; Processors                 ; Number      ;
+----------------------------+-------------+
; Number detected on machine ; 2           ;
; Maximum allowed            ; 2           ;
;                            ;             ;
; Average used               ; 1.00        ;
; Maximum used               ; 1           ;
;                            ;             ;
; Usage by Processor         ; % Time Used ;
;     Processor 1            ; 100.0%      ;
;     Processor 2            ;   0.0%      ;
+----------------------------+-------------+


----------
; Clocks ;
----------
No clocks to report.


---------------------------
; Slow Model Fmax Summary ;
---------------------------
No paths to report.


----------------------------
; Slow Model Setup Summary ;
----------------------------
No paths to report.


---------------------------
; Slow Model Hold Summary ;
---------------------------
No paths to report.


-------------------------------
; Slow Model Recovery Summary ;
-------------------------------
No paths to report.


------------------------------
; Slow Model Removal Summary ;
------------------------------
No paths to report.


------------------------------------------
; Slow Model Minimum Pulse Width Summary ;
------------------------------------------
No paths to report.


+--------------------------------------------------------------+
; Propagation Delay                                            ;
+------------+-------------+--------+--------+--------+--------+
; Input Port ; Output Port ; RR     ; RF     ; FR     ; FF     ;
+------------+-------------+--------+--------+--------+--------+
; letter[0]  ; ERROR       ;        ; 13.007 ; 13.007 ;        ;
; letter[0]  ; INDEX[0]    ; 18.030 ; 17.774 ; 17.774 ; 18.030 ;
; letter[0]  ; INDEX[1]    ; 19.300 ; 17.787 ; 17.787 ; 19.300 ;
; letter[0]  ; INDEX[2]    ; 18.530 ; 18.336 ; 18.336 ; 18.530 ;
; letter[0]  ; INDEX[3]    ; 18.981 ; 18.981 ; 18.981 ; 18.981 ;
; letter[0]  ; INDEX[4]    ; 19.203 ; 19.203 ; 19.203 ; 19.203 ;
; letter[1]  ; ERROR       ;        ; 10.374 ; 10.374 ;        ;
; letter[1]  ; INDEX[0]    ; 17.638 ; 17.638 ; 17.638 ; 17.638 ;
; letter[1]  ; INDEX[1]    ; 18.415 ; 18.415 ; 18.415 ; 18.415 ;
; letter[1]  ; INDEX[2]    ; 18.877 ; 16.901 ; 16.901 ; 18.877 ;
; letter[1]  ; INDEX[3]    ; 19.183 ; 18.031 ; 18.031 ; 19.183 ;
; letter[1]  ; INDEX[4]    ; 19.203 ; 18.253 ; 18.253 ; 19.203 ;
; letter[2]  ; ERROR       ;        ; 12.462 ; 12.462 ;        ;
; letter[2]  ; INDEX[0]    ; 17.485 ; 16.616 ; 16.616 ; 17.485 ;
; letter[2]  ; INDEX[1]    ; 18.390 ; 17.842 ; 17.842 ; 18.390 ;
; letter[2]  ; INDEX[2]    ; 18.304 ; 17.791 ; 17.791 ; 18.304 ;
; letter[2]  ; INDEX[3]    ; 18.610 ; 18.071 ; 18.071 ; 18.610 ;
; letter[2]  ; INDEX[4]    ; 18.630 ; 18.293 ; 18.293 ; 18.630 ;
; letter[3]  ; ERROR       ;        ; 13.462 ; 13.462 ;        ;
; letter[3]  ; INDEX[0]    ; 18.485 ; 17.616 ; 17.616 ; 18.485 ;
; letter[3]  ; INDEX[1]    ; 19.390 ; 18.842 ; 18.842 ; 19.390 ;
; letter[3]  ; INDEX[2]    ; 19.304 ; 18.791 ; 18.791 ; 19.304 ;
; letter[3]  ; INDEX[3]    ; 19.610 ; 19.071 ; 19.071 ; 19.610 ;
; letter[3]  ; INDEX[4]    ; 19.630 ; 19.293 ; 19.293 ; 19.630 ;
; letter[4]  ; ERROR       ;        ; 13.330 ; 13.330 ;        ;
; letter[4]  ; INDEX[0]    ; 18.353 ; 17.484 ; 17.484 ; 18.353 ;
; letter[4]  ; INDEX[1]    ; 19.258 ; 18.710 ; 18.710 ; 19.258 ;
; letter[4]  ; INDEX[2]    ; 19.172 ; 18.659 ; 18.659 ; 19.172 ;
; letter[4]  ; INDEX[3]    ; 19.478 ; 18.939 ; 18.939 ; 19.478 ;
; letter[4]  ; INDEX[4]    ; 19.498 ; 19.161 ; 19.161 ; 19.498 ;
; letter[5]  ; ERROR       ;        ; 12.786 ; 12.786 ;        ;
; letter[5]  ; INDEX[0]    ; 17.809 ; 16.940 ; 16.940 ; 17.809 ;
; letter[5]  ; INDEX[1]    ; 18.714 ; 18.166 ; 18.166 ; 18.714 ;
; letter[5]  ; INDEX[2]    ; 18.628 ; 18.115 ; 18.115 ; 18.628 ;
; letter[5]  ; INDEX[3]    ; 18.934 ; 18.395 ; 18.395 ; 18.934 ;
; letter[5]  ; INDEX[4]    ; 18.954 ; 18.617 ; 18.617 ; 18.954 ;
; letter[6]  ; ERROR       ;        ; 13.423 ; 13.423 ;        ;
; letter[6]  ; INDEX[0]    ; 18.446 ; 17.577 ; 17.577 ; 18.446 ;
; letter[6]  ; INDEX[1]    ; 19.351 ; 18.803 ; 18.803 ; 19.351 ;
; letter[6]  ; INDEX[2]    ; 19.265 ; 18.752 ; 18.752 ; 19.265 ;
; letter[6]  ; INDEX[3]    ; 19.571 ; 19.032 ; 19.032 ; 19.571 ;
; letter[6]  ; INDEX[4]    ; 19.591 ; 19.254 ; 19.254 ; 19.591 ;
; letter[7]  ; ERROR       ;        ; 12.171 ; 12.171 ;        ;
; letter[7]  ; INDEX[0]    ; 17.194 ; 16.325 ; 16.325 ; 17.194 ;
; letter[7]  ; INDEX[1]    ; 18.099 ; 17.551 ; 17.551 ; 18.099 ;
; letter[7]  ; INDEX[2]    ; 18.013 ; 17.500 ; 17.500 ; 18.013 ;
; letter[7]  ; INDEX[3]    ; 18.319 ; 17.780 ; 17.780 ; 18.319 ;
; letter[7]  ; INDEX[4]    ; 18.339 ; 18.002 ; 18.002 ; 18.339 ;
; letter[8]  ; ERROR       ;        ; 11.913 ; 11.913 ;        ;
; letter[8]  ; INDEX[0]    ; 16.936 ; 16.705 ; 16.705 ; 16.936 ;
; letter[8]  ; INDEX[1]    ; 17.623 ; 17.482 ; 17.482 ; 17.623 ;
; letter[8]  ; INDEX[2]    ; 17.944 ; 17.242 ; 17.242 ; 17.944 ;
; letter[8]  ; INDEX[3]    ; 18.250 ; 17.098 ; 17.098 ; 18.250 ;
; letter[8]  ; INDEX[4]    ; 18.270 ; 17.320 ; 17.320 ; 18.270 ;
; letter[9]  ; ERROR       ;        ; 11.747 ; 11.747 ;        ;
; letter[9]  ; INDEX[0]    ; 16.770 ; 16.539 ; 16.539 ; 16.770 ;
; letter[9]  ; INDEX[1]    ; 17.457 ; 17.316 ; 17.316 ; 17.457 ;
; letter[9]  ; INDEX[2]    ; 17.778 ; 17.076 ; 17.076 ; 17.778 ;
; letter[9]  ; INDEX[3]    ; 18.084 ; 16.932 ; 16.932 ; 18.084 ;
; letter[9]  ; INDEX[4]    ; 18.104 ; 17.154 ; 17.154 ; 18.104 ;
; letter[10] ; ERROR       ;        ; 13.186 ; 13.186 ;        ;
; letter[10] ; INDEX[0]    ; 18.209 ; 17.953 ; 17.953 ; 18.209 ;
; letter[10] ; INDEX[1]    ; 19.479 ; 17.966 ; 17.966 ; 19.479 ;
; letter[10] ; INDEX[2]    ; 18.709 ; 18.515 ; 18.515 ; 18.709 ;
; letter[10] ; INDEX[3]    ; 19.160 ; 19.160 ; 19.160 ; 19.160 ;
; letter[10] ; INDEX[4]    ; 19.382 ; 19.382 ; 19.382 ; 19.382 ;
; letter[11] ; ERROR       ;        ; 13.476 ; 13.476 ;        ;
; letter[11] ; INDEX[0]    ; 18.499 ; 18.243 ; 18.243 ; 18.499 ;
; letter[11] ; INDEX[1]    ; 19.769 ; 18.256 ; 18.256 ; 19.769 ;
; letter[11] ; INDEX[2]    ; 18.999 ; 18.805 ; 18.805 ; 18.999 ;
; letter[11] ; INDEX[3]    ; 19.450 ; 19.450 ; 19.450 ; 19.450 ;
; letter[11] ; INDEX[4]    ; 19.672 ; 19.672 ; 19.672 ; 19.672 ;
; letter[12] ; ERROR       ;        ; 13.154 ; 13.154 ;        ;
; letter[12] ; INDEX[0]    ; 18.177 ; 17.921 ; 17.921 ; 18.177 ;
; letter[12] ; INDEX[1]    ; 19.447 ; 17.934 ; 17.934 ; 19.447 ;
; letter[12] ; INDEX[2]    ; 18.677 ; 18.483 ; 18.483 ; 18.677 ;
; letter[12] ; INDEX[3]    ; 19.128 ; 19.128 ; 19.128 ; 19.128 ;
; letter[12] ; INDEX[4]    ; 19.350 ; 19.350 ; 19.350 ; 19.350 ;
; letter[13] ; ERROR       ;        ; 12.496 ; 12.496 ;        ;
; letter[13] ; INDEX[0]    ; 17.519 ; 17.263 ; 17.263 ; 17.519 ;
; letter[13] ; INDEX[1]    ; 18.789 ; 17.276 ; 17.276 ; 18.789 ;
; letter[13] ; INDEX[2]    ; 18.019 ; 17.825 ; 17.825 ; 18.019 ;
; letter[13] ; INDEX[3]    ; 18.470 ; 18.470 ; 18.470 ; 18.470 ;
; letter[13] ; INDEX[4]    ; 18.692 ; 18.692 ; 18.692 ; 18.692 ;
; letter[14] ; ERROR       ;        ; 12.017 ; 12.017 ;        ;
; letter[14] ; INDEX[0]    ; 17.040 ; 16.784 ; 16.784 ; 17.040 ;
; letter[14] ; INDEX[1]    ; 18.310 ; 16.797 ; 16.797 ; 18.310 ;
; letter[14] ; INDEX[2]    ; 17.540 ; 17.346 ; 17.346 ; 17.540 ;
; letter[14] ; INDEX[3]    ; 17.991 ; 17.991 ; 17.991 ; 17.991 ;
; letter[14] ; INDEX[4]    ; 18.213 ; 18.213 ; 18.213 ; 18.213 ;
; letter[15] ; ERROR       ;        ; 11.651 ; 11.651 ;        ;
; letter[15] ; INDEX[0]    ; 16.674 ; 15.741 ; 15.741 ; 16.674 ;
; letter[15] ; INDEX[1]    ; 17.361 ; 16.437 ; 16.437 ; 17.361 ;
; letter[15] ; INDEX[2]    ; 16.899 ; 16.980 ; 16.980 ; 16.899 ;
; letter[15] ; INDEX[3]    ; 17.205 ; 16.666 ; 16.666 ; 17.205 ;
; letter[15] ; INDEX[4]    ; 17.225 ; 16.888 ; 16.888 ; 17.225 ;
; letter[16] ; ERROR       ;        ; 13.034 ; 13.034 ;        ;
; letter[16] ; INDEX[0]    ; 18.057 ; 17.801 ; 17.801 ; 18.057 ;
; letter[16] ; INDEX[1]    ; 19.327 ; 17.814 ; 17.814 ; 19.327 ;
; letter[16] ; INDEX[2]    ; 18.557 ; 18.363 ; 18.363 ; 18.557 ;
; letter[16] ; INDEX[3]    ; 19.008 ; 19.008 ; 19.008 ; 19.008 ;
; letter[16] ; INDEX[4]    ; 19.230 ; 19.230 ; 19.230 ; 19.230 ;
; letter[17] ; ERROR       ;        ; 11.466 ; 11.466 ;        ;
; letter[17] ; INDEX[0]    ; 16.726 ; 16.726 ; 16.726 ; 16.726 ;
; letter[17] ; INDEX[1]    ; 17.503 ; 17.503 ; 17.503 ; 17.503 ;
; letter[17] ; INDEX[2]    ; 17.965 ; 16.795 ; 16.795 ; 17.965 ;
; letter[17] ; INDEX[3]    ; 18.271 ; 17.119 ; 17.119 ; 18.271 ;
; letter[17] ; INDEX[4]    ; 18.291 ; 17.341 ; 17.341 ; 18.291 ;
; letter[18] ; ERROR       ;        ; 11.161 ; 11.161 ;        ;
; letter[18] ; INDEX[0]    ; 17.310 ; 17.310 ; 17.310 ; 17.310 ;
; letter[18] ; INDEX[1]    ; 18.087 ; 18.087 ; 18.087 ; 18.087 ;
; letter[18] ; INDEX[2]    ; 18.549 ; 16.573 ; 16.573 ; 18.549 ;
; letter[18] ; INDEX[3]    ; 18.855 ; 17.703 ; 17.703 ; 18.855 ;
; letter[18] ; INDEX[4]    ; 18.875 ; 17.925 ; 17.925 ; 18.875 ;
; letter[19] ; ERROR       ;        ; 12.439 ; 12.439 ;        ;
; letter[19] ; INDEX[0]    ; 18.330 ; 18.330 ; 18.330 ; 18.330 ;
; letter[19] ; INDEX[1]    ; 19.107 ; 19.107 ; 19.107 ; 19.107 ;
; letter[19] ; INDEX[2]    ; 19.569 ; 17.593 ; 17.593 ; 19.569 ;
; letter[19] ; INDEX[3]    ; 19.875 ; 18.723 ; 18.723 ; 19.875 ;
; letter[19] ; INDEX[4]    ; 19.895 ; 18.945 ; 18.945 ; 19.895 ;
; letter[20] ; ERROR       ;        ; 12.433 ; 12.433 ;        ;
; letter[20] ; INDEX[0]    ; 18.324 ; 18.324 ; 18.324 ; 18.324 ;
; letter[20] ; INDEX[1]    ; 19.101 ; 19.101 ; 19.101 ; 19.101 ;
; letter[20] ; INDEX[2]    ; 19.563 ; 17.587 ; 17.587 ; 19.563 ;
; letter[20] ; INDEX[3]    ; 19.869 ; 18.717 ; 18.717 ; 19.869 ;
; letter[20] ; INDEX[4]    ; 19.889 ; 18.939 ; 18.939 ; 19.889 ;
; letter[21] ; ERROR       ;        ; 12.552 ; 12.552 ;        ;
; letter[21] ; INDEX[0]    ; 18.443 ; 18.443 ; 18.443 ; 18.443 ;
; letter[21] ; INDEX[1]    ; 19.220 ; 19.220 ; 19.220 ; 19.220 ;
; letter[21] ; INDEX[2]    ; 19.682 ; 17.706 ; 17.706 ; 19.682 ;
; letter[21] ; INDEX[3]    ; 19.988 ; 18.836 ; 18.836 ; 19.988 ;
; letter[21] ; INDEX[4]    ; 20.008 ; 19.058 ; 19.058 ; 20.008 ;
; letter[22] ; ERROR       ;        ; 12.242 ; 12.242 ;        ;
; letter[22] ; INDEX[0]    ; 18.133 ; 18.133 ; 18.133 ; 18.133 ;
; letter[22] ; INDEX[1]    ; 18.910 ; 18.910 ; 18.910 ; 18.910 ;
; letter[22] ; INDEX[2]    ; 19.372 ; 17.396 ; 17.396 ; 19.372 ;
; letter[22] ; INDEX[3]    ; 19.678 ; 18.526 ; 18.526 ; 19.678 ;
; letter[22] ; INDEX[4]    ; 19.698 ; 18.748 ; 18.748 ; 19.698 ;
; letter[23] ; ERROR       ;        ; 10.608 ; 10.608 ;        ;
; letter[23] ; INDEX[0]    ; 17.002 ; 17.002 ; 17.002 ; 17.002 ;
; letter[23] ; INDEX[1]    ; 17.779 ; 17.779 ; 17.779 ; 17.779 ;
; letter[23] ; INDEX[2]    ; 18.241 ; 16.265 ; 16.265 ; 18.241 ;
; letter[23] ; INDEX[3]    ; 18.547 ; 17.395 ; 17.395 ; 18.547 ;
; letter[23] ; INDEX[4]    ; 18.567 ; 17.617 ; 17.617 ; 18.567 ;
; letter[24] ; ERROR       ;        ; 11.053 ; 11.053 ;        ;
; letter[24] ; INDEX[0]    ; 17.446 ; 17.446 ; 17.446 ; 17.446 ;
; letter[24] ; INDEX[1]    ; 18.223 ; 18.223 ; 18.223 ; 18.223 ;
; letter[24] ; INDEX[2]    ; 18.685 ; 16.709 ; 16.709 ; 18.685 ;
; letter[24] ; INDEX[3]    ; 18.991 ; 17.839 ; 17.839 ; 18.991 ;
; letter[24] ; INDEX[4]    ; 19.011 ; 18.061 ; 18.061 ; 19.011 ;
; letter[25] ; ERROR       ;        ; 10.412 ; 10.412 ;        ;
; letter[25] ; INDEX[0]    ; 17.774 ; 17.774 ; 17.774 ; 17.774 ;
; letter[25] ; INDEX[1]    ; 18.551 ; 18.551 ; 18.551 ; 18.551 ;
; letter[25] ; INDEX[2]    ; 19.013 ; 17.037 ; 17.037 ; 19.013 ;
; letter[25] ; INDEX[3]    ; 19.319 ; 18.167 ; 18.167 ; 19.319 ;
; letter[25] ; INDEX[4]    ; 19.339 ; 18.389 ; 18.389 ; 19.339 ;
+------------+-------------+--------+--------+--------+--------+


+--------------------------------------------------------------+
; Minimum Propagation Delay                                    ;
+------------+-------------+--------+--------+--------+--------+
; Input Port ; Output Port ; RR     ; RF     ; FR     ; FF     ;
+------------+-------------+--------+--------+--------+--------+
; letter[0]  ; ERROR       ;        ; 13.007 ; 13.007 ;        ;
; letter[0]  ; INDEX[0]    ; 11.987 ; 11.987 ; 11.987 ; 11.987 ;
; letter[0]  ; INDEX[1]    ; 13.174 ; 13.174 ; 13.174 ; 13.174 ;
; letter[0]  ; INDEX[2]    ; 12.910 ; 14.182 ; 14.182 ; 12.910 ;
; letter[0]  ; INDEX[3]    ; 12.707 ; 12.707 ; 12.707 ; 12.707 ;
; letter[0]  ; INDEX[4]    ; 12.929 ; 12.929 ; 12.929 ; 12.929 ;
; letter[1]  ; ERROR       ;        ; 10.374 ; 10.374 ;        ;
; letter[1]  ; INDEX[0]    ; 12.977 ; 12.410 ; 12.410 ; 12.977 ;
; letter[1]  ; INDEX[1]    ; 12.466 ; 13.357 ; 13.357 ; 12.466 ;
; letter[1]  ; INDEX[2]    ; 12.464 ; 14.178 ; 14.178 ; 12.464 ;
; letter[1]  ; INDEX[3]    ; 13.238 ; 11.587 ; 11.587 ; 13.238 ;
; letter[1]  ; INDEX[4]    ; 14.184 ; 12.095 ; 12.095 ; 14.184 ;
; letter[2]  ; ERROR       ;        ; 12.462 ; 12.462 ;        ;
; letter[2]  ; INDEX[0]    ; 12.678 ; 12.678 ; 12.678 ; 12.678 ;
; letter[2]  ; INDEX[1]    ; 12.913 ; 12.913 ; 12.913 ; 12.913 ;
; letter[2]  ; INDEX[2]    ; 13.816 ; 12.447 ; 12.447 ; 13.816 ;
; letter[2]  ; INDEX[3]    ; 12.558 ; 12.753 ; 12.753 ; 12.558 ;
; letter[2]  ; INDEX[4]    ; 12.578 ; 12.773 ; 12.773 ; 12.578 ;
; letter[3]  ; ERROR       ;        ; 13.462 ; 13.462 ;        ;
; letter[3]  ; INDEX[0]    ; 12.970 ; 12.970 ; 12.970 ; 12.970 ;
; letter[3]  ; INDEX[1]    ; 13.648 ; 13.648 ; 13.648 ; 13.648 ;
; letter[3]  ; INDEX[2]    ; 14.090 ; 13.441 ; 13.441 ; 14.090 ;
; letter[3]  ; INDEX[3]    ; 12.684 ; 13.747 ; 13.747 ; 12.684 ;
; letter[3]  ; INDEX[4]    ; 12.704 ; 13.767 ; 13.767 ; 12.704 ;
; letter[4]  ; ERROR       ;        ; 13.330 ; 13.330 ;        ;
; letter[4]  ; INDEX[0]    ; 12.841 ; 12.841 ; 12.841 ; 12.841 ;
; letter[4]  ; INDEX[1]    ; 12.664 ; 12.664 ; 12.664 ; 12.664 ;
; letter[4]  ; INDEX[2]    ; 13.179 ; 14.935 ; 14.935 ; 13.179 ;
; letter[4]  ; INDEX[3]    ; 12.874 ; 13.685 ; 13.685 ; 12.874 ;
; letter[4]  ; INDEX[4]    ; 12.894 ; 13.705 ; 13.705 ; 12.894 ;
; letter[5]  ; ERROR       ;        ; 12.786 ; 12.786 ;        ;
; letter[5]  ; INDEX[0]    ; 12.290 ; 12.290 ; 12.290 ; 12.290 ;
; letter[5]  ; INDEX[1]    ; 12.971 ; 12.971 ; 12.971 ; 12.971 ;
; letter[5]  ; INDEX[2]    ; 12.626 ; 14.391 ; 14.391 ; 12.626 ;
; letter[5]  ; INDEX[3]    ; 12.821 ; 13.164 ; 13.164 ; 12.821 ;
; letter[5]  ; INDEX[4]    ; 12.841 ; 13.184 ; 13.184 ; 12.841 ;
; letter[6]  ; ERROR       ;        ; 13.423 ; 13.423 ;        ;
; letter[6]  ; INDEX[0]    ; 12.934 ; 12.934 ; 12.934 ; 12.934 ;
; letter[6]  ; INDEX[1]    ; 13.492 ; 13.492 ; 13.492 ; 13.492 ;
; letter[6]  ; INDEX[2]    ; 13.189 ; 15.028 ; 15.028 ; 13.189 ;
; letter[6]  ; INDEX[3]    ; 13.495 ; 12.519 ; 12.519 ; 13.495 ;
; letter[6]  ; INDEX[4]    ; 13.515 ; 12.539 ; 12.539 ; 13.515 ;
; letter[7]  ; ERROR       ;        ; 12.171 ; 12.171 ;        ;
; letter[7]  ; INDEX[0]    ; 12.384 ; 12.384 ; 12.384 ; 12.384 ;
; letter[7]  ; INDEX[1]    ; 12.619 ; 12.619 ; 12.619 ; 12.619 ;
; letter[7]  ; INDEX[2]    ; 12.288 ; 13.776 ; 13.776 ; 12.288 ;
; letter[7]  ; INDEX[3]    ; 12.594 ; 12.404 ; 12.404 ; 12.594 ;
; letter[7]  ; INDEX[4]    ; 12.614 ; 12.424 ; 12.424 ; 12.614 ;
; letter[8]  ; ERROR       ;        ; 11.913 ; 11.913 ;        ;
; letter[8]  ; INDEX[0]    ; 13.222 ; 12.706 ; 12.706 ; 13.222 ;
; letter[8]  ; INDEX[1]    ; 13.895 ; 13.895 ; 13.895 ; 13.895 ;
; letter[8]  ; INDEX[2]    ; 13.224 ; 12.971 ; 12.971 ; 13.224 ;
; letter[8]  ; INDEX[3]    ; 13.204 ; 13.114 ; 13.114 ; 13.204 ;
; letter[8]  ; INDEX[4]    ; 13.426 ; 13.426 ; 13.426 ; 13.426 ;
; letter[9]  ; ERROR       ;        ; 11.747 ; 11.747 ;        ;
; letter[9]  ; INDEX[0]    ; 13.067 ; 12.414 ; 12.414 ; 13.067 ;
; letter[9]  ; INDEX[1]    ; 13.741 ; 13.620 ; 13.620 ; 13.741 ;
; letter[9]  ; INDEX[2]    ; 13.058 ; 12.679 ; 12.679 ; 13.058 ;
; letter[9]  ; INDEX[3]    ; 13.050 ; 12.948 ; 12.948 ; 13.050 ;
; letter[9]  ; INDEX[4]    ; 13.272 ; 13.272 ; 13.272 ; 13.272 ;
; letter[10] ; ERROR       ;        ; 13.186 ; 13.186 ;        ;
; letter[10] ; INDEX[0]    ; 11.821 ; 12.538 ; 12.538 ; 11.821 ;
; letter[10] ; INDEX[1]    ; 12.479 ; 13.788 ; 13.788 ; 12.479 ;
; letter[10] ; INDEX[2]    ; 12.956 ; 12.925 ; 12.925 ; 12.956 ;
; letter[10] ; INDEX[3]    ; 12.722 ; 12.722 ; 12.722 ; 12.722 ;
; letter[10] ; INDEX[4]    ; 12.944 ; 12.944 ; 12.944 ; 12.944 ;
; letter[11] ; ERROR       ;        ; 13.476 ; 13.476 ;        ;
; letter[11] ; INDEX[0]    ; 12.457 ; 12.457 ; 12.457 ; 12.457 ;
; letter[11] ; INDEX[1]    ; 13.636 ; 13.636 ; 13.636 ; 13.636 ;
; letter[11] ; INDEX[2]    ; 14.269 ; 13.465 ; 13.465 ; 14.269 ;
; letter[11] ; INDEX[3]    ; 13.262 ; 13.262 ; 13.262 ; 13.262 ;
; letter[11] ; INDEX[4]    ; 13.484 ; 13.484 ; 13.484 ; 13.484 ;
; letter[12] ; ERROR       ;        ; 13.154 ; 13.154 ;        ;
; letter[12] ; INDEX[0]    ; 12.123 ; 12.123 ; 12.123 ; 12.123 ;
; letter[12] ; INDEX[1]    ; 13.470 ; 13.559 ; 13.559 ; 13.470 ;
; letter[12] ; INDEX[2]    ; 13.062 ; 14.466 ; 14.466 ; 13.062 ;
; letter[12] ; INDEX[3]    ; 12.859 ; 12.859 ; 12.859 ; 12.859 ;
; letter[12] ; INDEX[4]    ; 13.081 ; 13.081 ; 13.081 ; 13.081 ;
; letter[13] ; ERROR       ;        ; 12.496 ; 12.496 ;        ;
; letter[13] ; INDEX[0]    ; 12.360 ; 12.360 ; 12.360 ; 12.360 ;
; letter[13] ; INDEX[1]    ; 12.964 ; 13.093 ; 13.093 ; 12.964 ;
; letter[13] ; INDEX[2]    ; 13.441 ; 13.808 ; 13.808 ; 13.441 ;
; letter[13] ; INDEX[3]    ; 13.487 ; 13.487 ; 13.487 ; 13.487 ;
; letter[13] ; INDEX[4]    ; 13.709 ; 13.568 ; 13.568 ; 13.709 ;
; letter[14] ; ERROR       ;        ; 12.017 ; 12.017 ;        ;
; letter[14] ; INDEX[0]    ; 11.739 ; 11.739 ; 11.739 ; 11.739 ;
; letter[14] ; INDEX[1]    ; 12.336 ; 12.376 ; 12.376 ; 12.336 ;
; letter[14] ; INDEX[2]    ; 12.813 ; 13.329 ; 13.329 ; 12.813 ;
; letter[14] ; INDEX[3]    ; 12.866 ; 12.866 ; 12.866 ; 12.866 ;
; letter[14] ; INDEX[4]    ; 13.088 ; 12.940 ; 12.940 ; 13.088 ;
; letter[15] ; ERROR       ;        ; 11.651 ; 11.651 ;        ;
; letter[15] ; INDEX[0]    ; 12.246 ; 13.277 ; 13.277 ; 12.246 ;
; letter[15] ; INDEX[1]    ; 13.452 ; 13.950 ; 13.950 ; 13.452 ;
; letter[15] ; INDEX[2]    ; 12.536 ; 14.923 ; 14.923 ; 12.536 ;
; letter[15] ; INDEX[3]    ; 13.116 ; 12.852 ; 12.852 ; 13.116 ;
; letter[15] ; INDEX[4]    ; 13.338 ; 13.338 ; 13.338 ; 13.338 ;
; letter[16] ; ERROR       ;        ; 13.034 ; 13.034 ;        ;
; letter[16] ; INDEX[0]    ; 12.390 ; 11.665 ; 11.665 ; 12.390 ;
; letter[16] ; INDEX[1]    ; 13.636 ; 11.988 ; 11.988 ; 13.636 ;
; letter[16] ; INDEX[2]    ; 12.777 ; 12.465 ; 12.465 ; 12.777 ;
; letter[16] ; INDEX[3]    ; 12.574 ; 12.574 ; 12.574 ; 12.574 ;
; letter[16] ; INDEX[4]    ; 12.592 ; 12.796 ; 12.796 ; 12.592 ;
; letter[17] ; ERROR       ;        ; 11.466 ; 11.466 ;        ;
; letter[17] ; INDEX[0]    ; 12.034 ; 13.490 ; 13.490 ; 12.034 ;
; letter[17] ; INDEX[1]    ; 13.546 ; 12.420 ; 12.420 ; 13.546 ;
; letter[17] ; INDEX[2]    ; 11.563 ; 14.038 ; 14.038 ; 11.563 ;
; letter[17] ; INDEX[3]    ; 12.301 ; 12.667 ; 12.667 ; 12.301 ;
; letter[17] ; INDEX[4]    ; 13.378 ; 12.131 ; 12.131 ; 13.378 ;
; letter[18] ; ERROR       ;        ; 11.161 ; 11.161 ;        ;
; letter[18] ; INDEX[0]    ; 13.632 ; 11.850 ; 11.850 ; 13.632 ;
; letter[18] ; INDEX[1]    ; 12.232 ; 13.783 ; 13.783 ; 12.232 ;
; letter[18] ; INDEX[2]    ; 13.239 ; 11.375 ; 11.375 ; 13.239 ;
; letter[18] ; INDEX[3]    ; 12.968 ; 12.113 ; 12.113 ; 12.968 ;
; letter[18] ; INDEX[4]    ; 11.943 ; 12.870 ; 12.870 ; 11.943 ;
; letter[19] ; ERROR       ;        ; 12.439 ; 12.439 ;        ;
; letter[19] ; INDEX[0]    ; 11.630 ; 12.479 ; 12.479 ; 11.630 ;
; letter[19] ; INDEX[1]    ; 12.795 ; 13.024 ; 13.024 ; 12.795 ;
; letter[19] ; INDEX[2]    ; 14.054 ; 12.424 ; 12.424 ; 14.054 ;
; letter[19] ; INDEX[3]    ; 12.763 ; 12.331 ; 12.331 ; 12.763 ;
; letter[19] ; INDEX[4]    ; 12.161 ; 12.771 ; 12.771 ; 12.161 ;
; letter[20] ; ERROR       ;        ; 12.433 ; 12.433 ;        ;
; letter[20] ; INDEX[0]    ; 12.599 ; 11.496 ; 11.496 ; 12.599 ;
; letter[20] ; INDEX[1]    ; 13.129 ; 12.661 ; 12.661 ; 13.129 ;
; letter[20] ; INDEX[2]    ; 12.243 ; 13.442 ; 13.442 ; 12.243 ;
; letter[20] ; INDEX[3]    ; 12.150 ; 12.629 ; 12.629 ; 12.150 ;
; letter[20] ; INDEX[4]    ; 12.851 ; 11.980 ; 11.980 ; 12.851 ;
; letter[21] ; ERROR       ;        ; 12.552 ; 12.552 ;        ;
; letter[21] ; INDEX[0]    ; 12.062 ; 13.096 ; 13.096 ; 12.062 ;
; letter[21] ; INDEX[1]    ; 13.406 ; 12.149 ; 12.149 ; 13.406 ;
; letter[21] ; INDEX[2]    ; 12.986 ; 12.899 ; 12.899 ; 12.986 ;
; letter[21] ; INDEX[3]    ; 12.536 ; 12.536 ; 12.536 ; 12.536 ;
; letter[21] ; INDEX[4]    ; 12.753 ; 12.505 ; 12.505 ; 12.753 ;
; letter[22] ; ERROR       ;        ; 12.242 ; 12.242 ;        ;
; letter[22] ; INDEX[0]    ; 11.933 ; 11.954 ; 11.954 ; 11.933 ;
; letter[22] ; INDEX[1]    ; 11.851 ; 13.533 ; 13.533 ; 11.851 ;
; letter[22] ; INDEX[2]    ; 12.678 ; 12.717 ; 12.717 ; 12.678 ;
; letter[22] ; INDEX[3]    ; 12.328 ; 12.328 ; 12.328 ; 12.328 ;
; letter[22] ; INDEX[4]    ; 12.402 ; 12.415 ; 12.415 ; 12.402 ;
; letter[23] ; ERROR       ;        ; 10.608 ; 10.608 ;        ;
; letter[23] ; INDEX[0]    ; 11.776 ; 12.634 ; 12.634 ; 11.776 ;
; letter[23] ; INDEX[1]    ; 12.361 ; 13.080 ; 13.080 ; 12.361 ;
; letter[23] ; INDEX[2]    ; 12.223 ; 14.314 ; 14.314 ; 12.223 ;
; letter[23] ; INDEX[3]    ; 12.961 ; 11.811 ; 11.811 ; 12.961 ;
; letter[23] ; INDEX[4]    ; 13.576 ; 11.990 ; 11.990 ; 13.576 ;
; letter[24] ; ERROR       ;        ; 11.053 ; 11.053 ;        ;
; letter[24] ; INDEX[0]    ; 13.145 ; 12.050 ; 12.050 ; 13.145 ;
; letter[24] ; INDEX[1]    ; 13.135 ; 12.687 ; 12.687 ; 13.135 ;
; letter[24] ; INDEX[2]    ; 12.668 ; 12.685 ; 12.685 ; 12.668 ;
; letter[24] ; INDEX[3]    ; 13.406 ; 12.256 ; 12.256 ; 13.406 ;
; letter[24] ; INDEX[4]    ; 12.316 ; 12.764 ; 12.764 ; 12.316 ;
; letter[25] ; ERROR       ;        ; 10.412 ; 10.412 ;        ;
; letter[25] ; INDEX[0]    ; 12.504 ; 12.422 ; 12.422 ; 12.504 ;
; letter[25] ; INDEX[1]    ; 13.007 ; 12.560 ; 12.560 ; 13.007 ;
; letter[25] ; INDEX[2]    ; 12.633 ; 12.558 ; 12.558 ; 12.633 ;
; letter[25] ; INDEX[3]    ; 11.681 ; 14.056 ; 14.056 ; 11.681 ;
; letter[25] ; INDEX[4]    ; 12.189 ; 12.636 ; 12.636 ; 12.189 ;
+------------+-------------+--------+--------+--------+--------+


----------------------------
; Fast Model Setup Summary ;
----------------------------
No paths to report.


---------------------------
; Fast Model Hold Summary ;
---------------------------
No paths to report.


-------------------------------
; Fast Model Recovery Summary ;
-------------------------------
No paths to report.


------------------------------
; Fast Model Removal Summary ;
------------------------------
No paths to report.


------------------------------------------
; Fast Model Minimum Pulse Width Summary ;
------------------------------------------
No paths to report.


+----------------------------------------------------------+
; Propagation Delay                                        ;
+------------+-------------+-------+-------+-------+-------+
; Input Port ; Output Port ; RR    ; RF    ; FR    ; FF    ;
+------------+-------------+-------+-------+-------+-------+
; letter[0]  ; ERROR       ;       ; 6.358 ; 6.358 ;       ;
; letter[0]  ; INDEX[0]    ; 8.098 ; 8.033 ; 8.033 ; 8.098 ;
; letter[0]  ; INDEX[1]    ; 8.558 ; 8.012 ; 8.012 ; 8.558 ;
; letter[0]  ; INDEX[2]    ; 8.314 ; 8.200 ; 8.200 ; 8.314 ;
; letter[0]  ; INDEX[3]    ; 8.450 ; 8.450 ; 8.450 ; 8.450 ;
; letter[0]  ; INDEX[4]    ; 8.542 ; 8.542 ; 8.542 ; 8.542 ;
; letter[1]  ; ERROR       ;       ; 5.383 ; 5.383 ;       ;
; letter[1]  ; INDEX[0]    ; 7.931 ; 7.931 ; 7.931 ; 7.931 ;
; letter[1]  ; INDEX[1]    ; 8.213 ; 8.213 ; 8.213 ; 8.213 ;
; letter[1]  ; INDEX[2]    ; 8.378 ; 7.691 ; 7.691 ; 8.378 ;
; letter[1]  ; INDEX[3]    ; 8.477 ; 8.044 ; 8.044 ; 8.477 ;
; letter[1]  ; INDEX[4]    ; 8.498 ; 8.136 ; 8.136 ; 8.498 ;
; letter[2]  ; ERROR       ;       ; 6.157 ; 6.157 ;       ;
; letter[2]  ; INDEX[0]    ; 7.897 ; 7.601 ; 7.601 ; 7.897 ;
; letter[2]  ; INDEX[1]    ; 8.261 ; 8.073 ; 8.073 ; 8.261 ;
; letter[2]  ; INDEX[2]    ; 8.238 ; 7.999 ; 7.999 ; 8.238 ;
; letter[2]  ; INDEX[3]    ; 8.337 ; 8.153 ; 8.153 ; 8.337 ;
; letter[2]  ; INDEX[4]    ; 8.358 ; 8.245 ; 8.245 ; 8.358 ;
; letter[3]  ; ERROR       ;       ; 6.555 ; 6.555 ;       ;
; letter[3]  ; INDEX[0]    ; 8.295 ; 7.999 ; 7.999 ; 8.295 ;
; letter[3]  ; INDEX[1]    ; 8.659 ; 8.471 ; 8.471 ; 8.659 ;
; letter[3]  ; INDEX[2]    ; 8.636 ; 8.397 ; 8.397 ; 8.636 ;
; letter[3]  ; INDEX[3]    ; 8.735 ; 8.551 ; 8.551 ; 8.735 ;
; letter[3]  ; INDEX[4]    ; 8.756 ; 8.643 ; 8.643 ; 8.756 ;
; letter[4]  ; ERROR       ;       ; 6.487 ; 6.487 ;       ;
; letter[4]  ; INDEX[0]    ; 8.227 ; 7.931 ; 7.931 ; 8.227 ;
; letter[4]  ; INDEX[1]    ; 8.591 ; 8.403 ; 8.403 ; 8.591 ;
; letter[4]  ; INDEX[2]    ; 8.568 ; 8.329 ; 8.329 ; 8.568 ;
; letter[4]  ; INDEX[3]    ; 8.667 ; 8.483 ; 8.483 ; 8.667 ;
; letter[4]  ; INDEX[4]    ; 8.688 ; 8.575 ; 8.575 ; 8.688 ;
; letter[5]  ; ERROR       ;       ; 6.264 ; 6.264 ;       ;
; letter[5]  ; INDEX[0]    ; 8.004 ; 7.708 ; 7.708 ; 8.004 ;
; letter[5]  ; INDEX[1]    ; 8.368 ; 8.180 ; 8.180 ; 8.368 ;
; letter[5]  ; INDEX[2]    ; 8.345 ; 8.106 ; 8.106 ; 8.345 ;
; letter[5]  ; INDEX[3]    ; 8.444 ; 8.260 ; 8.260 ; 8.444 ;
; letter[5]  ; INDEX[4]    ; 8.465 ; 8.352 ; 8.352 ; 8.465 ;
; letter[6]  ; ERROR       ;       ; 6.528 ; 6.528 ;       ;
; letter[6]  ; INDEX[0]    ; 8.268 ; 7.972 ; 7.972 ; 8.268 ;
; letter[6]  ; INDEX[1]    ; 8.632 ; 8.444 ; 8.444 ; 8.632 ;
; letter[6]  ; INDEX[2]    ; 8.609 ; 8.370 ; 8.370 ; 8.609 ;
; letter[6]  ; INDEX[3]    ; 8.708 ; 8.524 ; 8.524 ; 8.708 ;
; letter[6]  ; INDEX[4]    ; 8.729 ; 8.616 ; 8.616 ; 8.729 ;
; letter[7]  ; ERROR       ;       ; 6.032 ; 6.032 ;       ;
; letter[7]  ; INDEX[0]    ; 7.772 ; 7.476 ; 7.476 ; 7.772 ;
; letter[7]  ; INDEX[1]    ; 8.136 ; 7.948 ; 7.948 ; 8.136 ;
; letter[7]  ; INDEX[2]    ; 8.113 ; 7.874 ; 7.874 ; 8.113 ;
; letter[7]  ; INDEX[3]    ; 8.212 ; 8.028 ; 8.028 ; 8.212 ;
; letter[7]  ; INDEX[4]    ; 8.233 ; 8.120 ; 8.120 ; 8.233 ;
; letter[8]  ; ERROR       ;       ; 5.924 ; 5.924 ;       ;
; letter[8]  ; INDEX[0]    ; 7.664 ; 7.593 ; 7.593 ; 7.664 ;
; letter[8]  ; INDEX[1]    ; 7.916 ; 7.874 ; 7.874 ; 7.916 ;
; letter[8]  ; INDEX[2]    ; 8.039 ; 7.766 ; 7.766 ; 8.039 ;
; letter[8]  ; INDEX[3]    ; 8.138 ; 7.705 ; 7.705 ; 8.138 ;
; letter[8]  ; INDEX[4]    ; 8.159 ; 7.797 ; 7.797 ; 8.159 ;
; letter[9]  ; ERROR       ;       ; 5.856 ; 5.856 ;       ;
; letter[9]  ; INDEX[0]    ; 7.596 ; 7.525 ; 7.525 ; 7.596 ;
; letter[9]  ; INDEX[1]    ; 7.848 ; 7.806 ; 7.806 ; 7.848 ;
; letter[9]  ; INDEX[2]    ; 7.971 ; 7.698 ; 7.698 ; 7.971 ;
; letter[9]  ; INDEX[3]    ; 8.070 ; 7.637 ; 7.637 ; 8.070 ;
; letter[9]  ; INDEX[4]    ; 8.091 ; 7.729 ; 7.729 ; 8.091 ;
; letter[10] ; ERROR       ;       ; 6.402 ; 6.402 ;       ;
; letter[10] ; INDEX[0]    ; 8.142 ; 8.077 ; 8.077 ; 8.142 ;
; letter[10] ; INDEX[1]    ; 8.602 ; 8.056 ; 8.056 ; 8.602 ;
; letter[10] ; INDEX[2]    ; 8.358 ; 8.244 ; 8.244 ; 8.358 ;
; letter[10] ; INDEX[3]    ; 8.494 ; 8.494 ; 8.494 ; 8.494 ;
; letter[10] ; INDEX[4]    ; 8.586 ; 8.586 ; 8.586 ; 8.586 ;
; letter[11] ; ERROR       ;       ; 6.547 ; 6.547 ;       ;
; letter[11] ; INDEX[0]    ; 8.287 ; 8.222 ; 8.222 ; 8.287 ;
; letter[11] ; INDEX[1]    ; 8.747 ; 8.201 ; 8.201 ; 8.747 ;
; letter[11] ; INDEX[2]    ; 8.503 ; 8.389 ; 8.389 ; 8.503 ;
; letter[11] ; INDEX[3]    ; 8.639 ; 8.639 ; 8.639 ; 8.639 ;
; letter[11] ; INDEX[4]    ; 8.731 ; 8.731 ; 8.731 ; 8.731 ;
; letter[12] ; ERROR       ;       ; 6.391 ; 6.391 ;       ;
; letter[12] ; INDEX[0]    ; 8.131 ; 8.066 ; 8.066 ; 8.131 ;
; letter[12] ; INDEX[1]    ; 8.591 ; 8.045 ; 8.045 ; 8.591 ;
; letter[12] ; INDEX[2]    ; 8.347 ; 8.233 ; 8.233 ; 8.347 ;
; letter[12] ; INDEX[3]    ; 8.483 ; 8.483 ; 8.483 ; 8.483 ;
; letter[12] ; INDEX[4]    ; 8.575 ; 8.575 ; 8.575 ; 8.575 ;
; letter[13] ; ERROR       ;       ; 6.170 ; 6.170 ;       ;
; letter[13] ; INDEX[0]    ; 7.910 ; 7.845 ; 7.845 ; 7.910 ;
; letter[13] ; INDEX[1]    ; 8.370 ; 7.824 ; 7.824 ; 8.370 ;
; letter[13] ; INDEX[2]    ; 8.126 ; 8.012 ; 8.012 ; 8.126 ;
; letter[13] ; INDEX[3]    ; 8.262 ; 8.262 ; 8.262 ; 8.262 ;
; letter[13] ; INDEX[4]    ; 8.354 ; 8.354 ; 8.354 ; 8.354 ;
; letter[14] ; ERROR       ;       ; 5.997 ; 5.997 ;       ;
; letter[14] ; INDEX[0]    ; 7.737 ; 7.672 ; 7.672 ; 7.737 ;
; letter[14] ; INDEX[1]    ; 8.197 ; 7.651 ; 7.651 ; 8.197 ;
; letter[14] ; INDEX[2]    ; 7.953 ; 7.839 ; 7.839 ; 7.953 ;
; letter[14] ; INDEX[3]    ; 8.089 ; 8.089 ; 8.089 ; 8.089 ;
; letter[14] ; INDEX[4]    ; 8.181 ; 8.181 ; 8.181 ; 8.181 ;
; letter[15] ; ERROR       ;       ; 5.828 ; 5.828 ;       ;
; letter[15] ; INDEX[0]    ; 7.568 ; 7.257 ; 7.257 ; 7.568 ;
; letter[15] ; INDEX[1]    ; 7.820 ; 7.490 ; 7.490 ; 7.820 ;
; letter[15] ; INDEX[2]    ; 7.655 ; 7.670 ; 7.670 ; 7.655 ;
; letter[15] ; INDEX[3]    ; 7.754 ; 7.572 ; 7.572 ; 7.754 ;
; letter[15] ; INDEX[4]    ; 7.775 ; 7.664 ; 7.664 ; 7.775 ;
; letter[16] ; ERROR       ;       ; 6.364 ; 6.364 ;       ;
; letter[16] ; INDEX[0]    ; 8.104 ; 8.039 ; 8.039 ; 8.104 ;
; letter[16] ; INDEX[1]    ; 8.564 ; 8.018 ; 8.018 ; 8.564 ;
; letter[16] ; INDEX[2]    ; 8.320 ; 8.206 ; 8.206 ; 8.320 ;
; letter[16] ; INDEX[3]    ; 8.456 ; 8.456 ; 8.456 ; 8.456 ;
; letter[16] ; INDEX[4]    ; 8.548 ; 8.548 ; 8.548 ; 8.548 ;
; letter[17] ; ERROR       ;       ; 5.758 ; 5.758 ;       ;
; letter[17] ; INDEX[0]    ; 7.592 ; 7.592 ; 7.592 ; 7.592 ;
; letter[17] ; INDEX[1]    ; 7.874 ; 7.874 ; 7.874 ; 7.874 ;
; letter[17] ; INDEX[2]    ; 8.039 ; 7.600 ; 7.600 ; 8.039 ;
; letter[17] ; INDEX[3]    ; 8.138 ; 7.705 ; 7.705 ; 8.138 ;
; letter[17] ; INDEX[4]    ; 8.159 ; 7.797 ; 7.797 ; 8.159 ;
; letter[18] ; ERROR       ;       ; 5.621 ; 5.621 ;       ;
; letter[18] ; INDEX[0]    ; 7.800 ; 7.800 ; 7.800 ; 7.800 ;
; letter[18] ; INDEX[1]    ; 8.082 ; 8.082 ; 8.082 ; 8.082 ;
; letter[18] ; INDEX[2]    ; 8.247 ; 7.560 ; 7.560 ; 8.247 ;
; letter[18] ; INDEX[3]    ; 8.346 ; 7.913 ; 7.913 ; 8.346 ;
; letter[18] ; INDEX[4]    ; 8.367 ; 8.005 ; 8.005 ; 8.367 ;
; letter[19] ; ERROR       ;       ; 6.167 ; 6.167 ;       ;
; letter[19] ; INDEX[0]    ; 8.233 ; 8.233 ; 8.233 ; 8.233 ;
; letter[19] ; INDEX[1]    ; 8.515 ; 8.515 ; 8.515 ; 8.515 ;
; letter[19] ; INDEX[2]    ; 8.680 ; 7.993 ; 7.993 ; 8.680 ;
; letter[19] ; INDEX[3]    ; 8.779 ; 8.346 ; 8.346 ; 8.779 ;
; letter[19] ; INDEX[4]    ; 8.800 ; 8.438 ; 8.438 ; 8.800 ;
; letter[20] ; ERROR       ;       ; 6.164 ; 6.164 ;       ;
; letter[20] ; INDEX[0]    ; 8.230 ; 8.230 ; 8.230 ; 8.230 ;
; letter[20] ; INDEX[1]    ; 8.512 ; 8.512 ; 8.512 ; 8.512 ;
; letter[20] ; INDEX[2]    ; 8.677 ; 7.990 ; 7.990 ; 8.677 ;
; letter[20] ; INDEX[3]    ; 8.776 ; 8.343 ; 8.343 ; 8.776 ;
; letter[20] ; INDEX[4]    ; 8.797 ; 8.435 ; 8.435 ; 8.797 ;
; letter[21] ; ERROR       ;       ; 6.214 ; 6.214 ;       ;
; letter[21] ; INDEX[0]    ; 8.280 ; 8.280 ; 8.280 ; 8.280 ;
; letter[21] ; INDEX[1]    ; 8.562 ; 8.562 ; 8.562 ; 8.562 ;
; letter[21] ; INDEX[2]    ; 8.727 ; 8.040 ; 8.040 ; 8.727 ;
; letter[21] ; INDEX[3]    ; 8.826 ; 8.393 ; 8.393 ; 8.826 ;
; letter[21] ; INDEX[4]    ; 8.847 ; 8.485 ; 8.485 ; 8.847 ;
; letter[22] ; ERROR       ;       ; 6.047 ; 6.047 ;       ;
; letter[22] ; INDEX[0]    ; 8.113 ; 8.113 ; 8.113 ; 8.113 ;
; letter[22] ; INDEX[1]    ; 8.395 ; 8.395 ; 8.395 ; 8.395 ;
; letter[22] ; INDEX[2]    ; 8.560 ; 7.873 ; 7.873 ; 8.560 ;
; letter[22] ; INDEX[3]    ; 8.659 ; 8.226 ; 8.226 ; 8.659 ;
; letter[22] ; INDEX[4]    ; 8.680 ; 8.318 ; 8.318 ; 8.680 ;
; letter[23] ; ERROR       ;       ; 5.447 ; 5.447 ;       ;
; letter[23] ; INDEX[0]    ; 7.675 ; 7.675 ; 7.675 ; 7.675 ;
; letter[23] ; INDEX[1]    ; 7.957 ; 7.957 ; 7.957 ; 7.957 ;
; letter[23] ; INDEX[2]    ; 8.122 ; 7.435 ; 7.435 ; 8.122 ;
; letter[23] ; INDEX[3]    ; 8.221 ; 7.788 ; 7.788 ; 8.221 ;
; letter[23] ; INDEX[4]    ; 8.242 ; 7.880 ; 7.880 ; 8.242 ;
; letter[24] ; ERROR       ;       ; 5.636 ; 5.636 ;       ;
; letter[24] ; INDEX[0]    ; 7.862 ; 7.862 ; 7.862 ; 7.862 ;
; letter[24] ; INDEX[1]    ; 8.144 ; 8.144 ; 8.144 ; 8.144 ;
; letter[24] ; INDEX[2]    ; 8.309 ; 7.622 ; 7.622 ; 8.309 ;
; letter[24] ; INDEX[3]    ; 8.408 ; 7.975 ; 7.975 ; 8.408 ;
; letter[24] ; INDEX[4]    ; 8.429 ; 8.067 ; 8.067 ; 8.429 ;
; letter[25] ; ERROR       ;       ; 5.389 ; 5.389 ;       ;
; letter[25] ; INDEX[0]    ; 8.006 ; 8.006 ; 8.006 ; 8.006 ;
; letter[25] ; INDEX[1]    ; 8.288 ; 8.288 ; 8.288 ; 8.288 ;
; letter[25] ; INDEX[2]    ; 8.453 ; 7.766 ; 7.766 ; 8.453 ;
; letter[25] ; INDEX[3]    ; 8.552 ; 8.119 ; 8.119 ; 8.552 ;
; letter[25] ; INDEX[4]    ; 8.573 ; 8.211 ; 8.211 ; 8.573 ;
+------------+-------------+-------+-------+-------+-------+


+----------------------------------------------------------+
; Minimum Propagation Delay                                ;
+------------+-------------+-------+-------+-------+-------+
; Input Port ; Output Port ; RR    ; RF    ; FR    ; FF    ;
+------------+-------------+-------+-------+-------+-------+
; letter[0]  ; ERROR       ;       ; 6.358 ; 6.358 ;       ;
; letter[0]  ; INDEX[0]    ; 5.852 ; 5.852 ; 5.852 ; 5.852 ;
; letter[0]  ; INDEX[1]    ; 6.332 ; 6.332 ; 6.332 ; 6.332 ;
; letter[0]  ; INDEX[2]    ; 6.221 ; 6.712 ; 6.712 ; 6.221 ;
; letter[0]  ; INDEX[3]    ; 6.144 ; 6.144 ; 6.144 ; 6.144 ;
; letter[0]  ; INDEX[4]    ; 6.236 ; 6.236 ; 6.236 ; 6.236 ;
; letter[1]  ; ERROR       ;       ; 5.383 ; 5.383 ;       ;
; letter[1]  ; INDEX[0]    ; 6.219 ; 6.016 ; 6.016 ; 6.219 ;
; letter[1]  ; INDEX[1]    ; 6.090 ; 6.380 ; 6.380 ; 6.090 ;
; letter[1]  ; INDEX[2]    ; 6.067 ; 6.696 ; 6.696 ; 6.067 ;
; letter[1]  ; INDEX[3]    ; 6.331 ; 5.745 ; 5.745 ; 6.331 ;
; letter[1]  ; INDEX[4]    ; 6.705 ; 5.942 ; 5.942 ; 6.705 ;
; letter[2]  ; ERROR       ;       ; 6.157 ; 6.157 ;       ;
; letter[2]  ; INDEX[0]    ; 6.079 ; 6.079 ; 6.079 ; 6.079 ;
; letter[2]  ; INDEX[1]    ; 6.209 ; 6.209 ; 6.209 ; 6.209 ;
; letter[2]  ; INDEX[2]    ; 6.512 ; 6.030 ; 6.030 ; 6.512 ;
; letter[2]  ; INDEX[3]    ; 6.013 ; 6.129 ; 6.129 ; 6.013 ;
; letter[2]  ; INDEX[4]    ; 6.034 ; 6.150 ; 6.150 ; 6.034 ;
; letter[3]  ; ERROR       ;       ; 6.555 ; 6.555 ;       ;
; letter[3]  ; INDEX[0]    ; 6.209 ; 6.209 ; 6.209 ; 6.209 ;
; letter[3]  ; INDEX[1]    ; 6.471 ; 6.471 ; 6.471 ; 6.471 ;
; letter[3]  ; INDEX[2]    ; 6.633 ; 6.364 ; 6.364 ; 6.633 ;
; letter[3]  ; INDEX[3]    ; 6.106 ; 6.463 ; 6.463 ; 6.106 ;
; letter[3]  ; INDEX[4]    ; 6.127 ; 6.484 ; 6.484 ; 6.127 ;
; letter[4]  ; ERROR       ;       ; 6.487 ; 6.487 ;       ;
; letter[4]  ; INDEX[0]    ; 6.167 ; 6.167 ; 6.167 ; 6.167 ;
; letter[4]  ; INDEX[1]    ; 6.115 ; 6.115 ; 6.115 ; 6.115 ;
; letter[4]  ; INDEX[2]    ; 6.285 ; 7.011 ; 7.011 ; 6.285 ;
; letter[4]  ; INDEX[3]    ; 6.145 ; 6.473 ; 6.473 ; 6.145 ;
; letter[4]  ; INDEX[4]    ; 6.166 ; 6.494 ; 6.494 ; 6.166 ;
; letter[5]  ; ERROR       ;       ; 6.264 ; 6.264 ;       ;
; letter[5]  ; INDEX[0]    ; 5.913 ; 5.913 ; 5.913 ; 5.913 ;
; letter[5]  ; INDEX[1]    ; 6.179 ; 6.179 ; 6.179 ; 6.179 ;
; letter[5]  ; INDEX[2]    ; 6.054 ; 6.788 ; 6.788 ; 6.054 ;
; letter[5]  ; INDEX[3]    ; 6.108 ; 6.223 ; 6.223 ; 6.108 ;
; letter[5]  ; INDEX[4]    ; 6.129 ; 6.244 ; 6.244 ; 6.129 ;
; letter[6]  ; ERROR       ;       ; 6.528 ; 6.528 ;       ;
; letter[6]  ; INDEX[0]    ; 6.182 ; 6.182 ; 6.182 ; 6.182 ;
; letter[6]  ; INDEX[1]    ; 6.377 ; 6.377 ; 6.377 ; 6.377 ;
; letter[6]  ; INDEX[2]    ; 6.263 ; 7.052 ; 7.052 ; 6.263 ;
; letter[6]  ; INDEX[3]    ; 6.362 ; 6.039 ; 6.039 ; 6.362 ;
; letter[6]  ; INDEX[4]    ; 6.383 ; 6.060 ; 6.060 ; 6.383 ;
; letter[7]  ; ERROR       ;       ; 6.032 ; 6.032 ;       ;
; letter[7]  ; INDEX[0]    ; 5.951 ; 5.951 ; 5.951 ; 5.951 ;
; letter[7]  ; INDEX[1]    ; 6.081 ; 6.081 ; 6.081 ; 6.081 ;
; letter[7]  ; INDEX[2]    ; 5.947 ; 6.556 ; 6.556 ; 5.947 ;
; letter[7]  ; INDEX[3]    ; 6.046 ; 5.960 ; 5.960 ; 6.046 ;
; letter[7]  ; INDEX[4]    ; 6.067 ; 5.981 ; 5.981 ; 6.067 ;
; letter[8]  ; ERROR       ;       ; 5.924 ; 5.924 ;       ;
; letter[8]  ; INDEX[0]    ; 6.314 ; 6.132 ; 6.132 ; 6.314 ;
; letter[8]  ; INDEX[1]    ; 6.567 ; 6.567 ; 6.567 ; 6.567 ;
; letter[8]  ; INDEX[2]    ; 6.330 ; 6.249 ; 6.249 ; 6.330 ;
; letter[8]  ; INDEX[3]    ; 6.315 ; 6.279 ; 6.279 ; 6.315 ;
; letter[8]  ; INDEX[4]    ; 6.407 ; 6.407 ; 6.407 ; 6.407 ;
; letter[9]  ; ERROR       ;       ; 5.856 ; 5.856 ;       ;
; letter[9]  ; INDEX[0]    ; 6.231 ; 6.004 ; 6.004 ; 6.231 ;
; letter[9]  ; INDEX[1]    ; 6.509 ; 6.454 ; 6.454 ; 6.509 ;
; letter[9]  ; INDEX[2]    ; 6.262 ; 6.121 ; 6.121 ; 6.262 ;
; letter[9]  ; INDEX[3]    ; 6.257 ; 6.211 ; 6.211 ; 6.257 ;
; letter[9]  ; INDEX[4]    ; 6.349 ; 6.349 ; 6.349 ; 6.349 ;
; letter[10] ; ERROR       ;       ; 6.402 ; 6.402 ;       ;
; letter[10] ; INDEX[0]    ; 5.759 ; 6.002 ; 6.002 ; 5.759 ;
; letter[10] ; INDEX[1]    ; 6.054 ; 6.532 ; 6.532 ; 6.054 ;
; letter[10] ; INDEX[2]    ; 6.204 ; 6.180 ; 6.180 ; 6.204 ;
; letter[10] ; INDEX[3]    ; 6.103 ; 6.103 ; 6.103 ; 6.103 ;
; letter[10] ; INDEX[4]    ; 6.195 ; 6.195 ; 6.195 ; 6.195 ;
; letter[11] ; ERROR       ;       ; 6.547 ; 6.547 ;       ;
; letter[11] ; INDEX[0]    ; 6.014 ; 6.014 ; 6.014 ; 6.014 ;
; letter[11] ; INDEX[1]    ; 6.517 ; 6.517 ; 6.517 ; 6.517 ;
; letter[11] ; INDEX[2]    ; 6.724 ; 6.411 ; 6.411 ; 6.724 ;
; letter[11] ; INDEX[3]    ; 6.334 ; 6.334 ; 6.334 ; 6.334 ;
; letter[11] ; INDEX[4]    ; 6.426 ; 6.426 ; 6.426 ; 6.426 ;
; letter[12] ; ERROR       ;       ; 6.391 ; 6.391 ;       ;
; letter[12] ; INDEX[0]    ; 5.850 ; 5.850 ; 5.850 ; 5.850 ;
; letter[12] ; INDEX[1]    ; 6.418 ; 6.483 ; 6.483 ; 6.418 ;
; letter[12] ; INDEX[2]    ; 6.258 ; 6.775 ; 6.775 ; 6.258 ;
; letter[12] ; INDEX[3]    ; 6.181 ; 6.181 ; 6.181 ; 6.181 ;
; letter[12] ; INDEX[4]    ; 6.273 ; 6.273 ; 6.273 ; 6.273 ;
; letter[13] ; ERROR       ;       ; 6.170 ; 6.170 ;       ;
; letter[13] ; INDEX[0]    ; 5.993 ; 5.993 ; 5.993 ; 5.993 ;
; letter[13] ; INDEX[1]    ; 6.273 ; 6.273 ; 6.273 ; 6.273 ;
; letter[13] ; INDEX[2]    ; 6.427 ; 6.554 ; 6.554 ; 6.427 ;
; letter[13] ; INDEX[3]    ; 6.430 ; 6.430 ; 6.430 ; 6.430 ;
; letter[13] ; INDEX[4]    ; 6.522 ; 6.490 ; 6.490 ; 6.522 ;
; letter[14] ; ERROR       ;       ; 5.997 ; 5.997 ;       ;
; letter[14] ; INDEX[0]    ; 5.744 ; 5.744 ; 5.744 ; 5.744 ;
; letter[14] ; INDEX[1]    ; 6.017 ; 6.017 ; 6.017 ; 6.017 ;
; letter[14] ; INDEX[2]    ; 6.172 ; 6.381 ; 6.381 ; 6.172 ;
; letter[14] ; INDEX[3]    ; 6.181 ; 6.181 ; 6.181 ; 6.181 ;
; letter[14] ; INDEX[4]    ; 6.273 ; 6.235 ; 6.235 ; 6.273 ;
; letter[15] ; ERROR       ;       ; 5.828 ; 5.828 ;       ;
; letter[15] ; INDEX[0]    ; 5.940 ; 6.313 ; 6.313 ; 5.940 ;
; letter[15] ; INDEX[1]    ; 6.390 ; 6.586 ; 6.586 ; 6.390 ;
; letter[15] ; INDEX[2]    ; 6.051 ; 6.968 ; 6.968 ; 6.051 ;
; letter[15] ; INDEX[3]    ; 6.291 ; 6.183 ; 6.183 ; 6.291 ;
; letter[15] ; INDEX[4]    ; 6.383 ; 6.380 ; 6.380 ; 6.383 ;
; letter[16] ; ERROR       ;       ; 6.364 ; 6.364 ;       ;
; letter[16] ; INDEX[0]    ; 5.968 ; 5.741 ; 5.741 ; 5.968 ;
; letter[16] ; INDEX[1]    ; 6.494 ; 5.900 ; 5.900 ; 6.494 ;
; letter[16] ; INDEX[2]    ; 6.146 ; 6.050 ; 6.050 ; 6.146 ;
; letter[16] ; INDEX[3]    ; 6.069 ; 6.069 ; 6.069 ; 6.069 ;
; letter[16] ; INDEX[4]    ; 6.113 ; 6.161 ; 6.161 ; 6.113 ;
; letter[17] ; ERROR       ;       ; 5.758 ; 5.758 ;       ;
; letter[17] ; INDEX[0]    ; 5.874 ; 6.384 ; 6.384 ; 5.874 ;
; letter[17] ; INDEX[1]    ; 6.458 ; 6.029 ; 6.029 ; 6.458 ;
; letter[17] ; INDEX[2]    ; 5.716 ; 6.596 ; 6.596 ; 5.716 ;
; letter[17] ; INDEX[3]    ; 5.980 ; 6.113 ; 6.113 ; 5.980 ;
; letter[17] ; INDEX[4]    ; 6.371 ; 5.933 ; 5.933 ; 6.371 ;
; letter[18] ; ERROR       ;       ; 5.621 ; 5.621 ;       ;
; letter[18] ; INDEX[0]    ; 6.427 ; 5.776 ; 5.776 ; 6.427 ;
; letter[18] ; INDEX[1]    ; 5.955 ; 6.527 ; 6.527 ; 5.955 ;
; letter[18] ; INDEX[2]    ; 6.302 ; 5.642 ; 5.642 ; 6.302 ;
; letter[18] ; INDEX[3]    ; 6.205 ; 5.906 ; 5.906 ; 6.205 ;
; letter[18] ; INDEX[4]    ; 5.859 ; 6.173 ; 6.173 ; 5.859 ;
; letter[19] ; ERROR       ;       ; 6.167 ; 6.167 ;       ;
; letter[19] ; INDEX[0]    ; 5.730 ; 6.032 ; 6.032 ; 5.730 ;
; letter[19] ; INDEX[1]    ; 6.173 ; 6.224 ; 6.224 ; 6.173 ;
; letter[19] ; INDEX[2]    ; 6.675 ; 6.052 ; 6.052 ; 6.675 ;
; letter[19] ; INDEX[3]    ; 6.127 ; 5.971 ; 5.971 ; 6.127 ;
; letter[19] ; INDEX[4]    ; 5.924 ; 6.126 ; 6.126 ; 5.924 ;
; letter[20] ; ERROR       ;       ; 6.164 ; 6.164 ;       ;
; letter[20] ; INDEX[0]    ; 6.071 ; 5.667 ; 5.667 ; 6.071 ;
; letter[20] ; INDEX[1]    ; 6.296 ; 6.149 ; 6.149 ; 6.296 ;
; letter[20] ; INDEX[2]    ; 5.970 ; 6.403 ; 6.403 ; 5.970 ;
; letter[20] ; INDEX[3]    ; 5.889 ; 6.064 ; 6.064 ; 5.889 ;
; letter[20] ; INDEX[4]    ; 6.156 ; 5.842 ; 5.842 ; 6.156 ;
; letter[21] ; ERROR       ;       ; 6.214 ; 6.214 ;       ;
; letter[21] ; INDEX[0]    ; 5.884 ; 6.270 ; 6.270 ; 5.884 ;
; letter[21] ; INDEX[1]    ; 6.428 ; 5.962 ; 5.962 ; 6.428 ;
; letter[21] ; INDEX[2]    ; 6.234 ; 6.210 ; 6.210 ; 6.234 ;
; letter[21] ; INDEX[3]    ; 6.102 ; 6.102 ; 6.102 ; 6.102 ;
; letter[21] ; INDEX[4]    ; 6.175 ; 6.056 ; 6.056 ; 6.175 ;
; letter[22] ; ERROR       ;       ; 6.047 ; 6.047 ;       ;
; letter[22] ; INDEX[0]    ; 5.780 ; 5.792 ; 5.792 ; 5.780 ;
; letter[22] ; INDEX[1]    ; 5.803 ; 6.373 ; 6.373 ; 5.803 ;
; letter[22] ; INDEX[2]    ; 6.105 ; 6.075 ; 6.075 ; 6.105 ;
; letter[22] ; INDEX[3]    ; 6.001 ; 6.001 ; 6.001 ; 6.001 ;
; letter[22] ; INDEX[4]    ; 5.969 ; 5.977 ; 5.977 ; 5.969 ;
; letter[23] ; ERROR       ;       ; 5.447 ; 5.447 ;       ;
; letter[23] ; INDEX[0]    ; 5.771 ; 6.076 ; 6.076 ; 5.771 ;
; letter[23] ; INDEX[1]    ; 6.010 ; 6.268 ; 6.268 ; 6.010 ;
; letter[23] ; INDEX[2]    ; 5.955 ; 6.679 ; 6.679 ; 5.955 ;
; letter[23] ; INDEX[3]    ; 6.219 ; 5.805 ; 5.805 ; 6.219 ;
; letter[23] ; INDEX[4]    ; 6.458 ; 5.862 ; 5.862 ; 6.458 ;
; letter[24] ; ERROR       ;       ; 5.636 ; 5.636 ;       ;
; letter[24] ; INDEX[0]    ; 6.296 ; 5.885 ; 5.885 ; 6.296 ;
; letter[24] ; INDEX[1]    ; 6.339 ; 6.151 ; 6.151 ; 6.339 ;
; letter[24] ; INDEX[2]    ; 6.144 ; 6.132 ; 6.132 ; 6.144 ;
; letter[24] ; INDEX[3]    ; 6.408 ; 5.994 ; 5.994 ; 6.408 ;
; letter[24] ; INDEX[4]    ; 6.003 ; 6.191 ; 6.191 ; 6.003 ;
; letter[25] ; ERROR       ;       ; 5.389 ; 5.389 ;       ;
; letter[25] ; INDEX[0]    ; 6.026 ; 5.986 ; 5.986 ; 6.026 ;
; letter[25] ; INDEX[1]    ; 6.251 ; 6.100 ; 6.100 ; 6.251 ;
; letter[25] ; INDEX[2]    ; 6.141 ; 6.081 ; 6.081 ; 6.141 ;
; letter[25] ; INDEX[3]    ; 5.755 ; 6.623 ; 6.623 ; 5.755 ;
; letter[25] ; INDEX[4]    ; 5.952 ; 6.103 ; 6.103 ; 5.952 ;
+------------+-------------+-------+-------+-------+-------+


+----------------------------------------------------------------------------+
; Multicorner Timing Analysis Summary                                        ;
+------------------+-------+------+----------+---------+---------------------+
; Clock            ; Setup ; Hold ; Recovery ; Removal ; Minimum Pulse Width ;
+------------------+-------+------+----------+---------+---------------------+
; Worst-case Slack ; N/A   ; N/A  ; N/A      ; N/A     ; N/A                 ;
; Design-wide TNS  ; 0.0   ; 0.0  ; 0.0      ; 0.0     ; 0.0                 ;
+------------------+-------+------+----------+---------+---------------------+


+--------------------------------------------------------------+
; Progagation Delay                                            ;
+------------+-------------+--------+--------+--------+--------+
; Input Port ; Output Port ; RR     ; RF     ; FR     ; FF     ;
+------------+-------------+--------+--------+--------+--------+
; letter[0]  ; ERROR       ;        ; 13.007 ; 13.007 ;        ;
; letter[0]  ; INDEX[0]    ; 18.030 ; 17.774 ; 17.774 ; 18.030 ;
; letter[0]  ; INDEX[1]    ; 19.300 ; 17.787 ; 17.787 ; 19.300 ;
; letter[0]  ; INDEX[2]    ; 18.530 ; 18.336 ; 18.336 ; 18.530 ;
; letter[0]  ; INDEX[3]    ; 18.981 ; 18.981 ; 18.981 ; 18.981 ;
; letter[0]  ; INDEX[4]    ; 19.203 ; 19.203 ; 19.203 ; 19.203 ;
; letter[1]  ; ERROR       ;        ; 10.374 ; 10.374 ;        ;
; letter[1]  ; INDEX[0]    ; 17.638 ; 17.638 ; 17.638 ; 17.638 ;
; letter[1]  ; INDEX[1]    ; 18.415 ; 18.415 ; 18.415 ; 18.415 ;
; letter[1]  ; INDEX[2]    ; 18.877 ; 16.901 ; 16.901 ; 18.877 ;
; letter[1]  ; INDEX[3]    ; 19.183 ; 18.031 ; 18.031 ; 19.183 ;
; letter[1]  ; INDEX[4]    ; 19.203 ; 18.253 ; 18.253 ; 19.203 ;
; letter[2]  ; ERROR       ;        ; 12.462 ; 12.462 ;        ;
; letter[2]  ; INDEX[0]    ; 17.485 ; 16.616 ; 16.616 ; 17.485 ;
; letter[2]  ; INDEX[1]    ; 18.390 ; 17.842 ; 17.842 ; 18.390 ;
; letter[2]  ; INDEX[2]    ; 18.304 ; 17.791 ; 17.791 ; 18.304 ;
; letter[2]  ; INDEX[3]    ; 18.610 ; 18.071 ; 18.071 ; 18.610 ;
; letter[2]  ; INDEX[4]    ; 18.630 ; 18.293 ; 18.293 ; 18.630 ;
; letter[3]  ; ERROR       ;        ; 13.462 ; 13.462 ;        ;
; letter[3]  ; INDEX[0]    ; 18.485 ; 17.616 ; 17.616 ; 18.485 ;
; letter[3]  ; INDEX[1]    ; 19.390 ; 18.842 ; 18.842 ; 19.390 ;
; letter[3]  ; INDEX[2]    ; 19.304 ; 18.791 ; 18.791 ; 19.304 ;
; letter[3]  ; INDEX[3]    ; 19.610 ; 19.071 ; 19.071 ; 19.610 ;
; letter[3]  ; INDEX[4]    ; 19.630 ; 19.293 ; 19.293 ; 19.630 ;
; letter[4]  ; ERROR       ;        ; 13.330 ; 13.330 ;        ;
; letter[4]  ; INDEX[0]    ; 18.353 ; 17.484 ; 17.484 ; 18.353 ;
; letter[4]  ; INDEX[1]    ; 19.258 ; 18.710 ; 18.710 ; 19.258 ;
; letter[4]  ; INDEX[2]    ; 19.172 ; 18.659 ; 18.659 ; 19.172 ;
; letter[4]  ; INDEX[3]    ; 19.478 ; 18.939 ; 18.939 ; 19.478 ;
; letter[4]  ; INDEX[4]    ; 19.498 ; 19.161 ; 19.161 ; 19.498 ;
; letter[5]  ; ERROR       ;        ; 12.786 ; 12.786 ;        ;
; letter[5]  ; INDEX[0]    ; 17.809 ; 16.940 ; 16.940 ; 17.809 ;
; letter[5]  ; INDEX[1]    ; 18.714 ; 18.166 ; 18.166 ; 18.714 ;
; letter[5]  ; INDEX[2]    ; 18.628 ; 18.115 ; 18.115 ; 18.628 ;
; letter[5]  ; INDEX[3]    ; 18.934 ; 18.395 ; 18.395 ; 18.934 ;
; letter[5]  ; INDEX[4]    ; 18.954 ; 18.617 ; 18.617 ; 18.954 ;
; letter[6]  ; ERROR       ;        ; 13.423 ; 13.423 ;        ;
; letter[6]  ; INDEX[0]    ; 18.446 ; 17.577 ; 17.577 ; 18.446 ;
; letter[6]  ; INDEX[1]    ; 19.351 ; 18.803 ; 18.803 ; 19.351 ;
; letter[6]  ; INDEX[2]    ; 19.265 ; 18.752 ; 18.752 ; 19.265 ;
; letter[6]  ; INDEX[3]    ; 19.571 ; 19.032 ; 19.032 ; 19.571 ;
; letter[6]  ; INDEX[4]    ; 19.591 ; 19.254 ; 19.254 ; 19.591 ;
; letter[7]  ; ERROR       ;        ; 12.171 ; 12.171 ;        ;
; letter[7]  ; INDEX[0]    ; 17.194 ; 16.325 ; 16.325 ; 17.194 ;
; letter[7]  ; INDEX[1]    ; 18.099 ; 17.551 ; 17.551 ; 18.099 ;
; letter[7]  ; INDEX[2]    ; 18.013 ; 17.500 ; 17.500 ; 18.013 ;
; letter[7]  ; INDEX[3]    ; 18.319 ; 17.780 ; 17.780 ; 18.319 ;
; letter[7]  ; INDEX[4]    ; 18.339 ; 18.002 ; 18.002 ; 18.339 ;
; letter[8]  ; ERROR       ;        ; 11.913 ; 11.913 ;        ;
; letter[8]  ; INDEX[0]    ; 16.936 ; 16.705 ; 16.705 ; 16.936 ;
; letter[8]  ; INDEX[1]    ; 17.623 ; 17.482 ; 17.482 ; 17.623 ;
; letter[8]  ; INDEX[2]    ; 17.944 ; 17.242 ; 17.242 ; 17.944 ;
; letter[8]  ; INDEX[3]    ; 18.250 ; 17.098 ; 17.098 ; 18.250 ;
; letter[8]  ; INDEX[4]    ; 18.270 ; 17.320 ; 17.320 ; 18.270 ;
; letter[9]  ; ERROR       ;        ; 11.747 ; 11.747 ;        ;
; letter[9]  ; INDEX[0]    ; 16.770 ; 16.539 ; 16.539 ; 16.770 ;
; letter[9]  ; INDEX[1]    ; 17.457 ; 17.316 ; 17.316 ; 17.457 ;
; letter[9]  ; INDEX[2]    ; 17.778 ; 17.076 ; 17.076 ; 17.778 ;
; letter[9]  ; INDEX[3]    ; 18.084 ; 16.932 ; 16.932 ; 18.084 ;
; letter[9]  ; INDEX[4]    ; 18.104 ; 17.154 ; 17.154 ; 18.104 ;
; letter[10] ; ERROR       ;        ; 13.186 ; 13.186 ;        ;
; letter[10] ; INDEX[0]    ; 18.209 ; 17.953 ; 17.953 ; 18.209 ;
; letter[10] ; INDEX[1]    ; 19.479 ; 17.966 ; 17.966 ; 19.479 ;
; letter[10] ; INDEX[2]    ; 18.709 ; 18.515 ; 18.515 ; 18.709 ;
; letter[10] ; INDEX[3]    ; 19.160 ; 19.160 ; 19.160 ; 19.160 ;
; letter[10] ; INDEX[4]    ; 19.382 ; 19.382 ; 19.382 ; 19.382 ;
; letter[11] ; ERROR       ;        ; 13.476 ; 13.476 ;        ;
; letter[11] ; INDEX[0]    ; 18.499 ; 18.243 ; 18.243 ; 18.499 ;
; letter[11] ; INDEX[1]    ; 19.769 ; 18.256 ; 18.256 ; 19.769 ;
; letter[11] ; INDEX[2]    ; 18.999 ; 18.805 ; 18.805 ; 18.999 ;
; letter[11] ; INDEX[3]    ; 19.450 ; 19.450 ; 19.450 ; 19.450 ;
; letter[11] ; INDEX[4]    ; 19.672 ; 19.672 ; 19.672 ; 19.672 ;
; letter[12] ; ERROR       ;        ; 13.154 ; 13.154 ;        ;
; letter[12] ; INDEX[0]    ; 18.177 ; 17.921 ; 17.921 ; 18.177 ;
; letter[12] ; INDEX[1]    ; 19.447 ; 17.934 ; 17.934 ; 19.447 ;
; letter[12] ; INDEX[2]    ; 18.677 ; 18.483 ; 18.483 ; 18.677 ;
; letter[12] ; INDEX[3]    ; 19.128 ; 19.128 ; 19.128 ; 19.128 ;
; letter[12] ; INDEX[4]    ; 19.350 ; 19.350 ; 19.350 ; 19.350 ;
; letter[13] ; ERROR       ;        ; 12.496 ; 12.496 ;        ;
; letter[13] ; INDEX[0]    ; 17.519 ; 17.263 ; 17.263 ; 17.519 ;
; letter[13] ; INDEX[1]    ; 18.789 ; 17.276 ; 17.276 ; 18.789 ;
; letter[13] ; INDEX[2]    ; 18.019 ; 17.825 ; 17.825 ; 18.019 ;
; letter[13] ; INDEX[3]    ; 18.470 ; 18.470 ; 18.470 ; 18.470 ;
; letter[13] ; INDEX[4]    ; 18.692 ; 18.692 ; 18.692 ; 18.692 ;
; letter[14] ; ERROR       ;        ; 12.017 ; 12.017 ;        ;
; letter[14] ; INDEX[0]    ; 17.040 ; 16.784 ; 16.784 ; 17.040 ;
; letter[14] ; INDEX[1]    ; 18.310 ; 16.797 ; 16.797 ; 18.310 ;
; letter[14] ; INDEX[2]    ; 17.540 ; 17.346 ; 17.346 ; 17.540 ;
; letter[14] ; INDEX[3]    ; 17.991 ; 17.991 ; 17.991 ; 17.991 ;
; letter[14] ; INDEX[4]    ; 18.213 ; 18.213 ; 18.213 ; 18.213 ;
; letter[15] ; ERROR       ;        ; 11.651 ; 11.651 ;        ;
; letter[15] ; INDEX[0]    ; 16.674 ; 15.741 ; 15.741 ; 16.674 ;
; letter[15] ; INDEX[1]    ; 17.361 ; 16.437 ; 16.437 ; 17.361 ;
; letter[15] ; INDEX[2]    ; 16.899 ; 16.980 ; 16.980 ; 16.899 ;
; letter[15] ; INDEX[3]    ; 17.205 ; 16.666 ; 16.666 ; 17.205 ;
; letter[15] ; INDEX[4]    ; 17.225 ; 16.888 ; 16.888 ; 17.225 ;
; letter[16] ; ERROR       ;        ; 13.034 ; 13.034 ;        ;
; letter[16] ; INDEX[0]    ; 18.057 ; 17.801 ; 17.801 ; 18.057 ;
; letter[16] ; INDEX[1]    ; 19.327 ; 17.814 ; 17.814 ; 19.327 ;
; letter[16] ; INDEX[2]    ; 18.557 ; 18.363 ; 18.363 ; 18.557 ;
; letter[16] ; INDEX[3]    ; 19.008 ; 19.008 ; 19.008 ; 19.008 ;
; letter[16] ; INDEX[4]    ; 19.230 ; 19.230 ; 19.230 ; 19.230 ;
; letter[17] ; ERROR       ;        ; 11.466 ; 11.466 ;        ;
; letter[17] ; INDEX[0]    ; 16.726 ; 16.726 ; 16.726 ; 16.726 ;
; letter[17] ; INDEX[1]    ; 17.503 ; 17.503 ; 17.503 ; 17.503 ;
; letter[17] ; INDEX[2]    ; 17.965 ; 16.795 ; 16.795 ; 17.965 ;
; letter[17] ; INDEX[3]    ; 18.271 ; 17.119 ; 17.119 ; 18.271 ;
; letter[17] ; INDEX[4]    ; 18.291 ; 17.341 ; 17.341 ; 18.291 ;
; letter[18] ; ERROR       ;        ; 11.161 ; 11.161 ;        ;
; letter[18] ; INDEX[0]    ; 17.310 ; 17.310 ; 17.310 ; 17.310 ;
; letter[18] ; INDEX[1]    ; 18.087 ; 18.087 ; 18.087 ; 18.087 ;
; letter[18] ; INDEX[2]    ; 18.549 ; 16.573 ; 16.573 ; 18.549 ;
; letter[18] ; INDEX[3]    ; 18.855 ; 17.703 ; 17.703 ; 18.855 ;
; letter[18] ; INDEX[4]    ; 18.875 ; 17.925 ; 17.925 ; 18.875 ;
; letter[19] ; ERROR       ;        ; 12.439 ; 12.439 ;        ;
; letter[19] ; INDEX[0]    ; 18.330 ; 18.330 ; 18.330 ; 18.330 ;
; letter[19] ; INDEX[1]    ; 19.107 ; 19.107 ; 19.107 ; 19.107 ;
; letter[19] ; INDEX[2]    ; 19.569 ; 17.593 ; 17.593 ; 19.569 ;
; letter[19] ; INDEX[3]    ; 19.875 ; 18.723 ; 18.723 ; 19.875 ;
; letter[19] ; INDEX[4]    ; 19.895 ; 18.945 ; 18.945 ; 19.895 ;
; letter[20] ; ERROR       ;        ; 12.433 ; 12.433 ;        ;
; letter[20] ; INDEX[0]    ; 18.324 ; 18.324 ; 18.324 ; 18.324 ;
; letter[20] ; INDEX[1]    ; 19.101 ; 19.101 ; 19.101 ; 19.101 ;
; letter[20] ; INDEX[2]    ; 19.563 ; 17.587 ; 17.587 ; 19.563 ;
; letter[20] ; INDEX[3]    ; 19.869 ; 18.717 ; 18.717 ; 19.869 ;
; letter[20] ; INDEX[4]    ; 19.889 ; 18.939 ; 18.939 ; 19.889 ;
; letter[21] ; ERROR       ;        ; 12.552 ; 12.552 ;        ;
; letter[21] ; INDEX[0]    ; 18.443 ; 18.443 ; 18.443 ; 18.443 ;
; letter[21] ; INDEX[1]    ; 19.220 ; 19.220 ; 19.220 ; 19.220 ;
; letter[21] ; INDEX[2]    ; 19.682 ; 17.706 ; 17.706 ; 19.682 ;
; letter[21] ; INDEX[3]    ; 19.988 ; 18.836 ; 18.836 ; 19.988 ;
; letter[21] ; INDEX[4]    ; 20.008 ; 19.058 ; 19.058 ; 20.008 ;
; letter[22] ; ERROR       ;        ; 12.242 ; 12.242 ;        ;
; letter[22] ; INDEX[0]    ; 18.133 ; 18.133 ; 18.133 ; 18.133 ;
; letter[22] ; INDEX[1]    ; 18.910 ; 18.910 ; 18.910 ; 18.910 ;
; letter[22] ; INDEX[2]    ; 19.372 ; 17.396 ; 17.396 ; 19.372 ;
; letter[22] ; INDEX[3]    ; 19.678 ; 18.526 ; 18.526 ; 19.678 ;
; letter[22] ; INDEX[4]    ; 19.698 ; 18.748 ; 18.748 ; 19.698 ;
; letter[23] ; ERROR       ;        ; 10.608 ; 10.608 ;        ;
; letter[23] ; INDEX[0]    ; 17.002 ; 17.002 ; 17.002 ; 17.002 ;
; letter[23] ; INDEX[1]    ; 17.779 ; 17.779 ; 17.779 ; 17.779 ;
; letter[23] ; INDEX[2]    ; 18.241 ; 16.265 ; 16.265 ; 18.241 ;
; letter[23] ; INDEX[3]    ; 18.547 ; 17.395 ; 17.395 ; 18.547 ;
; letter[23] ; INDEX[4]    ; 18.567 ; 17.617 ; 17.617 ; 18.567 ;
; letter[24] ; ERROR       ;        ; 11.053 ; 11.053 ;        ;
; letter[24] ; INDEX[0]    ; 17.446 ; 17.446 ; 17.446 ; 17.446 ;
; letter[24] ; INDEX[1]    ; 18.223 ; 18.223 ; 18.223 ; 18.223 ;
; letter[24] ; INDEX[2]    ; 18.685 ; 16.709 ; 16.709 ; 18.685 ;
; letter[24] ; INDEX[3]    ; 18.991 ; 17.839 ; 17.839 ; 18.991 ;
; letter[24] ; INDEX[4]    ; 19.011 ; 18.061 ; 18.061 ; 19.011 ;
; letter[25] ; ERROR       ;        ; 10.412 ; 10.412 ;        ;
; letter[25] ; INDEX[0]    ; 17.774 ; 17.774 ; 17.774 ; 17.774 ;
; letter[25] ; INDEX[1]    ; 18.551 ; 18.551 ; 18.551 ; 18.551 ;
; letter[25] ; INDEX[2]    ; 19.013 ; 17.037 ; 17.037 ; 19.013 ;
; letter[25] ; INDEX[3]    ; 19.319 ; 18.167 ; 18.167 ; 19.319 ;
; letter[25] ; INDEX[4]    ; 19.339 ; 18.389 ; 18.389 ; 19.339 ;
+------------+-------------+--------+--------+--------+--------+


+----------------------------------------------------------+
; Minimum Progagation Delay                                ;
+------------+-------------+-------+-------+-------+-------+
; Input Port ; Output Port ; RR    ; RF    ; FR    ; FF    ;
+------------+-------------+-------+-------+-------+-------+
; letter[0]  ; ERROR       ;       ; 6.358 ; 6.358 ;       ;
; letter[0]  ; INDEX[0]    ; 5.852 ; 5.852 ; 5.852 ; 5.852 ;
; letter[0]  ; INDEX[1]    ; 6.332 ; 6.332 ; 6.332 ; 6.332 ;
; letter[0]  ; INDEX[2]    ; 6.221 ; 6.712 ; 6.712 ; 6.221 ;
; letter[0]  ; INDEX[3]    ; 6.144 ; 6.144 ; 6.144 ; 6.144 ;
; letter[0]  ; INDEX[4]    ; 6.236 ; 6.236 ; 6.236 ; 6.236 ;
; letter[1]  ; ERROR       ;       ; 5.383 ; 5.383 ;       ;
; letter[1]  ; INDEX[0]    ; 6.219 ; 6.016 ; 6.016 ; 6.219 ;
; letter[1]  ; INDEX[1]    ; 6.090 ; 6.380 ; 6.380 ; 6.090 ;
; letter[1]  ; INDEX[2]    ; 6.067 ; 6.696 ; 6.696 ; 6.067 ;
; letter[1]  ; INDEX[3]    ; 6.331 ; 5.745 ; 5.745 ; 6.331 ;
; letter[1]  ; INDEX[4]    ; 6.705 ; 5.942 ; 5.942 ; 6.705 ;
; letter[2]  ; ERROR       ;       ; 6.157 ; 6.157 ;       ;
; letter[2]  ; INDEX[0]    ; 6.079 ; 6.079 ; 6.079 ; 6.079 ;
; letter[2]  ; INDEX[1]    ; 6.209 ; 6.209 ; 6.209 ; 6.209 ;
; letter[2]  ; INDEX[2]    ; 6.512 ; 6.030 ; 6.030 ; 6.512 ;
; letter[2]  ; INDEX[3]    ; 6.013 ; 6.129 ; 6.129 ; 6.013 ;
; letter[2]  ; INDEX[4]    ; 6.034 ; 6.150 ; 6.150 ; 6.034 ;
; letter[3]  ; ERROR       ;       ; 6.555 ; 6.555 ;       ;
; letter[3]  ; INDEX[0]    ; 6.209 ; 6.209 ; 6.209 ; 6.209 ;
; letter[3]  ; INDEX[1]    ; 6.471 ; 6.471 ; 6.471 ; 6.471 ;
; letter[3]  ; INDEX[2]    ; 6.633 ; 6.364 ; 6.364 ; 6.633 ;
; letter[3]  ; INDEX[3]    ; 6.106 ; 6.463 ; 6.463 ; 6.106 ;
; letter[3]  ; INDEX[4]    ; 6.127 ; 6.484 ; 6.484 ; 6.127 ;
; letter[4]  ; ERROR       ;       ; 6.487 ; 6.487 ;       ;
; letter[4]  ; INDEX[0]    ; 6.167 ; 6.167 ; 6.167 ; 6.167 ;
; letter[4]  ; INDEX[1]    ; 6.115 ; 6.115 ; 6.115 ; 6.115 ;
; letter[4]  ; INDEX[2]    ; 6.285 ; 7.011 ; 7.011 ; 6.285 ;
; letter[4]  ; INDEX[3]    ; 6.145 ; 6.473 ; 6.473 ; 6.145 ;
; letter[4]  ; INDEX[4]    ; 6.166 ; 6.494 ; 6.494 ; 6.166 ;
; letter[5]  ; ERROR       ;       ; 6.264 ; 6.264 ;       ;
; letter[5]  ; INDEX[0]    ; 5.913 ; 5.913 ; 5.913 ; 5.913 ;
; letter[5]  ; INDEX[1]    ; 6.179 ; 6.179 ; 6.179 ; 6.179 ;
; letter[5]  ; INDEX[2]    ; 6.054 ; 6.788 ; 6.788 ; 6.054 ;
; letter[5]  ; INDEX[3]    ; 6.108 ; 6.223 ; 6.223 ; 6.108 ;
; letter[5]  ; INDEX[4]    ; 6.129 ; 6.244 ; 6.244 ; 6.129 ;
; letter[6]  ; ERROR       ;       ; 6.528 ; 6.528 ;       ;
; letter[6]  ; INDEX[0]    ; 6.182 ; 6.182 ; 6.182 ; 6.182 ;
; letter[6]  ; INDEX[1]    ; 6.377 ; 6.377 ; 6.377 ; 6.377 ;
; letter[6]  ; INDEX[2]    ; 6.263 ; 7.052 ; 7.052 ; 6.263 ;
; letter[6]  ; INDEX[3]    ; 6.362 ; 6.039 ; 6.039 ; 6.362 ;
; letter[6]  ; INDEX[4]    ; 6.383 ; 6.060 ; 6.060 ; 6.383 ;
; letter[7]  ; ERROR       ;       ; 6.032 ; 6.032 ;       ;
; letter[7]  ; INDEX[0]    ; 5.951 ; 5.951 ; 5.951 ; 5.951 ;
; letter[7]  ; INDEX[1]    ; 6.081 ; 6.081 ; 6.081 ; 6.081 ;
; letter[7]  ; INDEX[2]    ; 5.947 ; 6.556 ; 6.556 ; 5.947 ;
; letter[7]  ; INDEX[3]    ; 6.046 ; 5.960 ; 5.960 ; 6.046 ;
; letter[7]  ; INDEX[4]    ; 6.067 ; 5.981 ; 5.981 ; 6.067 ;
; letter[8]  ; ERROR       ;       ; 5.924 ; 5.924 ;       ;
; letter[8]  ; INDEX[0]    ; 6.314 ; 6.132 ; 6.132 ; 6.314 ;
; letter[8]  ; INDEX[1]    ; 6.567 ; 6.567 ; 6.567 ; 6.567 ;
; letter[8]  ; INDEX[2]    ; 6.330 ; 6.249 ; 6.249 ; 6.330 ;
; letter[8]  ; INDEX[3]    ; 6.315 ; 6.279 ; 6.279 ; 6.315 ;
; letter[8]  ; INDEX[4]    ; 6.407 ; 6.407 ; 6.407 ; 6.407 ;
; letter[9]  ; ERROR       ;       ; 5.856 ; 5.856 ;       ;
; letter[9]  ; INDEX[0]    ; 6.231 ; 6.004 ; 6.004 ; 6.231 ;
; letter[9]  ; INDEX[1]    ; 6.509 ; 6.454 ; 6.454 ; 6.509 ;
; letter[9]  ; INDEX[2]    ; 6.262 ; 6.121 ; 6.121 ; 6.262 ;
; letter[9]  ; INDEX[3]    ; 6.257 ; 6.211 ; 6.211 ; 6.257 ;
; letter[9]  ; INDEX[4]    ; 6.349 ; 6.349 ; 6.349 ; 6.349 ;
; letter[10] ; ERROR       ;       ; 6.402 ; 6.402 ;       ;
; letter[10] ; INDEX[0]    ; 5.759 ; 6.002 ; 6.002 ; 5.759 ;
; letter[10] ; INDEX[1]    ; 6.054 ; 6.532 ; 6.532 ; 6.054 ;
; letter[10] ; INDEX[2]    ; 6.204 ; 6.180 ; 6.180 ; 6.204 ;
; letter[10] ; INDEX[3]    ; 6.103 ; 6.103 ; 6.103 ; 6.103 ;
; letter[10] ; INDEX[4]    ; 6.195 ; 6.195 ; 6.195 ; 6.195 ;
; letter[11] ; ERROR       ;       ; 6.547 ; 6.547 ;       ;
; letter[11] ; INDEX[0]    ; 6.014 ; 6.014 ; 6.014 ; 6.014 ;
; letter[11] ; INDEX[1]    ; 6.517 ; 6.517 ; 6.517 ; 6.517 ;
; letter[11] ; INDEX[2]    ; 6.724 ; 6.411 ; 6.411 ; 6.724 ;
; letter[11] ; INDEX[3]    ; 6.334 ; 6.334 ; 6.334 ; 6.334 ;
; letter[11] ; INDEX[4]    ; 6.426 ; 6.426 ; 6.426 ; 6.426 ;
; letter[12] ; ERROR       ;       ; 6.391 ; 6.391 ;       ;
; letter[12] ; INDEX[0]    ; 5.850 ; 5.850 ; 5.850 ; 5.850 ;
; letter[12] ; INDEX[1]    ; 6.418 ; 6.483 ; 6.483 ; 6.418 ;
; letter[12] ; INDEX[2]    ; 6.258 ; 6.775 ; 6.775 ; 6.258 ;
; letter[12] ; INDEX[3]    ; 6.181 ; 6.181 ; 6.181 ; 6.181 ;
; letter[12] ; INDEX[4]    ; 6.273 ; 6.273 ; 6.273 ; 6.273 ;
; letter[13] ; ERROR       ;       ; 6.170 ; 6.170 ;       ;
; letter[13] ; INDEX[0]    ; 5.993 ; 5.993 ; 5.993 ; 5.993 ;
; letter[13] ; INDEX[1]    ; 6.273 ; 6.273 ; 6.273 ; 6.273 ;
; letter[13] ; INDEX[2]    ; 6.427 ; 6.554 ; 6.554 ; 6.427 ;
; letter[13] ; INDEX[3]    ; 6.430 ; 6.430 ; 6.430 ; 6.430 ;
; letter[13] ; INDEX[4]    ; 6.522 ; 6.490 ; 6.490 ; 6.522 ;
; letter[14] ; ERROR       ;       ; 5.997 ; 5.997 ;       ;
; letter[14] ; INDEX[0]    ; 5.744 ; 5.744 ; 5.744 ; 5.744 ;
; letter[14] ; INDEX[1]    ; 6.017 ; 6.017 ; 6.017 ; 6.017 ;
; letter[14] ; INDEX[2]    ; 6.172 ; 6.381 ; 6.381 ; 6.172 ;
; letter[14] ; INDEX[3]    ; 6.181 ; 6.181 ; 6.181 ; 6.181 ;
; letter[14] ; INDEX[4]    ; 6.273 ; 6.235 ; 6.235 ; 6.273 ;
; letter[15] ; ERROR       ;       ; 5.828 ; 5.828 ;       ;
; letter[15] ; INDEX[0]    ; 5.940 ; 6.313 ; 6.313 ; 5.940 ;
; letter[15] ; INDEX[1]    ; 6.390 ; 6.586 ; 6.586 ; 6.390 ;
; letter[15] ; INDEX[2]    ; 6.051 ; 6.968 ; 6.968 ; 6.051 ;
; letter[15] ; INDEX[3]    ; 6.291 ; 6.183 ; 6.183 ; 6.291 ;
; letter[15] ; INDEX[4]    ; 6.383 ; 6.380 ; 6.380 ; 6.383 ;
; letter[16] ; ERROR       ;       ; 6.364 ; 6.364 ;       ;
; letter[16] ; INDEX[0]    ; 5.968 ; 5.741 ; 5.741 ; 5.968 ;
; letter[16] ; INDEX[1]    ; 6.494 ; 5.900 ; 5.900 ; 6.494 ;
; letter[16] ; INDEX[2]    ; 6.146 ; 6.050 ; 6.050 ; 6.146 ;
; letter[16] ; INDEX[3]    ; 6.069 ; 6.069 ; 6.069 ; 6.069 ;
; letter[16] ; INDEX[4]    ; 6.113 ; 6.161 ; 6.161 ; 6.113 ;
; letter[17] ; ERROR       ;       ; 5.758 ; 5.758 ;       ;
; letter[17] ; INDEX[0]    ; 5.874 ; 6.384 ; 6.384 ; 5.874 ;
; letter[17] ; INDEX[1]    ; 6.458 ; 6.029 ; 6.029 ; 6.458 ;
; letter[17] ; INDEX[2]    ; 5.716 ; 6.596 ; 6.596 ; 5.716 ;
; letter[17] ; INDEX[3]    ; 5.980 ; 6.113 ; 6.113 ; 5.980 ;
; letter[17] ; INDEX[4]    ; 6.371 ; 5.933 ; 5.933 ; 6.371 ;
; letter[18] ; ERROR       ;       ; 5.621 ; 5.621 ;       ;
; letter[18] ; INDEX[0]    ; 6.427 ; 5.776 ; 5.776 ; 6.427 ;
; letter[18] ; INDEX[1]    ; 5.955 ; 6.527 ; 6.527 ; 5.955 ;
; letter[18] ; INDEX[2]    ; 6.302 ; 5.642 ; 5.642 ; 6.302 ;
; letter[18] ; INDEX[3]    ; 6.205 ; 5.906 ; 5.906 ; 6.205 ;
; letter[18] ; INDEX[4]    ; 5.859 ; 6.173 ; 6.173 ; 5.859 ;
; letter[19] ; ERROR       ;       ; 6.167 ; 6.167 ;       ;
; letter[19] ; INDEX[0]    ; 5.730 ; 6.032 ; 6.032 ; 5.730 ;
; letter[19] ; INDEX[1]    ; 6.173 ; 6.224 ; 6.224 ; 6.173 ;
; letter[19] ; INDEX[2]    ; 6.675 ; 6.052 ; 6.052 ; 6.675 ;
; letter[19] ; INDEX[3]    ; 6.127 ; 5.971 ; 5.971 ; 6.127 ;
; letter[19] ; INDEX[4]    ; 5.924 ; 6.126 ; 6.126 ; 5.924 ;
; letter[20] ; ERROR       ;       ; 6.164 ; 6.164 ;       ;
; letter[20] ; INDEX[0]    ; 6.071 ; 5.667 ; 5.667 ; 6.071 ;
; letter[20] ; INDEX[1]    ; 6.296 ; 6.149 ; 6.149 ; 6.296 ;
; letter[20] ; INDEX[2]    ; 5.970 ; 6.403 ; 6.403 ; 5.970 ;
; letter[20] ; INDEX[3]    ; 5.889 ; 6.064 ; 6.064 ; 5.889 ;
; letter[20] ; INDEX[4]    ; 6.156 ; 5.842 ; 5.842 ; 6.156 ;
; letter[21] ; ERROR       ;       ; 6.214 ; 6.214 ;       ;
; letter[21] ; INDEX[0]    ; 5.884 ; 6.270 ; 6.270 ; 5.884 ;
; letter[21] ; INDEX[1]    ; 6.428 ; 5.962 ; 5.962 ; 6.428 ;
; letter[21] ; INDEX[2]    ; 6.234 ; 6.210 ; 6.210 ; 6.234 ;
; letter[21] ; INDEX[3]    ; 6.102 ; 6.102 ; 6.102 ; 6.102 ;
; letter[21] ; INDEX[4]    ; 6.175 ; 6.056 ; 6.056 ; 6.175 ;
; letter[22] ; ERROR       ;       ; 6.047 ; 6.047 ;       ;
; letter[22] ; INDEX[0]    ; 5.780 ; 5.792 ; 5.792 ; 5.780 ;
; letter[22] ; INDEX[1]    ; 5.803 ; 6.373 ; 6.373 ; 5.803 ;
; letter[22] ; INDEX[2]    ; 6.105 ; 6.075 ; 6.075 ; 6.105 ;
; letter[22] ; INDEX[3]    ; 6.001 ; 6.001 ; 6.001 ; 6.001 ;
; letter[22] ; INDEX[4]    ; 5.969 ; 5.977 ; 5.977 ; 5.969 ;
; letter[23] ; ERROR       ;       ; 5.447 ; 5.447 ;       ;
; letter[23] ; INDEX[0]    ; 5.771 ; 6.076 ; 6.076 ; 5.771 ;
; letter[23] ; INDEX[1]    ; 6.010 ; 6.268 ; 6.268 ; 6.010 ;
; letter[23] ; INDEX[2]    ; 5.955 ; 6.679 ; 6.679 ; 5.955 ;
; letter[23] ; INDEX[3]    ; 6.219 ; 5.805 ; 5.805 ; 6.219 ;
; letter[23] ; INDEX[4]    ; 6.458 ; 5.862 ; 5.862 ; 6.458 ;
; letter[24] ; ERROR       ;       ; 5.636 ; 5.636 ;       ;
; letter[24] ; INDEX[0]    ; 6.296 ; 5.885 ; 5.885 ; 6.296 ;
; letter[24] ; INDEX[1]    ; 6.339 ; 6.151 ; 6.151 ; 6.339 ;
; letter[24] ; INDEX[2]    ; 6.144 ; 6.132 ; 6.132 ; 6.144 ;
; letter[24] ; INDEX[3]    ; 6.408 ; 5.994 ; 5.994 ; 6.408 ;
; letter[24] ; INDEX[4]    ; 6.003 ; 6.191 ; 6.191 ; 6.003 ;
; letter[25] ; ERROR       ;       ; 5.389 ; 5.389 ;       ;
; letter[25] ; INDEX[0]    ; 6.026 ; 5.986 ; 5.986 ; 6.026 ;
; letter[25] ; INDEX[1]    ; 6.251 ; 6.100 ; 6.100 ; 6.251 ;
; letter[25] ; INDEX[2]    ; 6.141 ; 6.081 ; 6.081 ; 6.141 ;
; letter[25] ; INDEX[3]    ; 5.755 ; 6.623 ; 6.623 ; 5.755 ;
; letter[25] ; INDEX[4]    ; 5.952 ; 6.103 ; 6.103 ; 5.952 ;
+------------+-------------+-------+-------+-------+-------+


-------------------
; Clock Transfers ;
-------------------
Nothing to report.


---------------
; Report TCCS ;
---------------
No dedicated SERDES Transmitter circuitry present in device or used in design


---------------
; Report RSKM ;
---------------
No dedicated SERDES Receiver circuitry present in device or used in design


+------------------------------------------------+
; Unconstrained Paths                            ;
+---------------------------------+-------+------+
; Property                        ; Setup ; Hold ;
+---------------------------------+-------+------+
; Illegal Clocks                  ; 0     ; 0    ;
; Unconstrained Clocks            ; 0     ; 0    ;
; Unconstrained Input Ports       ; 26    ; 26   ;
; Unconstrained Input Port Paths  ; 156   ; 156  ;
; Unconstrained Output Ports      ; 6     ; 6    ;
; Unconstrained Output Port Paths ; 156   ; 156  ;
+---------------------------------+-------+------+


+------------------------------------+
; TimeQuest Timing Analyzer Messages ;
+------------------------------------+
Info: *******************************************************************
Info: Running Quartus II 64-Bit TimeQuest Timing Analyzer
    Info: Version 13.0.1 Build 232 06/12/2013 Service Pack 1 SJ Web Edition
    Info: Processing started: Mon Feb 15 11:03:55 2016
Info: Command: quartus_sta g47_lab2 -c g47_lab2
Info: qsta_default_script.tcl version: #1
Info (20030): Parallel compilation is enabled and will use 2 of the 2 processors detected
Info (21077): Low junction temperature is 0 degrees C
Info (21077): High junction temperature is 85 degrees C
Critical Warning (332012): Synopsys Design Constraints File file not found: 'g47_lab2.sdc'. A Synopsys Design Constraints File is required by the TimeQuest Timing Analyzer to get proper timing constraints. Without it, the Compiler will not properly optimize the design.
Info (332142): No user constrained base clocks found in the design. Calling "derive_clocks -period 1.0"
Info (332096): The command derive_clocks did not find any clocks to derive.  No clocks were created or changed.
Warning (332068): No clocks defined in design.
Info: Found TIMEQUEST_REPORT_SCRIPT_INCLUDE_DEFAULT_ANALYSIS = ON
Info (332159): No clocks to report
Info: Analyzing Slow Model
Info (332140): No fmax paths to report
Info (332140): No Setup paths to report
Info (332140): No Hold paths to report
Info (332140): No Recovery paths to report
Info (332140): No Removal paths to report
Info (332140): No Minimum Pulse Width paths to report
Info (332001): The selected device family is not supported by the report_metastability command.
Info: Analyzing Fast Model
Info (332142): No user constrained base clocks found in the design. Calling "derive_clocks -period 1.0"
Info (332096): The command derive_clocks did not find any clocks to derive.  No clocks were created or changed.
Warning (332068): No clocks defined in design.
Info (332140): No Setup paths to report
Info (332140): No Hold paths to report
Info (332140): No Recovery paths to report
Info (332140): No Removal paths to report
Info (332140): No Minimum Pulse Width paths to report
Info (332001): The selected device family is not supported by the report_metastability command.
Info (332102): Design is not fully constrained for setup requirements
Info (332102): Design is not fully constrained for hold requirements
Info: Quartus II 64-Bit TimeQuest Timing Analyzer was successful. 0 errors, 3 warnings
    Info: Peak virtual memory: 444 megabytes
    Info: Processing ended: Mon Feb 15 11:03:56 2016
    Info: Elapsed time: 00:00:01
    Info: Total CPU time (on all processors): 00:00:01


